<?xml version="1.0" encoding="utf-8"?>
<TestRun id="aabb310d-dc77-4029-aaaa-346fbbfb512f" name="leonardc@UNOPSGC520030 2025-12-19 07:04:22" runUser="CRP\leonardc" xmlns="http://microsoft.com/schemas/VisualStudio/TeamTest/2010">
  <Times creation="2025-12-19T07:04:22.2331830+01:00" queuing="2025-12-19T07:04:22.2331838+01:00" start="2025-12-19T07:04:18.4682002+01:00" finish="2025-12-19T07:04:22.9812869+01:00" />
  <TestSettings name="default" id="0e08919c-8b5d-4a08-8566-9bec8b387342">
    <Deployment runDeploymentRoot="leonardc_UNOPSGC520030_2025-12-19_07_04_22" />
  </TestSettings>
  <Results>
    <UnitTestResult executionId="d6b73f80-3495-43d0-86d9-46d68ea4ca29" testId="5117208d-ff07-104a-9274-ca18fd05a568" testName="UNOPS.PAO.Business.Tests.EdgeCases.OrganizationHierarchyManagerEdgeCaseTests.Organization_WithUnicodeName_Should_BeHandled" computerName="UNOPSGC520030" duration="00:00:00.0068312" startTime="2025-12-19T07:04:22.0725317+01:00" endTime="2025-12-19T07:04:22.0725318+01:00" testType="13cdc9d9-ddb5-4fa4-a97d-d965ccfc6d4b" outcome="Passed" testListId="8c84fa94-04c1-424b-9868-57a2d4851a1d" relativeResultsDirectory="d6b73f80-3495-43d0-86d9-46d68ea4ca29" />
    <UnitTestResult executionId="52bd0c63-10d1-41da-86fa-d22a8ba2cd4b" testId="3cfd1a5c-eff5-b1fb-7efa-241535e1c3d3" testName="UNOPS.PAO.Business.Tests.Managers.DocumentManagerTests.CreateDocument_Should_PersistDocument" computerName="UNOPSGC520030" duration="00:00:00.0033124" startTime="2025-12-19T07:04:22.2564431+01:00" endTime="2025-12-19T07:04:22.2564432+01:00" testType="13cdc9d9-ddb5-4fa4-a97d-d965ccfc6d4b" outcome="Passed" testListId="8c84fa94-04c1-424b-9868-57a2d4851a1d" relativeResultsDirectory="52bd0c63-10d1-41da-86fa-d22a8ba2cd4b" />
    <UnitTestResult executionId="d1d74438-c6d7-402f-9c7e-a8109f489184" testId="9622bbda-0fd9-7369-1f96-233703dea721" testName="UNOPS.PAO.Business.Tests.EdgeCases.ContactEdgeCaseTests.GetContactById_WithNegativeId_Should_ReturnNull" computerName="UNOPSGC520030" duration="00:00:00.0033706" startTime="2025-12-19T07:04:22.7501777+01:00" endTime="2025-12-19T07:04:22.7501782+01:00" testType="13cdc9d9-ddb5-4fa4-a97d-d965ccfc6d4b" outcome="Passed" testListId="8c84fa94-04c1-424b-9868-57a2d4851a1d" relativeResultsDirectory="d1d74438-c6d7-402f-9c7e-a8109f489184" />
    <UnitTestResult executionId="a468b98c-94b8-489a-a4de-c11f72b28772" testId="b8a057d1-1f70-3454-6ec9-39fd4e010177" testName="UNOPS.PAO.Business.Tests.Performance.ContactPerformanceTests.SearchContacts_Should_CompleteWithinThreshold" computerName="UNOPSGC520030" duration="00:00:00.0770166" startTime="2025-12-19T07:04:22.4554893+01:00" endTime="2025-12-19T07:04:22.4554901+01:00" testType="13cdc9d9-ddb5-4fa4-a97d-d965ccfc6d4b" outcome="Passed" testListId="8c84fa94-04c1-424b-9868-57a2d4851a1d" relativeResultsDirectory="a468b98c-94b8-489a-a4de-c11f72b28772" />
    <UnitTestResult executionId="d4c6dddf-d780-4aa6-a2f5-f035887dc8ed" testId="6d75e14b-385f-ecc5-df51-44e113cfd68e" testName="UNOPS.PAO.Business.Tests.EdgeCases.OrganizationHierarchyManagerEdgeCaseTests.Organization_WithSelfReferenceParent_Should_BeStorable" computerName="UNOPSGC520030" duration="00:00:02.0186614" startTime="2025-12-19T07:04:21.9178229+01:00" endTime="2025-12-19T07:04:21.9178550+01:00" testType="13cdc9d9-ddb5-4fa4-a97d-d965ccfc6d4b" outcome="Passed" testListId="8c84fa94-04c1-424b-9868-57a2d4851a1d" relativeResultsDirectory="d4c6dddf-d780-4aa6-a2f5-f035887dc8ed" />
    <UnitTestResult executionId="d1f20f72-8358-442c-811d-139ce78a3265" testId="9b884b5d-3c99-869b-f422-7b1a2e919c27" testName="UNOPS.PAO.Business.Tests.Performance.ContactPerformanceTests.GetContactById_Should_CompleteWithinThreshold" computerName="UNOPSGC520030" duration="00:00:00.0712684" startTime="2025-12-19T07:04:22.5474609+01:00" endTime="2025-12-19T07:04:22.5474615+01:00" testType="13cdc9d9-ddb5-4fa4-a97d-d965ccfc6d4b" outcome="Passed" testListId="8c84fa94-04c1-424b-9868-57a2d4851a1d" relativeResultsDirectory="d1f20f72-8358-442c-811d-139ce78a3265" />
    <UnitTestResult executionId="0b611320-d36f-4afe-841d-3756c0108cf1" testId="458a2137-c686-efee-715a-ce2c149ea9f4" testName="UNOPS.PAO.Business.Tests.Concurrency.ContactConcurrencyTests.ConcurrentContactCreation_ShouldCreateAll" computerName="UNOPSGC520030" duration="00:00:00.0127575" startTime="2025-12-19T07:04:22.8444182+01:00" endTime="2025-12-19T07:04:22.8444184+01:00" testType="13cdc9d9-ddb5-4fa4-a97d-d965ccfc6d4b" outcome="Passed" testListId="8c84fa94-04c1-424b-9868-57a2d4851a1d" relativeResultsDirectory="0b611320-d36f-4afe-841d-3756c0108cf1" />
    <UnitTestResult executionId="8c3695bd-fe35-4880-a3c4-62fdd7a86149" testId="4eeb94f3-8a98-dfbf-cc21-554ab9413a6c" testName="UNOPS.PAO.Business.Tests.Managers.ContactManagerTests.UpdateContact_Should_UpdateFields" computerName="UNOPSGC520030" duration="00:00:00.1898671" startTime="2025-12-19T07:04:22.3043064+01:00" endTime="2025-12-19T07:04:22.3043065+01:00" testType="13cdc9d9-ddb5-4fa4-a97d-d965ccfc6d4b" outcome="Passed" testListId="8c84fa94-04c1-424b-9868-57a2d4851a1d" relativeResultsDirectory="8c3695bd-fe35-4880-a3c4-62fdd7a86149" />
    <UnitTestResult executionId="16169332-9567-43a9-b694-c9aa9a9b207b" testId="48e2c848-770a-faa0-0187-27c5f4f8dcac" testName="UNOPS.PAO.Business.Tests.Managers.ContactManagerTests.GetContacts_Should_ReturnAllContacts" computerName="UNOPSGC520030" duration="00:00:00.0027766" startTime="2025-12-19T07:04:22.3374100+01:00" endTime="2025-12-19T07:04:22.3374100+01:00" testType="13cdc9d9-ddb5-4fa4-a97d-d965ccfc6d4b" outcome="Passed" testListId="8c84fa94-04c1-424b-9868-57a2d4851a1d" relativeResultsDirectory="16169332-9567-43a9-b694-c9aa9a9b207b" />
    <UnitTestResult executionId="f7e710e3-565a-48de-9f21-c2f43cdd7d6f" testId="b65a9b95-a5ff-8645-9d94-866d2bbc35e7" testName="UNOPS.PAO.Business.Tests.Managers.OrganizationHierarchyManagerTests.GetOrganizationById_Should_ReturnNull_When_NotExists" computerName="UNOPSGC520030" duration="00:00:00.9219446" startTime="2025-12-19T07:04:21.9523996+01:00" endTime="2025-12-19T07:04:21.9524000+01:00" testType="13cdc9d9-ddb5-4fa4-a97d-d965ccfc6d4b" outcome="Passed" testListId="8c84fa94-04c1-424b-9868-57a2d4851a1d" relativeResultsDirectory="f7e710e3-565a-48de-9f21-c2f43cdd7d6f" />
    <UnitTestResult executionId="74b13ff6-8f1a-4fde-9448-be324fb500cc" testId="a115c9e8-e76f-7f31-918c-c01c42befa8a" testName="UNOPS.PAO.Business.Tests.Managers.InteractionManagerTests.GetInteractionsByDateRange_Should_FilterCorrectly" computerName="UNOPSGC520030" duration="00:00:02.1927648" startTime="2025-12-19T07:04:22.1219299+01:00" endTime="2025-12-19T07:04:22.1219300+01:00" testType="13cdc9d9-ddb5-4fa4-a97d-d965ccfc6d4b" outcome="Passed" testListId="8c84fa94-04c1-424b-9868-57a2d4851a1d" relativeResultsDirectory="74b13ff6-8f1a-4fde-9448-be324fb500cc" />
    <UnitTestResult executionId="61475c79-4a75-4f1d-bf0f-5082cb3d8cf6" testId="17943929-afc7-16b9-ee75-7d9d17787d27" testName="UNOPS.PAO.Business.Tests.EdgeCases.OrganizationHierarchyManagerEdgeCaseTests.Organization_WithNonExistentParentId_Should_BeStorable" computerName="UNOPSGC520030" duration="00:00:00.0027954" startTime="2025-12-19T07:04:22.1216691+01:00" endTime="2025-12-19T07:04:22.1216695+01:00" testType="13cdc9d9-ddb5-4fa4-a97d-d965ccfc6d4b" outcome="Passed" testListId="8c84fa94-04c1-424b-9868-57a2d4851a1d" relativeResultsDirectory="61475c79-4a75-4f1d-bf0f-5082cb3d8cf6" />
    <UnitTestResult executionId="c1518456-f04d-4b35-bb30-ff841b66a7d9" testId="d3222026-cdad-50b2-53d5-26f5d897201f" testName="UNOPS.PAO.Business.Tests.EdgeCases.OrganizationHierarchyManagerEdgeCaseTests.Organization_WithAllTypes_Should_BeQueryable" computerName="UNOPSGC520030" duration="00:00:00.1025385" startTime="2025-12-19T07:04:22.0723160+01:00" endTime="2025-12-19T07:04:22.0723161+01:00" testType="13cdc9d9-ddb5-4fa4-a97d-d965ccfc6d4b" outcome="Passed" testListId="8c84fa94-04c1-424b-9868-57a2d4851a1d" relativeResultsDirectory="c1518456-f04d-4b35-bb30-ff841b66a7d9" />
    <UnitTestResult executionId="b1661cc4-d37c-4e5e-a1e1-639feb582c3e" testId="71f1574e-c883-dda4-9032-c8b5e34828ee" testName="UNOPS.PAO.Business.Tests.EdgeCases.OrganizationHierarchyManagerEdgeCaseTests.GetOrganizationsByType_WithNoMatches_Should_ReturnEmpty" computerName="UNOPSGC520030" duration="00:00:00.0030909" startTime="2025-12-19T07:04:22.0752472+01:00" endTime="2025-12-19T07:04:22.0752473+01:00" testType="13cdc9d9-ddb5-4fa4-a97d-d965ccfc6d4b" outcome="Passed" testListId="8c84fa94-04c1-424b-9868-57a2d4851a1d" relativeResultsDirectory="b1661cc4-d37c-4e5e-a1e1-639feb582c3e" />
    <UnitTestResult executionId="592a99f8-f069-467d-bfd7-eae644f0a19c" testId="0003c3fd-b215-2bc4-9d98-7ccd680e3fc4" testName="UNOPS.PAO.Business.Tests.EdgeCases.ContactEdgeCaseTests.Contact_WithSpecialCharactersInEmail_Should_BeHandled" computerName="UNOPSGC520030" duration="00:00:00.0029814" startTime="2025-12-19T07:04:22.7416689+01:00" endTime="2025-12-19T07:04:22.7416691+01:00" testType="13cdc9d9-ddb5-4fa4-a97d-d965ccfc6d4b" outcome="Passed" testListId="8c84fa94-04c1-424b-9868-57a2d4851a1d" relativeResultsDirectory="592a99f8-f069-467d-bfd7-eae644f0a19c" />
    <UnitTestResult executionId="2236d7a3-61fa-4b83-ab1d-35f8a5ca2b7f" testId="66550a2d-3826-4694-6370-ac6aecb3d420" testName="UNOPS.PAO.Business.Tests.Concurrency.ContactConcurrencyTests.ConcurrentOperations_ShouldCompleteWithinTimeout" computerName="UNOPSGC520030" duration="00:00:00.2662279" startTime="2025-12-19T07:04:22.8030274+01:00" endTime="2025-12-19T07:04:22.8030283+01:00" testType="13cdc9d9-ddb5-4fa4-a97d-d965ccfc6d4b" outcome="Passed" testListId="8c84fa94-04c1-424b-9868-57a2d4851a1d" relativeResultsDirectory="2236d7a3-61fa-4b83-ab1d-35f8a5ca2b7f" />
    <UnitTestResult executionId="a0847ff1-426d-4b88-988b-4292f8fde69a" testId="d14f0f51-6b49-9911-47a4-099b5a038a9c" testName="UNOPS.PAO.Business.Tests.Concurrency.ContactConcurrencyTests.ConcurrentGetContacts_ShouldReturnConsistent" computerName="UNOPSGC520030" duration="00:00:00.2819945" startTime="2025-12-19T07:04:22.5475972+01:00" endTime="2025-12-19T07:04:22.5475973+01:00" testType="13cdc9d9-ddb5-4fa4-a97d-d965ccfc6d4b" outcome="Passed" testListId="8c84fa94-04c1-424b-9868-57a2d4851a1d" relativeResultsDirectory="a0847ff1-426d-4b88-988b-4292f8fde69a" />
    <UnitTestResult executionId="96e165b8-3fef-466b-a280-821c33c927c5" testId="76174394-e82d-d190-c0ea-f14a48dadeb1" testName="UNOPS.PAO.Business.Tests.Managers.ContactManagerTests.GetContactById_Should_ReturnNull_When_NotExists" computerName="UNOPSGC520030" duration="00:00:00.0249896" startTime="2025-12-19T07:04:22.1231778+01:00" endTime="2025-12-19T07:04:22.1231778+01:00" testType="13cdc9d9-ddb5-4fa4-a97d-d965ccfc6d4b" outcome="Passed" testListId="8c84fa94-04c1-424b-9868-57a2d4851a1d" relativeResultsDirectory="96e165b8-3fef-466b-a280-821c33c927c5" />
    <UnitTestResult executionId="b2150e17-959b-47cb-a351-b63d7cb93f42" testId="d1597e31-21d7-15ef-9610-3633b59d94d7" testName="UNOPS.PAO.Business.Tests.Integration.ContactIntegrationTests.Contact_CanBeCreatedWithPartner" computerName="UNOPSGC520030" duration="00:00:00.2332959" startTime="2025-12-19T07:04:22.6456955+01:00" endTime="2025-12-19T07:04:22.6456961+01:00" testType="13cdc9d9-ddb5-4fa4-a97d-d965ccfc6d4b" outcome="Passed" testListId="8c84fa94-04c1-424b-9868-57a2d4851a1d" relativeResultsDirectory="b2150e17-959b-47cb-a351-b63d7cb93f42" />
    <UnitTestResult executionId="84645b73-eb8e-454c-b5c0-e07990b7a094" testId="73a8161b-3fa6-d72a-ed3c-aa2b4736a1aa" testName="UNOPS.PAO.Business.Tests.Managers.InteractionManagerTests.GetAllInteractions_Should_ReturnAllInteractions" computerName="UNOPSGC520030" duration="00:00:00.0132038" startTime="2025-12-19T07:04:22.2225245+01:00" endTime="2025-12-19T07:04:22.2225246+01:00" testType="13cdc9d9-ddb5-4fa4-a97d-d965ccfc6d4b" outcome="Passed" testListId="8c84fa94-04c1-424b-9868-57a2d4851a1d" relativeResultsDirectory="84645b73-eb8e-454c-b5c0-e07990b7a094" />
    <UnitTestResult executionId="0b93c7ba-9645-4fa0-8389-3ee1ed6b7fda" testId="bd1e3442-2e27-06be-21ad-f497fda6b1b8" testName="UNOPS.PAO.Business.Tests.EdgeCases.PartnerTreeManagerEdgeCaseTests.PartnerTree_WithEmptyCode_Should_BeHandled" computerName="UNOPSGC520030" duration="00:00:00.0028463" startTime="2025-12-19T07:04:22.1228767+01:00" endTime="2025-12-19T07:04:22.1228768+01:00" testType="13cdc9d9-ddb5-4fa4-a97d-d965ccfc6d4b" outcome="Passed" testListId="8c84fa94-04c1-424b-9868-57a2d4851a1d" relativeResultsDirectory="0b93c7ba-9645-4fa0-8389-3ee1ed6b7fda" />
    <UnitTestResult executionId="3e5b05d3-9c1c-4648-ae4c-7d714a236e4f" testId="c2197f8b-4f59-36ca-4219-803e8ffe743c" testName="UNOPS.PAO.Business.Tests.EdgeCases.ContactEdgeCaseTests.Contact_WithEmptyOptionalFields_Should_BeCreated" computerName="UNOPSGC520030" duration="00:00:00.0051253" startTime="2025-12-19T07:04:22.7538979+01:00" endTime="2025-12-19T07:04:22.7538982+01:00" testType="13cdc9d9-ddb5-4fa4-a97d-d965ccfc6d4b" outcome="Passed" testListId="8c84fa94-04c1-424b-9868-57a2d4851a1d" relativeResultsDirectory="3e5b05d3-9c1c-4648-ae4c-7d714a236e4f" />
    <UnitTestResult executionId="8a13d42b-aaf2-4ab3-a371-ec4132e221fa" testId="49bc7034-d3c5-a24f-27d2-3d4d6e7b2fac" testName="UNOPS.PAO.Business.Tests.Managers.DocumentManagerTests.GetDocumentsByType_Should_FilterCorrectly" computerName="UNOPSGC520030" duration="00:00:00.0143349" startTime="2025-12-19T07:04:22.3044045+01:00" endTime="2025-12-19T07:04:22.3044045+01:00" testType="13cdc9d9-ddb5-4fa4-a97d-d965ccfc6d4b" outcome="Passed" testListId="8c84fa94-04c1-424b-9868-57a2d4851a1d" relativeResultsDirectory="8a13d42b-aaf2-4ab3-a371-ec4132e221fa" />
    <UnitTestResult executionId="084e439d-4be7-42e1-a11b-b39aa56a5ed1" testId="0d3610c9-ecae-4526-0872-8eeafa1a7b38" testName="UNOPS.PAO.Business.Tests.EdgeCases.OrganizationHierarchyManagerEdgeCaseTests.GetOrganizationById_WithZeroId_Should_ReturnNull" computerName="UNOPSGC520030" duration="00:00:00.0275521" startTime="2025-12-19T07:04:21.9522587+01:00" endTime="2025-12-19T07:04:21.9522596+01:00" testType="13cdc9d9-ddb5-4fa4-a97d-d965ccfc6d4b" outcome="Passed" testListId="8c84fa94-04c1-424b-9868-57a2d4851a1d" relativeResultsDirectory="084e439d-4be7-42e1-a11b-b39aa56a5ed1" />
    <UnitTestResult executionId="f94c8965-9031-45fb-9c8e-764f883cce51" testId="91f06361-3998-ad32-82cc-17c700356483" testName="UNOPS.PAO.Business.Tests.Managers.PartnerManagerTests.UpdatePartner_Should_UpdateFields" computerName="UNOPSGC520030" duration="00:00:00.0040902" startTime="2025-12-19T07:04:22.6124604+01:00" endTime="2025-12-19T07:04:22.6124607+01:00" testType="13cdc9d9-ddb5-4fa4-a97d-d965ccfc6d4b" outcome="Passed" testListId="8c84fa94-04c1-424b-9868-57a2d4851a1d" relativeResultsDirectory="f94c8965-9031-45fb-9c8e-764f883cce51" />
    <UnitTestResult executionId="a45441e2-00e4-41c7-9149-f79671b17418" testId="c636404d-bd2e-9e57-b048-2a2f1df1e9cc" testName="UNOPS.PAO.Business.Tests.EdgeCases.PartnerTreeManagerEdgeCaseTests.GetPartnerTree_WithZeroId_Should_ReturnNull" computerName="UNOPSGC520030" duration="00:00:00.1393774" startTime="2025-12-19T07:04:22.0724293+01:00" endTime="2025-12-19T07:04:22.0724294+01:00" testType="13cdc9d9-ddb5-4fa4-a97d-d965ccfc6d4b" outcome="Passed" testListId="8c84fa94-04c1-424b-9868-57a2d4851a1d" relativeResultsDirectory="a45441e2-00e4-41c7-9149-f79671b17418" />
    <UnitTestResult executionId="e3b4299a-c10d-4da4-b4a6-cd93c7e0a077" testId="9c2e93fe-1726-0887-7bd9-cf4602d49fb2" testName="UNOPS.PAO.Business.Tests.Managers.ContactManagerTests.SearchContacts_Should_FilterByName" computerName="UNOPSGC520030" duration="00:00:00.0232189" startTime="2025-12-19T07:04:22.3371985+01:00" endTime="2025-12-19T07:04:22.3371989+01:00" testType="13cdc9d9-ddb5-4fa4-a97d-d965ccfc6d4b" outcome="Passed" testListId="8c84fa94-04c1-424b-9868-57a2d4851a1d" relativeResultsDirectory="e3b4299a-c10d-4da4-b4a6-cd93c7e0a077" />
    <UnitTestResult executionId="99bcef0c-ae45-43b0-8855-7b95192b2f4e" testId="a760e578-0a06-1a47-4924-812736327115" testName="UNOPS.PAO.Business.Tests.Managers.InteractionManagerTests.DeleteInteraction_Should_SoftDelete" computerName="UNOPSGC520030" duration="00:00:00.0072643" startTime="2025-12-19T07:04:22.2555708+01:00" endTime="2025-12-19T07:04:22.2555709+01:00" testType="13cdc9d9-ddb5-4fa4-a97d-d965ccfc6d4b" outcome="Passed" testListId="8c84fa94-04c1-424b-9868-57a2d4851a1d" relativeResultsDirectory="99bcef0c-ae45-43b0-8855-7b95192b2f4e" />
    <UnitTestResult executionId="61286278-524a-43a1-a311-0e6125ca4470" testId="ff2f118d-6ca3-05e7-913b-57e7a80fc921" testName="UNOPS.PAO.Business.Tests.EdgeCases.OrganizationHierarchyManagerEdgeCaseTests.Organization_WithEmptyCode_Should_BeStorable" computerName="UNOPSGC520030" duration="00:00:00.0036417" startTime="2025-12-19T07:04:22.0751558+01:00" endTime="2025-12-19T07:04:22.0751558+01:00" testType="13cdc9d9-ddb5-4fa4-a97d-d965ccfc6d4b" outcome="Passed" testListId="8c84fa94-04c1-424b-9868-57a2d4851a1d" relativeResultsDirectory="61286278-524a-43a1-a311-0e6125ca4470" />
    <UnitTestResult executionId="2a654be5-a524-41ca-8172-03a26aa209bc" testId="35fe42f7-4330-f990-9e1c-c8b3bcac9923" testName="UNOPS.PAO.Business.Tests.EdgeCases.ContactEdgeCaseTests.SearchContacts_WithNoMatches_Should_ReturnEmpty" computerName="UNOPSGC520030" duration="00:00:00.0201022" startTime="2025-12-19T07:04:22.7743827+01:00" endTime="2025-12-19T07:04:22.7743833+01:00" testType="13cdc9d9-ddb5-4fa4-a97d-d965ccfc6d4b" outcome="Passed" testListId="8c84fa94-04c1-424b-9868-57a2d4851a1d" relativeResultsDirectory="2a654be5-a524-41ca-8172-03a26aa209bc" />
    <UnitTestResult executionId="06941096-34fa-40d5-b372-5fb04d08ec52" testId="d22e55e4-2ad0-c38e-3420-2afc4ca332f3" testName="UNOPS.PAO.Business.Tests.EdgeCases.PartnerTreeManagerEdgeCaseTests.PartnerTree_WithVeryLongName_Should_BeHandled" computerName="UNOPSGC520030" duration="00:00:00.0030214" startTime="2025-12-19T07:04:22.1230738+01:00" endTime="2025-12-19T07:04:22.1230739+01:00" testType="13cdc9d9-ddb5-4fa4-a97d-d965ccfc6d4b" outcome="Passed" testListId="8c84fa94-04c1-424b-9868-57a2d4851a1d" relativeResultsDirectory="06941096-34fa-40d5-b372-5fb04d08ec52" />
    <UnitTestResult executionId="cabbe8e1-6c37-4f27-9f01-694fc2d5884b" testId="3958190f-7c07-a6d8-4530-68ebdb15a161" testName="UNOPS.PAO.Business.Tests.Managers.InteractionManagerTests.UpdateInteraction_Should_UpdateFields" computerName="UNOPSGC520030" duration="00:00:00.0960347" startTime="2025-12-19T07:04:22.2219494+01:00" endTime="2025-12-19T07:04:22.2219499+01:00" testType="13cdc9d9-ddb5-4fa4-a97d-d965ccfc6d4b" outcome="Passed" testListId="8c84fa94-04c1-424b-9868-57a2d4851a1d" relativeResultsDirectory="cabbe8e1-6c37-4f27-9f01-694fc2d5884b" />
    <UnitTestResult executionId="ca27dc9f-cb89-4196-9bbb-65f5cc893e7d" testId="de9e964b-415b-08dd-1938-560dd7e89fd7" testName="UNOPS.PAO.Business.Tests.EdgeCases.OrganizationHierarchyManagerEdgeCaseTests.Organization_WithVeryLongName_Should_BeHandled" computerName="UNOPSGC520030" duration="00:00:00.0028304" startTime="2025-12-19T07:04:22.0727026+01:00" endTime="2025-12-19T07:04:22.0727027+01:00" testType="13cdc9d9-ddb5-4fa4-a97d-d965ccfc6d4b" outcome="Passed" testListId="8c84fa94-04c1-424b-9868-57a2d4851a1d" relativeResultsDirectory="ca27dc9f-cb89-4196-9bbb-65f5cc893e7d" />
    <UnitTestResult executionId="a1c089b8-7262-4395-9e21-788e516806b5" testId="1432aa8c-89e2-547a-d616-c135f8972b1d" testName="UNOPS.PAO.Business.Tests.EdgeCases.OrganizationHierarchyManagerEdgeCaseTests.GetAllOrganizations_EmptyDatabase_Should_ReturnEmpty" computerName="UNOPSGC520030" duration="00:00:00.0017504" startTime="2025-12-19T07:04:22.0753257+01:00" endTime="2025-12-19T07:04:22.0753257+01:00" testType="13cdc9d9-ddb5-4fa4-a97d-d965ccfc6d4b" outcome="Passed" testListId="8c84fa94-04c1-424b-9868-57a2d4851a1d" relativeResultsDirectory="a1c089b8-7262-4395-9e21-788e516806b5" />
    <UnitTestResult executionId="c1f466c5-e08a-4c6c-9e35-98f470291227" testId="1c9d195a-fbc2-b900-bd68-81c4cbab6645" testName="UNOPS.PAO.Business.Tests.Managers.DocumentManagerTests.GetDocumentById_Should_ReturnNull_When_NotExists" computerName="UNOPSGC520030" duration="00:00:00.0039171" startTime="2025-12-19T07:04:22.3042140+01:00" endTime="2025-12-19T07:04:22.3042141+01:00" testType="13cdc9d9-ddb5-4fa4-a97d-d965ccfc6d4b" outcome="Passed" testListId="8c84fa94-04c1-424b-9868-57a2d4851a1d" relativeResultsDirectory="c1f466c5-e08a-4c6c-9e35-98f470291227" />
    <UnitTestResult executionId="31caa12d-6aeb-4ffb-b64f-ff518eacc4db" testId="caa4ef14-db07-656f-62c6-95845c472e1d" testName="UNOPS.PAO.Business.Tests.EdgeCases.PartnerTreeManagerEdgeCaseTests.GetPartnerTrees_EmptyParentVsNullParent_Should_BothBeRoots" computerName="UNOPSGC520030" duration="00:00:00.0225608" startTime="2025-12-19T07:04:22.1676298+01:00" endTime="2025-12-19T07:04:22.1676306+01:00" testType="13cdc9d9-ddb5-4fa4-a97d-d965ccfc6d4b" outcome="Passed" testListId="8c84fa94-04c1-424b-9868-57a2d4851a1d" relativeResultsDirectory="31caa12d-6aeb-4ffb-b64f-ff518eacc4db" />
    <UnitTestResult executionId="39103fe4-de22-4768-9e82-4c3ba4eb7c90" testId="a7c8ff43-8a90-7214-e09e-98aa639787bf" testName="UNOPS.PAO.Business.Tests.EdgeCases.ContactEdgeCaseTests.GetContactById_WithZeroId_Should_ReturnNull" computerName="UNOPSGC520030" duration="00:00:00.0028777" startTime="2025-12-19T07:04:22.6396483+01:00" endTime="2025-12-19T07:04:22.6396488+01:00" testType="13cdc9d9-ddb5-4fa4-a97d-d965ccfc6d4b" outcome="Passed" testListId="8c84fa94-04c1-424b-9868-57a2d4851a1d" relativeResultsDirectory="39103fe4-de22-4768-9e82-4c3ba4eb7c90" />
    <UnitTestResult executionId="a2d0f55f-88d2-4b33-9003-da0a8a6b4a50" testId="22206988-c125-aba4-53ea-67e8a2a92470" testName="UNOPS.PAO.Business.Tests.Managers.ContactManagerTests.GetContactsByPartner_Should_ReturnFilteredContacts" computerName="UNOPSGC520030" duration="00:00:00.0771339" startTime="2025-12-19T07:04:22.4119685+01:00" endTime="2025-12-19T07:04:22.4119690+01:00" testType="13cdc9d9-ddb5-4fa4-a97d-d965ccfc6d4b" outcome="Passed" testListId="8c84fa94-04c1-424b-9868-57a2d4851a1d" relativeResultsDirectory="a2d0f55f-88d2-4b33-9003-da0a8a6b4a50" />
    <UnitTestResult executionId="8dc8c217-ee14-4bd3-9964-af404c542348" testId="08de13b3-e0a0-4672-a712-be902a345a63" testName="UNOPS.PAO.Business.Tests.EdgeCases.PartnerTreeManagerEdgeCaseTests.GetPartnerTrees_WithAllRoots_Should_ReturnAll" computerName="UNOPSGC520030" duration="00:00:00.0281148" startTime="2025-12-19T07:04:22.1220393+01:00" endTime="2025-12-19T07:04:22.1220394+01:00" testType="13cdc9d9-ddb5-4fa4-a97d-d965ccfc6d4b" outcome="Passed" testListId="8c84fa94-04c1-424b-9868-57a2d4851a1d" relativeResultsDirectory="8dc8c217-ee14-4bd3-9964-af404c542348" />
    <UnitTestResult executionId="69085c8d-f31f-41c1-a068-8ac11fb21425" testId="1c5461fc-607c-c829-707f-f8f5d77c07d4" testName="UNOPS.PAO.Business.Tests.Managers.OrganizationHierarchyManagerTests.OrganizationHierarchy_Should_SupportParentChildRelationships" computerName="UNOPSGC520030" duration="00:00:00.0436012" startTime="2025-12-19T07:04:22.1229079+01:00" endTime="2025-12-19T07:04:22.1229080+01:00" testType="13cdc9d9-ddb5-4fa4-a97d-d965ccfc6d4b" outcome="Passed" testListId="8c84fa94-04c1-424b-9868-57a2d4851a1d" relativeResultsDirectory="69085c8d-f31f-41c1-a068-8ac11fb21425" />
    <UnitTestResult executionId="20015f5e-722d-4bf9-8623-4c4375074854" testId="549e9b54-1d41-cb73-98e2-706d343bebcf" testName="UNOPS.PAO.Business.Tests.EdgeCases.PartnerTreeManagerEdgeCaseTests.PartnerTree_WithUnicodeInName_Should_BeHandled" computerName="UNOPSGC520030" duration="00:00:02.0185342" startTime="2025-12-19T07:04:21.9221775+01:00" endTime="2025-12-19T07:04:21.9221777+01:00" testType="13cdc9d9-ddb5-4fa4-a97d-d965ccfc6d4b" outcome="Passed" testListId="8c84fa94-04c1-424b-9868-57a2d4851a1d" relativeResultsDirectory="20015f5e-722d-4bf9-8623-4c4375074854" />
    <UnitTestResult executionId="9e91b1a5-e7c0-4468-a028-880980548b60" testId="c1c8c718-0bb1-ea8f-fc59-647443756e72" testName="UNOPS.PAO.Business.Tests.EdgeCases.ContactEdgeCaseTests.Contact_WithUnicodeCharacters_Should_BeHandled" computerName="UNOPSGC520030" duration="00:00:00.0031624" startTime="2025-12-19T07:04:22.7408286+01:00" endTime="2025-12-19T07:04:22.7408287+01:00" testType="13cdc9d9-ddb5-4fa4-a97d-d965ccfc6d4b" outcome="Passed" testListId="8c84fa94-04c1-424b-9868-57a2d4851a1d" relativeResultsDirectory="9e91b1a5-e7c0-4468-a028-880980548b60" />
    <UnitTestResult executionId="24c5c20d-2a5c-49fe-afbb-ea154880cb49" testId="e8892e87-6fae-4987-d1f7-0feddb32646c" testName="UNOPS.PAO.Business.Tests.Managers.OrganizationHierarchyManagerTests.GetChildOrganizations_Should_ReturnChildren" computerName="UNOPSGC520030" duration="00:00:00.0170692" startTime="2025-12-19T07:04:22.1232857+01:00" endTime="2025-12-19T07:04:22.1232857+01:00" testType="13cdc9d9-ddb5-4fa4-a97d-d965ccfc6d4b" outcome="Passed" testListId="8c84fa94-04c1-424b-9868-57a2d4851a1d" relativeResultsDirectory="24c5c20d-2a5c-49fe-afbb-ea154880cb49" />
    <UnitTestResult executionId="53d46bdd-d0a7-4600-b6de-fe8930840fe8" testId="9a1dc4f1-34db-9bf4-8ebe-3b879f9c6355" testName="UNOPS.PAO.Business.Tests.Integration.ContactIntegrationTests.Partner_CanHaveMultipleContacts" computerName="UNOPSGC520030" duration="00:00:00.0078777" startTime="2025-12-19T07:04:22.7696204+01:00" endTime="2025-12-19T07:04:22.7696207+01:00" testType="13cdc9d9-ddb5-4fa4-a97d-d965ccfc6d4b" outcome="Passed" testListId="8c84fa94-04c1-424b-9868-57a2d4851a1d" relativeResultsDirectory="53d46bdd-d0a7-4600-b6de-fe8930840fe8" />
    <UnitTestResult executionId="2294432c-139c-4797-b308-da128a54c8d3" testId="081201c6-8f3e-58dd-e9d1-3b87129d2555" testName="UNOPS.PAO.Business.Tests.Managers.DocumentManagerTests.UpdateDocument_Should_UpdateFields" computerName="UNOPSGC520030" duration="00:00:00.0044794" startTime="2025-12-19T07:04:22.3039714+01:00" endTime="2025-12-19T07:04:22.3039717+01:00" testType="13cdc9d9-ddb5-4fa4-a97d-d965ccfc6d4b" outcome="Passed" testListId="8c84fa94-04c1-424b-9868-57a2d4851a1d" relativeResultsDirectory="2294432c-139c-4797-b308-da128a54c8d3" />
    <UnitTestResult executionId="73fecc34-dd4c-477a-bed5-5250cb310b3a" testId="df883bc1-d11b-5443-d56a-d6878ca3ae0e" testName="UNOPS.PAO.Business.Tests.Managers.DocumentManagerTests.GetAllDocuments_Should_ReturnAllDocuments" computerName="UNOPSGC520030" duration="00:00:00.0129306" startTime="2025-12-19T07:04:22.3041184+01:00" endTime="2025-12-19T07:04:22.3041185+01:00" testType="13cdc9d9-ddb5-4fa4-a97d-d965ccfc6d4b" outcome="Passed" testListId="8c84fa94-04c1-424b-9868-57a2d4851a1d" relativeResultsDirectory="73fecc34-dd4c-477a-bed5-5250cb310b3a" />
    <UnitTestResult executionId="0743856b-75bb-41c9-aa3b-48d9fa8066e6" testId="315a16da-45c9-27bc-dbfa-65a9e4dd325d" testName="UNOPS.PAO.Business.Tests.Managers.OrganizationHierarchyManagerTests.GetOrganizationsByType_Should_FilterByType" computerName="UNOPSGC520030" duration="00:00:00.0641708" startTime="2025-12-19T07:04:22.0720792+01:00" endTime="2025-12-19T07:04:22.0720793+01:00" testType="13cdc9d9-ddb5-4fa4-a97d-d965ccfc6d4b" outcome="Passed" testListId="8c84fa94-04c1-424b-9868-57a2d4851a1d" relativeResultsDirectory="0743856b-75bb-41c9-aa3b-48d9fa8066e6" />
    <UnitTestResult executionId="8fe66288-26f4-4a65-81e1-37d084c96950" testId="6dea095e-ad97-1ebc-76f4-3b7bf873932e" testName="UNOPS.PAO.Business.Tests.Managers.InteractionManagerTests.CreateInteraction_Should_PersistInteraction" computerName="UNOPSGC520030" duration="00:00:00.0039053" startTime="2025-12-19T07:04:22.2220875+01:00" endTime="2025-12-19T07:04:22.2220875+01:00" testType="13cdc9d9-ddb5-4fa4-a97d-d965ccfc6d4b" outcome="Passed" testListId="8c84fa94-04c1-424b-9868-57a2d4851a1d" relativeResultsDirectory="8fe66288-26f4-4a65-81e1-37d084c96950" />
    <UnitTestResult executionId="1a7986d0-7cf7-4bdd-9bbf-9db753b8edf3" testId="4b474f5f-8ca0-6243-a7a7-0eb4183c4b85" testName="UNOPS.PAO.Business.Tests.Managers.ContactManagerTests.GetContactById_Should_ReturnContact_When_Exists" computerName="UNOPSGC520030" duration="00:00:00.0030504" startTime="2025-12-19T07:04:22.3373325+01:00" endTime="2025-12-19T07:04:22.3373326+01:00" testType="13cdc9d9-ddb5-4fa4-a97d-d965ccfc6d4b" outcome="Passed" testListId="8c84fa94-04c1-424b-9868-57a2d4851a1d" relativeResultsDirectory="1a7986d0-7cf7-4bdd-9bbf-9db753b8edf3" />
    <UnitTestResult executionId="94676df5-930b-4dbf-bf98-d36d8dfd8c47" testId="4a4d6def-7b5f-3b18-5974-1d3ee0178a3a" testName="UNOPS.PAO.Business.Tests.Managers.OrganizationHierarchyManagerTests.GetOrganizations_Should_ReturnEmpty_When_NoOrganizations" computerName="UNOPSGC520030" duration="00:00:00.0057658" startTime="2025-12-19T07:04:22.0721994+01:00" endTime="2025-12-19T07:04:22.0721995+01:00" testType="13cdc9d9-ddb5-4fa4-a97d-d965ccfc6d4b" outcome="Passed" testListId="8c84fa94-04c1-424b-9868-57a2d4851a1d" relativeResultsDirectory="94676df5-930b-4dbf-bf98-d36d8dfd8c47" />
    <UnitTestResult executionId="3dd5ea04-e4da-4d4d-a315-b3bbd4cf4086" testId="0d21f1e2-5e7b-a643-0a1d-7d49713236d7" testName="UNOPS.PAO.Business.Tests.EdgeCases.PartnerTreeManagerEdgeCaseTests.PartnerTree_WithSpecialCharactersInCode_Should_BeHandled" computerName="UNOPSGC520030" duration="00:00:00.0042630" startTime="2025-12-19T07:04:21.9239966+01:00" endTime="2025-12-19T07:04:21.9239968+01:00" testType="13cdc9d9-ddb5-4fa4-a97d-d965ccfc6d4b" outcome="Passed" testListId="8c84fa94-04c1-424b-9868-57a2d4851a1d" relativeResultsDirectory="3dd5ea04-e4da-4d4d-a315-b3bbd4cf4086" />
    <UnitTestResult executionId="dd6505d9-ed90-40c0-824f-799629b2ee62" testId="9c598267-b72a-ca5e-e77e-239094e30771" testName="UNOPS.PAO.Business.Tests.EdgeCases.PartnerTreeManagerEdgeCaseTests.PartnerTree_WithSelfReference_Should_BeStorable" computerName="UNOPSGC520030" duration="00:00:00.0026901" startTime="2025-12-19T07:04:22.0750538+01:00" endTime="2025-12-19T07:04:22.0750539+01:00" testType="13cdc9d9-ddb5-4fa4-a97d-d965ccfc6d4b" outcome="Passed" testListId="8c84fa94-04c1-424b-9868-57a2d4851a1d" relativeResultsDirectory="dd6505d9-ed90-40c0-824f-799629b2ee62" />
    <UnitTestResult executionId="3d757d1b-1cac-4c77-97e2-fdd65cc1bfad" testId="7ef97398-07b4-9969-867e-b136cbb2177d" testName="UNOPS.PAO.Business.Tests.EdgeCases.ContactEdgeCaseTests.Contact_WithVeryLongName_Should_BeHandled" computerName="UNOPSGC520030" duration="00:00:00.0024602" startTime="2025-12-19T07:04:22.7448925+01:00" endTime="2025-12-19T07:04:22.7448928+01:00" testType="13cdc9d9-ddb5-4fa4-a97d-d965ccfc6d4b" outcome="Passed" testListId="8c84fa94-04c1-424b-9868-57a2d4851a1d" relativeResultsDirectory="3d757d1b-1cac-4c77-97e2-fdd65cc1bfad" />
    <UnitTestResult executionId="4e72f511-3e57-4366-a187-2b60927f95b8" testId="9021df49-9278-853a-5610-7e3e55235a38" testName="UNOPS.PAO.Business.Tests.Performance.ContactPerformanceTests.BulkCreateContacts_Should_CompleteWithinThreshold" computerName="UNOPSGC520030" duration="00:00:00.0784482" startTime="2025-12-19T07:04:22.3780665+01:00" endTime="2025-12-19T07:04:22.3780672+01:00" testType="13cdc9d9-ddb5-4fa4-a97d-d965ccfc6d4b" outcome="Passed" testListId="8c84fa94-04c1-424b-9868-57a2d4851a1d" relativeResultsDirectory="4e72f511-3e57-4366-a187-2b60927f95b8" />
    <UnitTestResult executionId="ce69cb91-c86c-4dad-8823-d20363764328" testId="c85f9c2d-3115-a1d9-3ef7-4f78a27415d3" testName="UNOPS.PAO.Business.Tests.Concurrency.ContactConcurrencyTests.ConcurrentReadAndWrite_ShouldNotDeadlock" computerName="UNOPSGC520030" duration="00:00:00.0269093" startTime="2025-12-19T07:04:22.8307304+01:00" endTime="2025-12-19T07:04:22.8307313+01:00" testType="13cdc9d9-ddb5-4fa4-a97d-d965ccfc6d4b" outcome="Passed" testListId="8c84fa94-04c1-424b-9868-57a2d4851a1d" relativeResultsDirectory="ce69cb91-c86c-4dad-8823-d20363764328" />
    <UnitTestResult executionId="afee818a-0379-4f57-8a9e-e517bcb72ed2" testId="bd97a53b-e31b-f8dd-de1e-fb4235101c64" testName="UNOPS.PAO.Business.Tests.Managers.PartnerManagerTests.ApprovePartner_Should_SetApprovalStatus" computerName="UNOPSGC520030" duration="00:00:00.0317845" startTime="2025-12-19T07:04:22.5954018+01:00" endTime="2025-12-19T07:04:22.5954029+01:00" testType="13cdc9d9-ddb5-4fa4-a97d-d965ccfc6d4b" outcome="Passed" testListId="8c84fa94-04c1-424b-9868-57a2d4851a1d" relativeResultsDirectory="afee818a-0379-4f57-8a9e-e517bcb72ed2" />
    <UnitTestResult executionId="aed8ee08-02c0-49fc-ba08-49d4da5aa644" testId="fcf4cae0-0c73-7b86-9eaa-e8ba34d9afed" testName="UNOPS.PAO.Business.Tests.Managers.ContactManagerTests.CreateContact_Should_PersistContact" computerName="UNOPSGC520030" duration="00:00:00.0032144" startTime="2025-12-19T07:04:22.3045271+01:00" endTime="2025-12-19T07:04:22.3045272+01:00" testType="13cdc9d9-ddb5-4fa4-a97d-d965ccfc6d4b" outcome="Passed" testListId="8c84fa94-04c1-424b-9868-57a2d4851a1d" relativeResultsDirectory="aed8ee08-02c0-49fc-ba08-49d4da5aa644" />
    <UnitTestResult executionId="7b716d06-d12a-4c55-bd1e-c5340aff1fb5" testId="76e0e202-71eb-3d43-85f1-b9a28328d6b6" testName="UNOPS.PAO.Business.Tests.EdgeCases.ContactEdgeCaseTests.DeletedContact_Should_BeExcludedFromActiveQueries" computerName="UNOPSGC520030" duration="00:00:00.0935679" startTime="2025-12-19T07:04:22.7406758+01:00" endTime="2025-12-19T07:04:22.7406761+01:00" testType="13cdc9d9-ddb5-4fa4-a97d-d965ccfc6d4b" outcome="Passed" testListId="8c84fa94-04c1-424b-9868-57a2d4851a1d" relativeResultsDirectory="7b716d06-d12a-4c55-bd1e-c5340aff1fb5" />
    <UnitTestResult executionId="4873bce1-f2c3-4324-b946-014ce4ad6acd" testId="fb6f8786-6e7e-25a3-7c9d-827e3bf8e7b2" testName="UNOPS.PAO.Business.Tests.Performance.ContactPerformanceTests.GetAllContacts_LargeDataset_Should_CompleteWithinThreshold" computerName="UNOPSGC520030" duration="00:00:00.1198555" startTime="2025-12-19T07:04:22.6469945+01:00" endTime="2025-12-19T07:04:22.6469952+01:00" testType="13cdc9d9-ddb5-4fa4-a97d-d965ccfc6d4b" outcome="Passed" testListId="8c84fa94-04c1-424b-9868-57a2d4851a1d" relativeResultsDirectory="4873bce1-f2c3-4324-b946-014ce4ad6acd" />
    <UnitTestResult executionId="550c490a-a42c-41ff-9af3-f49ae2d07fcb" testId="b0f701d0-d11a-f035-7244-a31467a60e99" testName="UNOPS.PAO.Business.Tests.Managers.ContactManagerTests.DeleteContact_Should_SoftDelete" computerName="UNOPSGC520030" duration="00:00:00.0050056" startTime="2025-12-19T07:04:22.3053439+01:00" endTime="2025-12-19T07:04:22.3053440+01:00" testType="13cdc9d9-ddb5-4fa4-a97d-d965ccfc6d4b" outcome="Passed" testListId="8c84fa94-04c1-424b-9868-57a2d4851a1d" relativeResultsDirectory="550c490a-a42c-41ff-9af3-f49ae2d07fcb" />
    <UnitTestResult executionId="1cc1fef0-d9ef-4679-ad9c-effed11dcff4" testId="13d6a606-fb5e-782e-a733-a1f83cedaaaf" testName="UNOPS.PAO.Business.Tests.Managers.OrganizationHierarchyManagerTests.GetOrganizationById_Should_ReturnOrganization_When_Exists" computerName="UNOPSGC520030" duration="00:00:00.0062185" startTime="2025-12-19T07:04:21.9840142+01:00" endTime="2025-12-19T07:04:21.9840151+01:00" testType="13cdc9d9-ddb5-4fa4-a97d-d965ccfc6d4b" outcome="Passed" testListId="8c84fa94-04c1-424b-9868-57a2d4851a1d" relativeResultsDirectory="1cc1fef0-d9ef-4679-ad9c-effed11dcff4" />
    <UnitTestResult executionId="149588a8-4cd1-41c5-8087-a25787063914" testId="beb48658-402b-89c3-4f43-2b711929ec90" testName="UNOPS.PAO.Business.Tests.Managers.PartnerManagerTests.GetPartnerById_Should_ReturnPartner_When_Exists" computerName="UNOPSGC520030" duration="00:00:00.0095505" startTime="2025-12-19T07:04:22.6081947+01:00" endTime="2025-12-19T07:04:22.6081951+01:00" testType="13cdc9d9-ddb5-4fa4-a97d-d965ccfc6d4b" outcome="Passed" testListId="8c84fa94-04c1-424b-9868-57a2d4851a1d" relativeResultsDirectory="149588a8-4cd1-41c5-8087-a25787063914" />
    <UnitTestResult executionId="24b91d8b-b279-4e91-9a3c-d20d7e4224a7" testId="8947e642-bcb4-3c21-e32b-50f1a889c877" testName="UNOPS.PAO.Business.Tests.Managers.PartnerManagerTests.GetPartnerWithContacts_Should_IncludeContacts" computerName="UNOPSGC520030" duration="00:00:00.0700349" startTime="2025-12-19T07:04:22.4913797+01:00" endTime="2025-12-19T07:04:22.4913805+01:00" testType="13cdc9d9-ddb5-4fa4-a97d-d965ccfc6d4b" outcome="Passed" testListId="8c84fa94-04c1-424b-9868-57a2d4851a1d" relativeResultsDirectory="24b91d8b-b279-4e91-9a3c-d20d7e4224a7" />
    <UnitTestResult executionId="18c4de25-0a6c-409b-a3f6-b9ae25620384" testId="a1a7a326-ef77-e31b-bce7-51f5a8262cf1" testName="UNOPS.PAO.Business.Tests.EdgeCases.ContactEdgeCaseTests.GetContacts_EmptyDatabase_Should_ReturnEmpty" computerName="UNOPSGC520030" duration="00:00:00.0021477" startTime="2025-12-19T07:04:22.7434593+01:00" endTime="2025-12-19T07:04:22.7434596+01:00" testType="13cdc9d9-ddb5-4fa4-a97d-d965ccfc6d4b" outcome="Passed" testListId="8c84fa94-04c1-424b-9868-57a2d4851a1d" relativeResultsDirectory="18c4de25-0a6c-409b-a3f6-b9ae25620384" />
    <UnitTestResult executionId="b3282414-e6c5-47bc-a77a-545a795ce09b" testId="8327fcf0-b5e6-35e0-6237-f2598dd5fbfd" testName="UNOPS.PAO.Business.Tests.Managers.PartnerManagerTests.CreatePartner_Should_PersistPartner" computerName="UNOPSGC520030" duration="00:00:00.0032089" startTime="2025-12-19T07:04:22.5673825+01:00" endTime="2025-12-19T07:04:22.5673827+01:00" testType="13cdc9d9-ddb5-4fa4-a97d-d965ccfc6d4b" outcome="Passed" testListId="8c84fa94-04c1-424b-9868-57a2d4851a1d" relativeResultsDirectory="b3282414-e6c5-47bc-a77a-545a795ce09b" />
    <UnitTestResult executionId="766027c3-056c-454f-9d38-a890e3468aa6" testId="4bb5b8f2-f47f-8816-9642-973a3fc53e10" testName="UNOPS.PAO.Business.Tests.Managers.InteractionManagerTests.GetInteractionsByType_Should_FilterCorrectly" computerName="UNOPSGC520030" duration="00:00:00.0254040" startTime="2025-12-19T07:04:22.2330078+01:00" endTime="2025-12-19T07:04:22.2330084+01:00" testType="13cdc9d9-ddb5-4fa4-a97d-d965ccfc6d4b" outcome="Passed" testListId="8c84fa94-04c1-424b-9868-57a2d4851a1d" relativeResultsDirectory="766027c3-056c-454f-9d38-a890e3468aa6" />
    <UnitTestResult executionId="d872c874-34d1-4842-9bfd-8334afbf771c" testId="8796ceb6-7e17-2c82-fc02-0d7500e71aad" testName="UNOPS.PAO.Business.Tests.Managers.PartnerManagerTests.SearchPartners_Should_FilterByName" computerName="UNOPSGC520030" duration="00:00:00.0712313" startTime="2025-12-19T07:04:22.5671954+01:00" endTime="2025-12-19T07:04:22.5671959+01:00" testType="13cdc9d9-ddb5-4fa4-a97d-d965ccfc6d4b" outcome="Passed" testListId="8c84fa94-04c1-424b-9868-57a2d4851a1d" relativeResultsDirectory="d872c874-34d1-4842-9bfd-8334afbf771c" />
    <UnitTestResult executionId="d63f8730-472b-4794-9757-8d24099f87d1" testId="14248231-e836-1d64-b414-d367fc85811f" testName="UNOPS.PAO.Business.Tests.Managers.PartnerManagerTests.GetPartnersByStatus_Should_FilterCorrectly" computerName="UNOPSGC520030" duration="00:00:00.2717489" startTime="2025-12-19T07:04:22.4184236+01:00" endTime="2025-12-19T07:04:22.4184241+01:00" testType="13cdc9d9-ddb5-4fa4-a97d-d965ccfc6d4b" outcome="Passed" testListId="8c84fa94-04c1-424b-9868-57a2d4851a1d" relativeResultsDirectory="d63f8730-472b-4794-9757-8d24099f87d1" />
    <UnitTestResult executionId="ba6ac450-c912-4a98-a772-34393321436b" testId="e3a7f641-c3d1-ad4f-a1c2-5e68d2a96723" testName="UNOPS.PAO.Business.Tests.Managers.PartnerManagerTests.GetPartnerById_Should_ReturnNull_When_NotExists" computerName="UNOPSGC520030" duration="00:00:00.0304778" startTime="2025-12-19T07:04:22.1678232+01:00" endTime="2025-12-19T07:04:22.1678234+01:00" testType="13cdc9d9-ddb5-4fa4-a97d-d965ccfc6d4b" outcome="Passed" testListId="8c84fa94-04c1-424b-9868-57a2d4851a1d" relativeResultsDirectory="ba6ac450-c912-4a98-a772-34393321436b" />
    <UnitTestResult executionId="24cc69b1-9e55-4406-bfd4-0802d82785b3" testId="4ca3cbd2-571f-903c-ed4a-a8a1d5500cfb" testName="UNOPS.PAO.Business.Tests.Managers.InteractionManagerTests.GetInteractionById_Should_ReturnNull_When_NotExists" computerName="UNOPSGC520030" duration="00:00:00.0022523" startTime="2025-12-19T07:04:22.2223265+01:00" endTime="2025-12-19T07:04:22.2223266+01:00" testType="13cdc9d9-ddb5-4fa4-a97d-d965ccfc6d4b" outcome="Passed" testListId="8c84fa94-04c1-424b-9868-57a2d4851a1d" relativeResultsDirectory="24cc69b1-9e55-4406-bfd4-0802d82785b3" />
    <UnitTestResult executionId="d0aafe7d-3188-4043-8034-289aa520774d" testId="e6ec5514-3eba-0558-4367-7b31374926f9" testName="UNOPS.PAO.Business.Tests.Managers.OrganizationHierarchyManagerTests.GetAllOrganizations_Should_ReturnAllOrganizations" computerName="UNOPSGC520030" duration="00:00:00.0250794" startTime="2025-12-19T07:04:21.9775989+01:00" endTime="2025-12-19T07:04:21.9775997+01:00" testType="13cdc9d9-ddb5-4fa4-a97d-d965ccfc6d4b" outcome="Passed" testListId="8c84fa94-04c1-424b-9868-57a2d4851a1d" relativeResultsDirectory="d0aafe7d-3188-4043-8034-289aa520774d" />
    <UnitTestResult executionId="3195b682-7ded-4f31-99c9-9a3af7d58751" testId="94c3909b-e497-83d3-19d7-58d680a59df5" testName="UNOPS.PAO.Business.Tests.EdgeCases.PartnerTreeManagerEdgeCaseTests.PartnerTree_WithNonExistentParent_Should_BeStorable" computerName="UNOPSGC520030" duration="00:00:00.0029596" startTime="2025-12-19T07:04:22.0726194+01:00" endTime="2025-12-19T07:04:22.0726195+01:00" testType="13cdc9d9-ddb5-4fa4-a97d-d965ccfc6d4b" outcome="Passed" testListId="8c84fa94-04c1-424b-9868-57a2d4851a1d" relativeResultsDirectory="3195b682-7ded-4f31-99c9-9a3af7d58751" />
    <UnitTestResult executionId="67d1eef9-c775-46a0-b4c9-04b6ed7cb16b" testId="6696944f-f206-9999-8270-b8e093a83285" testName="UNOPS.PAO.Business.Tests.Managers.InteractionManagerTests.GetInteractionById_Should_ReturnInteraction_When_Exists" computerName="UNOPSGC520030" duration="00:00:00.0029749" startTime="2025-12-19T07:04:22.2224250+01:00" endTime="2025-12-19T07:04:22.2224251+01:00" testType="13cdc9d9-ddb5-4fa4-a97d-d965ccfc6d4b" outcome="Passed" testListId="8c84fa94-04c1-424b-9868-57a2d4851a1d" relativeResultsDirectory="67d1eef9-c775-46a0-b4c9-04b6ed7cb16b" />
    <UnitTestResult executionId="4fcda0e3-95e5-4ad1-966f-25f55ade33bb" testId="a273669d-c653-ef2f-a162-db8b1f4e8455" testName="UNOPS.PAO.Business.Tests.Integration.ContactIntegrationTests.Contact_CanHaveMultipleInteractions" computerName="UNOPSGC520030" duration="00:00:00.1156682" startTime="2025-12-19T07:04:22.7615644+01:00" endTime="2025-12-19T07:04:22.7615647+01:00" testType="13cdc9d9-ddb5-4fa4-a97d-d965ccfc6d4b" outcome="Passed" testListId="8c84fa94-04c1-424b-9868-57a2d4851a1d" relativeResultsDirectory="4fcda0e3-95e5-4ad1-966f-25f55ade33bb" />
    <UnitTestResult executionId="a1a7a3ca-72a4-4c57-abb9-cb8022fc34cc" testId="3f2ca16e-625e-6450-6999-2420d6f9b969" testName="UNOPS.PAO.Business.Tests.Managers.PartnerManagerTests.GetAllPartners_Should_ReturnAllPartners" computerName="UNOPSGC520030" duration="00:00:00.0225446" startTime="2025-12-19T07:04:22.6354175+01:00" endTime="2025-12-19T07:04:22.6354184+01:00" testType="13cdc9d9-ddb5-4fa4-a97d-d965ccfc6d4b" outcome="Passed" testListId="8c84fa94-04c1-424b-9868-57a2d4851a1d" relativeResultsDirectory="a1a7a3ca-72a4-4c57-abb9-cb8022fc34cc" />
    <UnitTestResult executionId="517e7197-5585-4e15-9cb4-51571ad5bc46" testId="aa5e3d76-6da5-ab8a-25f9-830939c0f32b" testName="UNOPS.PAO.Business.Tests.Managers.DocumentManagerTests.DeleteDocument_Should_SoftDelete" computerName="UNOPSGC520030" duration="00:00:00.0230741" startTime="2025-12-19T07:04:22.2649619+01:00" endTime="2025-12-19T07:04:22.2649627+01:00" testType="13cdc9d9-ddb5-4fa4-a97d-d965ccfc6d4b" outcome="Passed" testListId="8c84fa94-04c1-424b-9868-57a2d4851a1d" relativeResultsDirectory="517e7197-5585-4e15-9cb4-51571ad5bc46" />
    <UnitTestResult executionId="28777d23-70fb-439f-b6c2-b90a0e7e420f" testId="2270c82e-f6ce-7ae0-91b2-aa4b85996b0f" testName="UNOPS.PAO.Business.Tests.Managers.DocumentManagerTests.GetDocumentById_Should_ReturnDocument_When_Exists" computerName="UNOPSGC520030" duration="00:00:00.1108125" startTime="2025-12-19T07:04:22.2554274+01:00" endTime="2025-12-19T07:04:22.2554281+01:00" testType="13cdc9d9-ddb5-4fa4-a97d-d965ccfc6d4b" outcome="Passed" testListId="8c84fa94-04c1-424b-9868-57a2d4851a1d" relativeResultsDirectory="28777d23-70fb-439f-b6c2-b90a0e7e420f" />
  </Results>
  <TestDefinitions>
    <UnitTest name="UNOPS.PAO.Business.Tests.Managers.PartnerManagerTests.UpdatePartner_Should_UpdateFields" storage="c:\users\leonardc\git\opportunityplus\qa tests\c# tests\unops.pao.business.tests\bin\debug\net9.0\unops.pao.business.tests.dll" id="91f06361-3998-ad32-82cc-17c700356483">
      <Execution id="f94c8965-9031-45fb-9c8e-764f883cce51" />
      <TestMethod codeBase="C:\Users\Leonardc\git\opportunityplus\QA Tests\C# Tests\UNOPS.PAO.Business.Tests\bin\Debug\net9.0\UNOPS.PAO.Business.Tests.dll" adapterTypeName="executor://xunit/VsTestRunner2/netcoreapp" className="UNOPS.PAO.Business.Tests.Managers.PartnerManagerTests" name="UpdatePartner_Should_UpdateFields" />
    </UnitTest>
    <UnitTest name="UNOPS.PAO.Business.Tests.Managers.PartnerManagerTests.GetPartnerById_Should_ReturnNull_When_NotExists" storage="c:\users\leonardc\git\opportunityplus\qa tests\c# tests\unops.pao.business.tests\bin\debug\net9.0\unops.pao.business.tests.dll" id="e3a7f641-c3d1-ad4f-a1c2-5e68d2a96723">
      <Execution id="ba6ac450-c912-4a98-a772-34393321436b" />
      <TestMethod codeBase="C:\Users\Leonardc\git\opportunityplus\QA Tests\C# Tests\UNOPS.PAO.Business.Tests\bin\Debug\net9.0\UNOPS.PAO.Business.Tests.dll" adapterTypeName="executor://xunit/VsTestRunner2/netcoreapp" className="UNOPS.PAO.Business.Tests.Managers.PartnerManagerTests" name="GetPartnerById_Should_ReturnNull_When_NotExists" />
    </UnitTest>
    <UnitTest name="UNOPS.PAO.Business.Tests.Managers.OrganizationHierarchyManagerTests.GetOrganizationsByType_Should_FilterByType" storage="c:\users\leonardc\git\opportunityplus\qa tests\c# tests\unops.pao.business.tests\bin\debug\net9.0\unops.pao.business.tests.dll" id="315a16da-45c9-27bc-dbfa-65a9e4dd325d">
      <Execution id="0743856b-75bb-41c9-aa3b-48d9fa8066e6" />
      <TestMethod codeBase="C:\Users\Leonardc\git\opportunityplus\QA Tests\C# Tests\UNOPS.PAO.Business.Tests\bin\Debug\net9.0\UNOPS.PAO.Business.Tests.dll" adapterTypeName="executor://xunit/VsTestRunner2/netcoreapp" className="UNOPS.PAO.Business.Tests.Managers.OrganizationHierarchyManagerTests" name="GetOrganizationsByType_Should_FilterByType" />
    </UnitTest>
    <UnitTest name="UNOPS.PAO.Business.Tests.Managers.DocumentManagerTests.GetDocumentsByType_Should_FilterCorrectly" storage="c:\users\leonardc\git\opportunityplus\qa tests\c# tests\unops.pao.business.tests\bin\debug\net9.0\unops.pao.business.tests.dll" id="49bc7034-d3c5-a24f-27d2-3d4d6e7b2fac">
      <Execution id="8a13d42b-aaf2-4ab3-a371-ec4132e221fa" />
      <TestMethod codeBase="C:\Users\Leonardc\git\opportunityplus\QA Tests\C# Tests\UNOPS.PAO.Business.Tests\bin\Debug\net9.0\UNOPS.PAO.Business.Tests.dll" adapterTypeName="executor://xunit/VsTestRunner2/netcoreapp" className="UNOPS.PAO.Business.Tests.Managers.DocumentManagerTests" name="GetDocumentsByType_Should_FilterCorrectly" />
    </UnitTest>
    <UnitTest name="UNOPS.PAO.Business.Tests.Managers.ContactManagerTests.GetContactById_Should_ReturnContact_When_Exists" storage="c:\users\leonardc\git\opportunityplus\qa tests\c# tests\unops.pao.business.tests\bin\debug\net9.0\unops.pao.business.tests.dll" id="4b474f5f-8ca0-6243-a7a7-0eb4183c4b85">
      <Execution id="1a7986d0-7cf7-4bdd-9bbf-9db753b8edf3" />
      <TestMethod codeBase="C:\Users\Leonardc\git\opportunityplus\QA Tests\C# Tests\UNOPS.PAO.Business.Tests\bin\Debug\net9.0\UNOPS.PAO.Business.Tests.dll" adapterTypeName="executor://xunit/VsTestRunner2/netcoreapp" className="UNOPS.PAO.Business.Tests.Managers.ContactManagerTests" name="GetContactById_Should_ReturnContact_When_Exists" />
    </UnitTest>
    <UnitTest name="UNOPS.PAO.Business.Tests.Managers.DocumentManagerTests.GetDocumentById_Should_ReturnNull_When_NotExists" storage="c:\users\leonardc\git\opportunityplus\qa tests\c# tests\unops.pao.business.tests\bin\debug\net9.0\unops.pao.business.tests.dll" id="1c9d195a-fbc2-b900-bd68-81c4cbab6645">
      <Execution id="c1f466c5-e08a-4c6c-9e35-98f470291227" />
      <TestMethod codeBase="C:\Users\Leonardc\git\opportunityplus\QA Tests\C# Tests\UNOPS.PAO.Business.Tests\bin\Debug\net9.0\UNOPS.PAO.Business.Tests.dll" adapterTypeName="executor://xunit/VsTestRunner2/netcoreapp" className="UNOPS.PAO.Business.Tests.Managers.DocumentManagerTests" name="GetDocumentById_Should_ReturnNull_When_NotExists" />
    </UnitTest>
    <UnitTest name="UNOPS.PAO.Business.Tests.Managers.OrganizationHierarchyManagerTests.GetOrganizationById_Should_ReturnOrganization_When_Exists" storage="c:\users\leonardc\git\opportunityplus\qa tests\c# tests\unops.pao.business.tests\bin\debug\net9.0\unops.pao.business.tests.dll" id="13d6a606-fb5e-782e-a733-a1f83cedaaaf">
      <Execution id="1cc1fef0-d9ef-4679-ad9c-effed11dcff4" />
      <TestMethod codeBase="C:\Users\Leonardc\git\opportunityplus\QA Tests\C# Tests\UNOPS.PAO.Business.Tests\bin\Debug\net9.0\UNOPS.PAO.Business.Tests.dll" adapterTypeName="executor://xunit/VsTestRunner2/netcoreapp" className="UNOPS.PAO.Business.Tests.Managers.OrganizationHierarchyManagerTests" name="GetOrganizationById_Should_ReturnOrganization_When_Exists" />
    </UnitTest>
    <UnitTest name="UNOPS.PAO.Business.Tests.Managers.InteractionManagerTests.UpdateInteraction_Should_UpdateFields" storage="c:\users\leonardc\git\opportunityplus\qa tests\c# tests\unops.pao.business.tests\bin\debug\net9.0\unops.pao.business.tests.dll" id="3958190f-7c07-a6d8-4530-68ebdb15a161">
      <Execution id="cabbe8e1-6c37-4f27-9f01-694fc2d5884b" />
      <TestMethod codeBase="C:\Users\Leonardc\git\opportunityplus\QA Tests\C# Tests\UNOPS.PAO.Business.Tests\bin\Debug\net9.0\UNOPS.PAO.Business.Tests.dll" adapterTypeName="executor://xunit/VsTestRunner2/netcoreapp" className="UNOPS.PAO.Business.Tests.Managers.InteractionManagerTests" name="UpdateInteraction_Should_UpdateFields" />
    </UnitTest>
    <UnitTest name="UNOPS.PAO.Business.Tests.Managers.DocumentManagerTests.DeleteDocument_Should_SoftDelete" storage="c:\users\leonardc\git\opportunityplus\qa tests\c# tests\unops.pao.business.tests\bin\debug\net9.0\unops.pao.business.tests.dll" id="aa5e3d76-6da5-ab8a-25f9-830939c0f32b">
      <Execution id="517e7197-5585-4e15-9cb4-51571ad5bc46" />
      <TestMethod codeBase="C:\Users\Leonardc\git\opportunityplus\QA Tests\C# Tests\UNOPS.PAO.Business.Tests\bin\Debug\net9.0\UNOPS.PAO.Business.Tests.dll" adapterTypeName="executor://xunit/VsTestRunner2/netcoreapp" className="UNOPS.PAO.Business.Tests.Managers.DocumentManagerTests" name="DeleteDocument_Should_SoftDelete" />
    </UnitTest>
    <UnitTest name="UNOPS.PAO.Business.Tests.EdgeCases.OrganizationHierarchyManagerEdgeCaseTests.Organization_WithVeryLongName_Should_BeHandled" storage="c:\users\leonardc\git\opportunityplus\qa tests\c# tests\unops.pao.business.tests\bin\debug\net9.0\unops.pao.business.tests.dll" id="de9e964b-415b-08dd-1938-560dd7e89fd7">
      <Execution id="ca27dc9f-cb89-4196-9bbb-65f5cc893e7d" />
      <TestMethod codeBase="C:\Users\Leonardc\git\opportunityplus\QA Tests\C# Tests\UNOPS.PAO.Business.Tests\bin\Debug\net9.0\UNOPS.PAO.Business.Tests.dll" adapterTypeName="executor://xunit/VsTestRunner2/netcoreapp" className="UNOPS.PAO.Business.Tests.EdgeCases.OrganizationHierarchyManagerEdgeCaseTests" name="Organization_WithVeryLongName_Should_BeHandled" />
    </UnitTest>
    <UnitTest name="UNOPS.PAO.Business.Tests.Managers.OrganizationHierarchyManagerTests.GetOrganizationById_Should_ReturnNull_When_NotExists" storage="c:\users\leonardc\git\opportunityplus\qa tests\c# tests\unops.pao.business.tests\bin\debug\net9.0\unops.pao.business.tests.dll" id="b65a9b95-a5ff-8645-9d94-866d2bbc35e7">
      <Execution id="f7e710e3-565a-48de-9f21-c2f43cdd7d6f" />
      <TestMethod codeBase="C:\Users\Leonardc\git\opportunityplus\QA Tests\C# Tests\UNOPS.PAO.Business.Tests\bin\Debug\net9.0\UNOPS.PAO.Business.Tests.dll" adapterTypeName="executor://xunit/VsTestRunner2/netcoreapp" className="UNOPS.PAO.Business.Tests.Managers.OrganizationHierarchyManagerTests" name="GetOrganizationById_Should_ReturnNull_When_NotExists" />
    </UnitTest>
    <UnitTest name="UNOPS.PAO.Business.Tests.Managers.PartnerManagerTests.CreatePartner_Should_PersistPartner" storage="c:\users\leonardc\git\opportunityplus\qa tests\c# tests\unops.pao.business.tests\bin\debug\net9.0\unops.pao.business.tests.dll" id="8327fcf0-b5e6-35e0-6237-f2598dd5fbfd">
      <Execution id="b3282414-e6c5-47bc-a77a-545a795ce09b" />
      <TestMethod codeBase="C:\Users\Leonardc\git\opportunityplus\QA Tests\C# Tests\UNOPS.PAO.Business.Tests\bin\Debug\net9.0\UNOPS.PAO.Business.Tests.dll" adapterTypeName="executor://xunit/VsTestRunner2/netcoreapp" className="UNOPS.PAO.Business.Tests.Managers.PartnerManagerTests" name="CreatePartner_Should_PersistPartner" />
    </UnitTest>
    <UnitTest name="UNOPS.PAO.Business.Tests.Managers.InteractionManagerTests.GetAllInteractions_Should_ReturnAllInteractions" storage="c:\users\leonardc\git\opportunityplus\qa tests\c# tests\unops.pao.business.tests\bin\debug\net9.0\unops.pao.business.tests.dll" id="73a8161b-3fa6-d72a-ed3c-aa2b4736a1aa">
      <Execution id="84645b73-eb8e-454c-b5c0-e07990b7a094" />
      <TestMethod codeBase="C:\Users\Leonardc\git\opportunityplus\QA Tests\C# Tests\UNOPS.PAO.Business.Tests\bin\Debug\net9.0\UNOPS.PAO.Business.Tests.dll" adapterTypeName="executor://xunit/VsTestRunner2/netcoreapp" className="UNOPS.PAO.Business.Tests.Managers.InteractionManagerTests" name="GetAllInteractions_Should_ReturnAllInteractions" />
    </UnitTest>
    <UnitTest name="UNOPS.PAO.Business.Tests.Managers.ContactManagerTests.GetContacts_Should_ReturnAllContacts" storage="c:\users\leonardc\git\opportunityplus\qa tests\c# tests\unops.pao.business.tests\bin\debug\net9.0\unops.pao.business.tests.dll" id="48e2c848-770a-faa0-0187-27c5f4f8dcac">
      <Execution id="16169332-9567-43a9-b694-c9aa9a9b207b" />
      <TestMethod codeBase="C:\Users\Leonardc\git\opportunityplus\QA Tests\C# Tests\UNOPS.PAO.Business.Tests\bin\Debug\net9.0\UNOPS.PAO.Business.Tests.dll" adapterTypeName="executor://xunit/VsTestRunner2/netcoreapp" className="UNOPS.PAO.Business.Tests.Managers.ContactManagerTests" name="GetContacts_Should_ReturnAllContacts" />
    </UnitTest>
    <UnitTest name="UNOPS.PAO.Business.Tests.EdgeCases.PartnerTreeManagerEdgeCaseTests.PartnerTree_WithVeryLongName_Should_BeHandled" storage="c:\users\leonardc\git\opportunityplus\qa tests\c# tests\unops.pao.business.tests\bin\debug\net9.0\unops.pao.business.tests.dll" id="d22e55e4-2ad0-c38e-3420-2afc4ca332f3">
      <Execution id="06941096-34fa-40d5-b372-5fb04d08ec52" />
      <TestMethod codeBase="C:\Users\Leonardc\git\opportunityplus\QA Tests\C# Tests\UNOPS.PAO.Business.Tests\bin\Debug\net9.0\UNOPS.PAO.Business.Tests.dll" adapterTypeName="executor://xunit/VsTestRunner2/netcoreapp" className="UNOPS.PAO.Business.Tests.EdgeCases.PartnerTreeManagerEdgeCaseTests" name="PartnerTree_WithVeryLongName_Should_BeHandled" />
    </UnitTest>
    <UnitTest name="UNOPS.PAO.Business.Tests.Managers.DocumentManagerTests.GetAllDocuments_Should_ReturnAllDocuments" storage="c:\users\leonardc\git\opportunityplus\qa tests\c# tests\unops.pao.business.tests\bin\debug\net9.0\unops.pao.business.tests.dll" id="df883bc1-d11b-5443-d56a-d6878ca3ae0e">
      <Execution id="73fecc34-dd4c-477a-bed5-5250cb310b3a" />
      <TestMethod codeBase="C:\Users\Leonardc\git\opportunityplus\QA Tests\C# Tests\UNOPS.PAO.Business.Tests\bin\Debug\net9.0\UNOPS.PAO.Business.Tests.dll" adapterTypeName="executor://xunit/VsTestRunner2/netcoreapp" className="UNOPS.PAO.Business.Tests.Managers.DocumentManagerTests" name="GetAllDocuments_Should_ReturnAllDocuments" />
    </UnitTest>
    <UnitTest name="UNOPS.PAO.Business.Tests.Managers.DocumentManagerTests.CreateDocument_Should_PersistDocument" storage="c:\users\leonardc\git\opportunityplus\qa tests\c# tests\unops.pao.business.tests\bin\debug\net9.0\unops.pao.business.tests.dll" id="3cfd1a5c-eff5-b1fb-7efa-241535e1c3d3">
      <Execution id="52bd0c63-10d1-41da-86fa-d22a8ba2cd4b" />
      <TestMethod codeBase="C:\Users\Leonardc\git\opportunityplus\QA Tests\C# Tests\UNOPS.PAO.Business.Tests\bin\Debug\net9.0\UNOPS.PAO.Business.Tests.dll" adapterTypeName="executor://xunit/VsTestRunner2/netcoreapp" className="UNOPS.PAO.Business.Tests.Managers.DocumentManagerTests" name="CreateDocument_Should_PersistDocument" />
    </UnitTest>
    <UnitTest name="UNOPS.PAO.Business.Tests.EdgeCases.PartnerTreeManagerEdgeCaseTests.PartnerTree_WithSpecialCharactersInCode_Should_BeHandled" storage="c:\users\leonardc\git\opportunityplus\qa tests\c# tests\unops.pao.business.tests\bin\debug\net9.0\unops.pao.business.tests.dll" id="0d21f1e2-5e7b-a643-0a1d-7d49713236d7">
      <Execution id="3dd5ea04-e4da-4d4d-a315-b3bbd4cf4086" />
      <TestMethod codeBase="C:\Users\Leonardc\git\opportunityplus\QA Tests\C# Tests\UNOPS.PAO.Business.Tests\bin\Debug\net9.0\UNOPS.PAO.Business.Tests.dll" adapterTypeName="executor://xunit/VsTestRunner2/netcoreapp" className="UNOPS.PAO.Business.Tests.EdgeCases.PartnerTreeManagerEdgeCaseTests" name="PartnerTree_WithSpecialCharactersInCode_Should_BeHandled" />
    </UnitTest>
    <UnitTest name="UNOPS.PAO.Business.Tests.EdgeCases.ContactEdgeCaseTests.GetContacts_EmptyDatabase_Should_ReturnEmpty" storage="c:\users\leonardc\git\opportunityplus\qa tests\c# tests\unops.pao.business.tests\bin\debug\net9.0\unops.pao.business.tests.dll" id="a1a7a326-ef77-e31b-bce7-51f5a8262cf1">
      <Execution id="18c4de25-0a6c-409b-a3f6-b9ae25620384" />
      <TestMethod codeBase="C:\Users\Leonardc\git\opportunityplus\QA Tests\C# Tests\UNOPS.PAO.Business.Tests\bin\Debug\net9.0\UNOPS.PAO.Business.Tests.dll" adapterTypeName="executor://xunit/VsTestRunner2/netcoreapp" className="UNOPS.PAO.Business.Tests.EdgeCases.ContactEdgeCaseTests" name="GetContacts_EmptyDatabase_Should_ReturnEmpty" />
    </UnitTest>
    <UnitTest name="UNOPS.PAO.Business.Tests.Managers.PartnerManagerTests.SearchPartners_Should_FilterByName" storage="c:\users\leonardc\git\opportunityplus\qa tests\c# tests\unops.pao.business.tests\bin\debug\net9.0\unops.pao.business.tests.dll" id="8796ceb6-7e17-2c82-fc02-0d7500e71aad">
      <Execution id="d872c874-34d1-4842-9bfd-8334afbf771c" />
      <TestMethod codeBase="C:\Users\Leonardc\git\opportunityplus\QA Tests\C# Tests\UNOPS.PAO.Business.Tests\bin\Debug\net9.0\UNOPS.PAO.Business.Tests.dll" adapterTypeName="executor://xunit/VsTestRunner2/netcoreapp" className="UNOPS.PAO.Business.Tests.Managers.PartnerManagerTests" name="SearchPartners_Should_FilterByName" />
    </UnitTest>
    <UnitTest name="UNOPS.PAO.Business.Tests.Managers.ContactManagerTests.GetContactsByPartner_Should_ReturnFilteredContacts" storage="c:\users\leonardc\git\opportunityplus\qa tests\c# tests\unops.pao.business.tests\bin\debug\net9.0\unops.pao.business.tests.dll" id="22206988-c125-aba4-53ea-67e8a2a92470">
      <Execution id="a2d0f55f-88d2-4b33-9003-da0a8a6b4a50" />
      <TestMethod codeBase="C:\Users\Leonardc\git\opportunityplus\QA Tests\C# Tests\UNOPS.PAO.Business.Tests\bin\Debug\net9.0\UNOPS.PAO.Business.Tests.dll" adapterTypeName="executor://xunit/VsTestRunner2/netcoreapp" className="UNOPS.PAO.Business.Tests.Managers.ContactManagerTests" name="GetContactsByPartner_Should_ReturnFilteredContacts" />
    </UnitTest>
    <UnitTest name="UNOPS.PAO.Business.Tests.Integration.ContactIntegrationTests.Partner_CanHaveMultipleContacts" storage="c:\users\leonardc\git\opportunityplus\qa tests\c# tests\unops.pao.business.tests\bin\debug\net9.0\unops.pao.business.tests.dll" id="9a1dc4f1-34db-9bf4-8ebe-3b879f9c6355">
      <Execution id="53d46bdd-d0a7-4600-b6de-fe8930840fe8" />
      <TestMethod codeBase="C:\Users\Leonardc\git\opportunityplus\QA Tests\C# Tests\UNOPS.PAO.Business.Tests\bin\Debug\net9.0\UNOPS.PAO.Business.Tests.dll" adapterTypeName="executor://xunit/VsTestRunner2/netcoreapp" className="UNOPS.PAO.Business.Tests.Integration.ContactIntegrationTests" name="Partner_CanHaveMultipleContacts" />
    </UnitTest>
    <UnitTest name="UNOPS.PAO.Business.Tests.EdgeCases.PartnerTreeManagerEdgeCaseTests.GetPartnerTrees_EmptyParentVsNullParent_Should_BothBeRoots" storage="c:\users\leonardc\git\opportunityplus\qa tests\c# tests\unops.pao.business.tests\bin\debug\net9.0\unops.pao.business.tests.dll" id="caa4ef14-db07-656f-62c6-95845c472e1d">
      <Execution id="31caa12d-6aeb-4ffb-b64f-ff518eacc4db" />
      <TestMethod codeBase="C:\Users\Leonardc\git\opportunityplus\QA Tests\C# Tests\UNOPS.PAO.Business.Tests\bin\Debug\net9.0\UNOPS.PAO.Business.Tests.dll" adapterTypeName="executor://xunit/VsTestRunner2/netcoreapp" className="UNOPS.PAO.Business.Tests.EdgeCases.PartnerTreeManagerEdgeCaseTests" name="GetPartnerTrees_EmptyParentVsNullParent_Should_BothBeRoots" />
    </UnitTest>
    <UnitTest name="UNOPS.PAO.Business.Tests.Managers.ContactManagerTests.GetContactById_Should_ReturnNull_When_NotExists" storage="c:\users\leonardc\git\opportunityplus\qa tests\c# tests\unops.pao.business.tests\bin\debug\net9.0\unops.pao.business.tests.dll" id="76174394-e82d-d190-c0ea-f14a48dadeb1">
      <Execution id="96e165b8-3fef-466b-a280-821c33c927c5" />
      <TestMethod codeBase="C:\Users\Leonardc\git\opportunityplus\QA Tests\C# Tests\UNOPS.PAO.Business.Tests\bin\Debug\net9.0\UNOPS.PAO.Business.Tests.dll" adapterTypeName="executor://xunit/VsTestRunner2/netcoreapp" className="UNOPS.PAO.Business.Tests.Managers.ContactManagerTests" name="GetContactById_Should_ReturnNull_When_NotExists" />
    </UnitTest>
    <UnitTest name="UNOPS.PAO.Business.Tests.Managers.PartnerManagerTests.ApprovePartner_Should_SetApprovalStatus" storage="c:\users\leonardc\git\opportunityplus\qa tests\c# tests\unops.pao.business.tests\bin\debug\net9.0\unops.pao.business.tests.dll" id="bd97a53b-e31b-f8dd-de1e-fb4235101c64">
      <Execution id="afee818a-0379-4f57-8a9e-e517bcb72ed2" />
      <TestMethod codeBase="C:\Users\Leonardc\git\opportunityplus\QA Tests\C# Tests\UNOPS.PAO.Business.Tests\bin\Debug\net9.0\UNOPS.PAO.Business.Tests.dll" adapterTypeName="executor://xunit/VsTestRunner2/netcoreapp" className="UNOPS.PAO.Business.Tests.Managers.PartnerManagerTests" name="ApprovePartner_Should_SetApprovalStatus" />
    </UnitTest>
    <UnitTest name="UNOPS.PAO.Business.Tests.Managers.InteractionManagerTests.GetInteractionsByDateRange_Should_FilterCorrectly" storage="c:\users\leonardc\git\opportunityplus\qa tests\c# tests\unops.pao.business.tests\bin\debug\net9.0\unops.pao.business.tests.dll" id="a115c9e8-e76f-7f31-918c-c01c42befa8a">
      <Execution id="74b13ff6-8f1a-4fde-9448-be324fb500cc" />
      <TestMethod codeBase="C:\Users\Leonardc\git\opportunityplus\QA Tests\C# Tests\UNOPS.PAO.Business.Tests\bin\Debug\net9.0\UNOPS.PAO.Business.Tests.dll" adapterTypeName="executor://xunit/VsTestRunner2/netcoreapp" className="UNOPS.PAO.Business.Tests.Managers.InteractionManagerTests" name="GetInteractionsByDateRange_Should_FilterCorrectly" />
    </UnitTest>
    <UnitTest name="UNOPS.PAO.Business.Tests.Managers.InteractionManagerTests.CreateInteraction_Should_PersistInteraction" storage="c:\users\leonardc\git\opportunityplus\qa tests\c# tests\unops.pao.business.tests\bin\debug\net9.0\unops.pao.business.tests.dll" id="6dea095e-ad97-1ebc-76f4-3b7bf873932e">
      <Execution id="8fe66288-26f4-4a65-81e1-37d084c96950" />
      <TestMethod codeBase="C:\Users\Leonardc\git\opportunityplus\QA Tests\C# Tests\UNOPS.PAO.Business.Tests\bin\Debug\net9.0\UNOPS.PAO.Business.Tests.dll" adapterTypeName="executor://xunit/VsTestRunner2/netcoreapp" className="UNOPS.PAO.Business.Tests.Managers.InteractionManagerTests" name="CreateInteraction_Should_PersistInteraction" />
    </UnitTest>
    <UnitTest name="UNOPS.PAO.Business.Tests.Concurrency.ContactConcurrencyTests.ConcurrentOperations_ShouldCompleteWithinTimeout" storage="c:\users\leonardc\git\opportunityplus\qa tests\c# tests\unops.pao.business.tests\bin\debug\net9.0\unops.pao.business.tests.dll" id="66550a2d-3826-4694-6370-ac6aecb3d420">
      <Execution id="2236d7a3-61fa-4b83-ab1d-35f8a5ca2b7f" />
      <TestMethod codeBase="C:\Users\Leonardc\git\opportunityplus\QA Tests\C# Tests\UNOPS.PAO.Business.Tests\bin\Debug\net9.0\UNOPS.PAO.Business.Tests.dll" adapterTypeName="executor://xunit/VsTestRunner2/netcoreapp" className="UNOPS.PAO.Business.Tests.Concurrency.ContactConcurrencyTests" name="ConcurrentOperations_ShouldCompleteWithinTimeout" />
    </UnitTest>
    <UnitTest name="UNOPS.PAO.Business.Tests.Concurrency.ContactConcurrencyTests.ConcurrentContactCreation_ShouldCreateAll" storage="c:\users\leonardc\git\opportunityplus\qa tests\c# tests\unops.pao.business.tests\bin\debug\net9.0\unops.pao.business.tests.dll" id="458a2137-c686-efee-715a-ce2c149ea9f4">
      <Execution id="0b611320-d36f-4afe-841d-3756c0108cf1" />
      <TestMethod codeBase="C:\Users\Leonardc\git\opportunityplus\QA Tests\C# Tests\UNOPS.PAO.Business.Tests\bin\Debug\net9.0\UNOPS.PAO.Business.Tests.dll" adapterTypeName="executor://xunit/VsTestRunner2/netcoreapp" className="UNOPS.PAO.Business.Tests.Concurrency.ContactConcurrencyTests" name="ConcurrentContactCreation_ShouldCreateAll" />
    </UnitTest>
    <UnitTest name="UNOPS.PAO.Business.Tests.Performance.ContactPerformanceTests.BulkCreateContacts_Should_CompleteWithinThreshold" storage="c:\users\leonardc\git\opportunityplus\qa tests\c# tests\unops.pao.business.tests\bin\debug\net9.0\unops.pao.business.tests.dll" id="9021df49-9278-853a-5610-7e3e55235a38">
      <Execution id="4e72f511-3e57-4366-a187-2b60927f95b8" />
      <TestMethod codeBase="C:\Users\Leonardc\git\opportunityplus\QA Tests\C# Tests\UNOPS.PAO.Business.Tests\bin\Debug\net9.0\UNOPS.PAO.Business.Tests.dll" adapterTypeName="executor://xunit/VsTestRunner2/netcoreapp" className="UNOPS.PAO.Business.Tests.Performance.ContactPerformanceTests" name="BulkCreateContacts_Should_CompleteWithinThreshold" />
    </UnitTest>
    <UnitTest name="UNOPS.PAO.Business.Tests.Managers.InteractionManagerTests.GetInteractionById_Should_ReturnNull_When_NotExists" storage="c:\users\leonardc\git\opportunityplus\qa tests\c# tests\unops.pao.business.tests\bin\debug\net9.0\unops.pao.business.tests.dll" id="4ca3cbd2-571f-903c-ed4a-a8a1d5500cfb">
      <Execution id="24cc69b1-9e55-4406-bfd4-0802d82785b3" />
      <TestMethod codeBase="C:\Users\Leonardc\git\opportunityplus\QA Tests\C# Tests\UNOPS.PAO.Business.Tests\bin\Debug\net9.0\UNOPS.PAO.Business.Tests.dll" adapterTypeName="executor://xunit/VsTestRunner2/netcoreapp" className="UNOPS.PAO.Business.Tests.Managers.InteractionManagerTests" name="GetInteractionById_Should_ReturnNull_When_NotExists" />
    </UnitTest>
    <UnitTest name="UNOPS.PAO.Business.Tests.Integration.ContactIntegrationTests.Contact_CanBeCreatedWithPartner" storage="c:\users\leonardc\git\opportunityplus\qa tests\c# tests\unops.pao.business.tests\bin\debug\net9.0\unops.pao.business.tests.dll" id="d1597e31-21d7-15ef-9610-3633b59d94d7">
      <Execution id="b2150e17-959b-47cb-a351-b63d7cb93f42" />
      <TestMethod codeBase="C:\Users\Leonardc\git\opportunityplus\QA Tests\C# Tests\UNOPS.PAO.Business.Tests\bin\Debug\net9.0\UNOPS.PAO.Business.Tests.dll" adapterTypeName="executor://xunit/VsTestRunner2/netcoreapp" className="UNOPS.PAO.Business.Tests.Integration.ContactIntegrationTests" name="Contact_CanBeCreatedWithPartner" />
    </UnitTest>
    <UnitTest name="UNOPS.PAO.Business.Tests.EdgeCases.PartnerTreeManagerEdgeCaseTests.PartnerTree_WithEmptyCode_Should_BeHandled" storage="c:\users\leonardc\git\opportunityplus\qa tests\c# tests\unops.pao.business.tests\bin\debug\net9.0\unops.pao.business.tests.dll" id="bd1e3442-2e27-06be-21ad-f497fda6b1b8">
      <Execution id="0b93c7ba-9645-4fa0-8389-3ee1ed6b7fda" />
      <TestMethod codeBase="C:\Users\Leonardc\git\opportunityplus\QA Tests\C# Tests\UNOPS.PAO.Business.Tests\bin\Debug\net9.0\UNOPS.PAO.Business.Tests.dll" adapterTypeName="executor://xunit/VsTestRunner2/netcoreapp" className="UNOPS.PAO.Business.Tests.EdgeCases.PartnerTreeManagerEdgeCaseTests" name="PartnerTree_WithEmptyCode_Should_BeHandled" />
    </UnitTest>
    <UnitTest name="UNOPS.PAO.Business.Tests.EdgeCases.OrganizationHierarchyManagerEdgeCaseTests.Organization_WithNonExistentParentId_Should_BeStorable" storage="c:\users\leonardc\git\opportunityplus\qa tests\c# tests\unops.pao.business.tests\bin\debug\net9.0\unops.pao.business.tests.dll" id="17943929-afc7-16b9-ee75-7d9d17787d27">
      <Execution id="61475c79-4a75-4f1d-bf0f-5082cb3d8cf6" />
      <TestMethod codeBase="C:\Users\Leonardc\git\opportunityplus\QA Tests\C# Tests\UNOPS.PAO.Business.Tests\bin\Debug\net9.0\UNOPS.PAO.Business.Tests.dll" adapterTypeName="executor://xunit/VsTestRunner2/netcoreapp" className="UNOPS.PAO.Business.Tests.EdgeCases.OrganizationHierarchyManagerEdgeCaseTests" name="Organization_WithNonExistentParentId_Should_BeStorable" />
    </UnitTest>
    <UnitTest name="UNOPS.PAO.Business.Tests.Performance.ContactPerformanceTests.GetContactById_Should_CompleteWithinThreshold" storage="c:\users\leonardc\git\opportunityplus\qa tests\c# tests\unops.pao.business.tests\bin\debug\net9.0\unops.pao.business.tests.dll" id="9b884b5d-3c99-869b-f422-7b1a2e919c27">
      <Execution id="d1f20f72-8358-442c-811d-139ce78a3265" />
      <TestMethod codeBase="C:\Users\Leonardc\git\opportunityplus\QA Tests\C# Tests\UNOPS.PAO.Business.Tests\bin\Debug\net9.0\UNOPS.PAO.Business.Tests.dll" adapterTypeName="executor://xunit/VsTestRunner2/netcoreapp" className="UNOPS.PAO.Business.Tests.Performance.ContactPerformanceTests" name="GetContactById_Should_CompleteWithinThreshold" />
    </UnitTest>
    <UnitTest name="UNOPS.PAO.Business.Tests.Concurrency.ContactConcurrencyTests.ConcurrentReadAndWrite_ShouldNotDeadlock" storage="c:\users\leonardc\git\opportunityplus\qa tests\c# tests\unops.pao.business.tests\bin\debug\net9.0\unops.pao.business.tests.dll" id="c85f9c2d-3115-a1d9-3ef7-4f78a27415d3">
      <Execution id="ce69cb91-c86c-4dad-8823-d20363764328" />
      <TestMethod codeBase="C:\Users\Leonardc\git\opportunityplus\QA Tests\C# Tests\UNOPS.PAO.Business.Tests\bin\Debug\net9.0\UNOPS.PAO.Business.Tests.dll" adapterTypeName="executor://xunit/VsTestRunner2/netcoreapp" className="UNOPS.PAO.Business.Tests.Concurrency.ContactConcurrencyTests" name="ConcurrentReadAndWrite_ShouldNotDeadlock" />
    </UnitTest>
    <UnitTest name="UNOPS.PAO.Business.Tests.EdgeCases.ContactEdgeCaseTests.SearchContacts_WithNoMatches_Should_ReturnEmpty" storage="c:\users\leonardc\git\opportunityplus\qa tests\c# tests\unops.pao.business.tests\bin\debug\net9.0\unops.pao.business.tests.dll" id="35fe42f7-4330-f990-9e1c-c8b3bcac9923">
      <Execution id="2a654be5-a524-41ca-8172-03a26aa209bc" />
      <TestMethod codeBase="C:\Users\Leonardc\git\opportunityplus\QA Tests\C# Tests\UNOPS.PAO.Business.Tests\bin\Debug\net9.0\UNOPS.PAO.Business.Tests.dll" adapterTypeName="executor://xunit/VsTestRunner2/netcoreapp" className="UNOPS.PAO.Business.Tests.EdgeCases.ContactEdgeCaseTests" name="SearchContacts_WithNoMatches_Should_ReturnEmpty" />
    </UnitTest>
    <UnitTest name="UNOPS.PAO.Business.Tests.Managers.OrganizationHierarchyManagerTests.GetOrganizations_Should_ReturnEmpty_When_NoOrganizations" storage="c:\users\leonardc\git\opportunityplus\qa tests\c# tests\unops.pao.business.tests\bin\debug\net9.0\unops.pao.business.tests.dll" id="4a4d6def-7b5f-3b18-5974-1d3ee0178a3a">
      <Execution id="94676df5-930b-4dbf-bf98-d36d8dfd8c47" />
      <TestMethod codeBase="C:\Users\Leonardc\git\opportunityplus\QA Tests\C# Tests\UNOPS.PAO.Business.Tests\bin\Debug\net9.0\UNOPS.PAO.Business.Tests.dll" adapterTypeName="executor://xunit/VsTestRunner2/netcoreapp" className="UNOPS.PAO.Business.Tests.Managers.OrganizationHierarchyManagerTests" name="GetOrganizations_Should_ReturnEmpty_When_NoOrganizations" />
    </UnitTest>
    <UnitTest name="UNOPS.PAO.Business.Tests.Managers.OrganizationHierarchyManagerTests.GetChildOrganizations_Should_ReturnChildren" storage="c:\users\leonardc\git\opportunityplus\qa tests\c# tests\unops.pao.business.tests\bin\debug\net9.0\unops.pao.business.tests.dll" id="e8892e87-6fae-4987-d1f7-0feddb32646c">
      <Execution id="24c5c20d-2a5c-49fe-afbb-ea154880cb49" />
      <TestMethod codeBase="C:\Users\Leonardc\git\opportunityplus\QA Tests\C# Tests\UNOPS.PAO.Business.Tests\bin\Debug\net9.0\UNOPS.PAO.Business.Tests.dll" adapterTypeName="executor://xunit/VsTestRunner2/netcoreapp" className="UNOPS.PAO.Business.Tests.Managers.OrganizationHierarchyManagerTests" name="GetChildOrganizations_Should_ReturnChildren" />
    </UnitTest>
    <UnitTest name="UNOPS.PAO.Business.Tests.Managers.DocumentManagerTests.UpdateDocument_Should_UpdateFields" storage="c:\users\leonardc\git\opportunityplus\qa tests\c# tests\unops.pao.business.tests\bin\debug\net9.0\unops.pao.business.tests.dll" id="081201c6-8f3e-58dd-e9d1-3b87129d2555">
      <Execution id="2294432c-139c-4797-b308-da128a54c8d3" />
      <TestMethod codeBase="C:\Users\Leonardc\git\opportunityplus\QA Tests\C# Tests\UNOPS.PAO.Business.Tests\bin\Debug\net9.0\UNOPS.PAO.Business.Tests.dll" adapterTypeName="executor://xunit/VsTestRunner2/netcoreapp" className="UNOPS.PAO.Business.Tests.Managers.DocumentManagerTests" name="UpdateDocument_Should_UpdateFields" />
    </UnitTest>
    <UnitTest name="UNOPS.PAO.Business.Tests.EdgeCases.ContactEdgeCaseTests.Contact_WithVeryLongName_Should_BeHandled" storage="c:\users\leonardc\git\opportunityplus\qa tests\c# tests\unops.pao.business.tests\bin\debug\net9.0\unops.pao.business.tests.dll" id="7ef97398-07b4-9969-867e-b136cbb2177d">
      <Execution id="3d757d1b-1cac-4c77-97e2-fdd65cc1bfad" />
      <TestMethod codeBase="C:\Users\Leonardc\git\opportunityplus\QA Tests\C# Tests\UNOPS.PAO.Business.Tests\bin\Debug\net9.0\UNOPS.PAO.Business.Tests.dll" adapterTypeName="executor://xunit/VsTestRunner2/netcoreapp" className="UNOPS.PAO.Business.Tests.EdgeCases.ContactEdgeCaseTests" name="Contact_WithVeryLongName_Should_BeHandled" />
    </UnitTest>
    <UnitTest name="UNOPS.PAO.Business.Tests.EdgeCases.OrganizationHierarchyManagerEdgeCaseTests.GetOrganizationsByType_WithNoMatches_Should_ReturnEmpty" storage="c:\users\leonardc\git\opportunityplus\qa tests\c# tests\unops.pao.business.tests\bin\debug\net9.0\unops.pao.business.tests.dll" id="71f1574e-c883-dda4-9032-c8b5e34828ee">
      <Execution id="b1661cc4-d37c-4e5e-a1e1-639feb582c3e" />
      <TestMethod codeBase="C:\Users\Leonardc\git\opportunityplus\QA Tests\C# Tests\UNOPS.PAO.Business.Tests\bin\Debug\net9.0\UNOPS.PAO.Business.Tests.dll" adapterTypeName="executor://xunit/VsTestRunner2/netcoreapp" className="UNOPS.PAO.Business.Tests.EdgeCases.OrganizationHierarchyManagerEdgeCaseTests" name="GetOrganizationsByType_WithNoMatches_Should_ReturnEmpty" />
    </UnitTest>
    <UnitTest name="UNOPS.PAO.Business.Tests.Managers.OrganizationHierarchyManagerTests.OrganizationHierarchy_Should_SupportParentChildRelationships" storage="c:\users\leonardc\git\opportunityplus\qa tests\c# tests\unops.pao.business.tests\bin\debug\net9.0\unops.pao.business.tests.dll" id="1c5461fc-607c-c829-707f-f8f5d77c07d4">
      <Execution id="69085c8d-f31f-41c1-a068-8ac11fb21425" />
      <TestMethod codeBase="C:\Users\Leonardc\git\opportunityplus\QA Tests\C# Tests\UNOPS.PAO.Business.Tests\bin\Debug\net9.0\UNOPS.PAO.Business.Tests.dll" adapterTypeName="executor://xunit/VsTestRunner2/netcoreapp" className="UNOPS.PAO.Business.Tests.Managers.OrganizationHierarchyManagerTests" name="OrganizationHierarchy_Should_SupportParentChildRelationships" />
    </UnitTest>
    <UnitTest name="UNOPS.PAO.Business.Tests.EdgeCases.ContactEdgeCaseTests.GetContactById_WithZeroId_Should_ReturnNull" storage="c:\users\leonardc\git\opportunityplus\qa tests\c# tests\unops.pao.business.tests\bin\debug\net9.0\unops.pao.business.tests.dll" id="a7c8ff43-8a90-7214-e09e-98aa639787bf">
      <Execution id="39103fe4-de22-4768-9e82-4c3ba4eb7c90" />
      <TestMethod codeBase="C:\Users\Leonardc\git\opportunityplus\QA Tests\C# Tests\UNOPS.PAO.Business.Tests\bin\Debug\net9.0\UNOPS.PAO.Business.Tests.dll" adapterTypeName="executor://xunit/VsTestRunner2/netcoreapp" className="UNOPS.PAO.Business.Tests.EdgeCases.ContactEdgeCaseTests" name="GetContactById_WithZeroId_Should_ReturnNull" />
    </UnitTest>
    <UnitTest name="UNOPS.PAO.Business.Tests.Managers.InteractionManagerTests.GetInteractionById_Should_ReturnInteraction_When_Exists" storage="c:\users\leonardc\git\opportunityplus\qa tests\c# tests\unops.pao.business.tests\bin\debug\net9.0\unops.pao.business.tests.dll" id="6696944f-f206-9999-8270-b8e093a83285">
      <Execution id="67d1eef9-c775-46a0-b4c9-04b6ed7cb16b" />
      <TestMethod codeBase="C:\Users\Leonardc\git\opportunityplus\QA Tests\C# Tests\UNOPS.PAO.Business.Tests\bin\Debug\net9.0\UNOPS.PAO.Business.Tests.dll" adapterTypeName="executor://xunit/VsTestRunner2/netcoreapp" className="UNOPS.PAO.Business.Tests.Managers.InteractionManagerTests" name="GetInteractionById_Should_ReturnInteraction_When_Exists" />
    </UnitTest>
    <UnitTest name="UNOPS.PAO.Business.Tests.EdgeCases.PartnerTreeManagerEdgeCaseTests.GetPartnerTrees_WithAllRoots_Should_ReturnAll" storage="c:\users\leonardc\git\opportunityplus\qa tests\c# tests\unops.pao.business.tests\bin\debug\net9.0\unops.pao.business.tests.dll" id="08de13b3-e0a0-4672-a712-be902a345a63">
      <Execution id="8dc8c217-ee14-4bd3-9964-af404c542348" />
      <TestMethod codeBase="C:\Users\Leonardc\git\opportunityplus\QA Tests\C# Tests\UNOPS.PAO.Business.Tests\bin\Debug\net9.0\UNOPS.PAO.Business.Tests.dll" adapterTypeName="executor://xunit/VsTestRunner2/netcoreapp" className="UNOPS.PAO.Business.Tests.EdgeCases.PartnerTreeManagerEdgeCaseTests" name="GetPartnerTrees_WithAllRoots_Should_ReturnAll" />
    </UnitTest>
    <UnitTest name="UNOPS.PAO.Business.Tests.EdgeCases.OrganizationHierarchyManagerEdgeCaseTests.Organization_WithEmptyCode_Should_BeStorable" storage="c:\users\leonardc\git\opportunityplus\qa tests\c# tests\unops.pao.business.tests\bin\debug\net9.0\unops.pao.business.tests.dll" id="ff2f118d-6ca3-05e7-913b-57e7a80fc921">
      <Execution id="61286278-524a-43a1-a311-0e6125ca4470" />
      <TestMethod codeBase="C:\Users\Leonardc\git\opportunityplus\QA Tests\C# Tests\UNOPS.PAO.Business.Tests\bin\Debug\net9.0\UNOPS.PAO.Business.Tests.dll" adapterTypeName="executor://xunit/VsTestRunner2/netcoreapp" className="UNOPS.PAO.Business.Tests.EdgeCases.OrganizationHierarchyManagerEdgeCaseTests" name="Organization_WithEmptyCode_Should_BeStorable" />
    </UnitTest>
    <UnitTest name="UNOPS.PAO.Business.Tests.EdgeCases.OrganizationHierarchyManagerEdgeCaseTests.GetOrganizationById_WithZeroId_Should_ReturnNull" storage="c:\users\leonardc\git\opportunityplus\qa tests\c# tests\unops.pao.business.tests\bin\debug\net9.0\unops.pao.business.tests.dll" id="0d3610c9-ecae-4526-0872-8eeafa1a7b38">
      <Execution id="084e439d-4be7-42e1-a11b-b39aa56a5ed1" />
      <TestMethod codeBase="C:\Users\Leonardc\git\opportunityplus\QA Tests\C# Tests\UNOPS.PAO.Business.Tests\bin\Debug\net9.0\UNOPS.PAO.Business.Tests.dll" adapterTypeName="executor://xunit/VsTestRunner2/netcoreapp" className="UNOPS.PAO.Business.Tests.EdgeCases.OrganizationHierarchyManagerEdgeCaseTests" name="GetOrganizationById_WithZeroId_Should_ReturnNull" />
    </UnitTest>
    <UnitTest name="UNOPS.PAO.Business.Tests.Managers.PartnerManagerTests.GetPartnerWithContacts_Should_IncludeContacts" storage="c:\users\leonardc\git\opportunityplus\qa tests\c# tests\unops.pao.business.tests\bin\debug\net9.0\unops.pao.business.tests.dll" id="8947e642-bcb4-3c21-e32b-50f1a889c877">
      <Execution id="24b91d8b-b279-4e91-9a3c-d20d7e4224a7" />
[...]
    </UnitTest>
    <UnitTest name="UNOPS.PAO.Business.Tests.EdgeCases.OrganizationHierarchyManagerEdgeCaseTests.Organization_WithAllTypes_Should_BeQueryable" storage="c:\users\leonardc\git\opportunityplus\qa tests\c# tests\unops.pao.business.tests\bin\debug\net9.0\unops.pao.business.tests.dll" id="d3222026-cdad-50b2-53d5-26f5d897201f">
      <Execution id="c1518456-f04d-4b35-bb30-ff841b66a7d9" />
      <TestMethod codeBase="C:\Users\Leonardc\git\opportunityplus\QA Tests\C# Tests\UNOPS.PAO.Business.Tests\bin\Debug\net9.0\UNOPS.PAO.Business.Tests.dll" adapterTypeName="executor://xunit/VsTestRunner2/netcoreapp" className="UNOPS.PAO.Business.Tests.EdgeCases.OrganizationHierarchyManagerEdgeCaseTests" name="Organization_WithAllTypes_Should_BeQueryable" />
    </UnitTest>
    <UnitTest name="UNOPS.PAO.Business.Tests.EdgeCases.OrganizationHierarchyManagerEdgeCaseTests.Organization_WithUnicodeName_Should_BeHandled" storage="c:\users\leonardc\git\opportunityplus\qa tests\c# tests\unops.pao.business.tests\bin\debug\net9.0\unops.pao.business.tests.dll" id="5117208d-ff07-104a-9274-ca18fd05a568">
      <Execution id="d6b73f80-3495-43d0-86d9-46d68ea4ca29" />
      <TestMethod codeBase="C:\Users\Leonardc\git\opportunityplus\QA Tests\C# Tests\UNOPS.PAO.Business.Tests\bin\Debug\net9.0\UNOPS.PAO.Business.Tests.dll" adapterTypeName="executor://xunit/VsTestRunner2/netcoreapp" className="UNOPS.PAO.Business.Tests.EdgeCases.OrganizationHierarchyManagerEdgeCaseTests" name="Organization_WithUnicodeName_Should_BeHandled" />
    </UnitTest>
    <UnitTest name="UNOPS.PAO.Business.Tests.EdgeCases.ContactEdgeCaseTests.Contact_WithSpecialCharactersInEmail_Should_BeHandled" storage="c:\users\leonardc\git\opportunityplus\qa tests\c# tests\unops.pao.business.tests\bin\debug\net9.0\unops.pao.business.tests.dll" id="0003c3fd-b215-2bc4-9d98-7ccd680e3fc4">
      <Execution id="592a99f8-f069-467d-bfd7-eae644f0a19c" />
      <TestMethod codeBase="C:\Users\Leonardc\git\opportunityplus\QA Tests\C# Tests\UNOPS.PAO.Business.Tests\bin\Debug\net9.0\UNOPS.PAO.Business.Tests.dll" adapterTypeName="executor://xunit/VsTestRunner2/netcoreapp" className="UNOPS.PAO.Business.Tests.EdgeCases.ContactEdgeCaseTests" name="Contact_WithSpecialCharactersInEmail_Should_BeHandled" />
    </UnitTest>
    <UnitTest name="UNOPS.PAO.Business.Tests.Managers.PartnerManagerTests.GetAllPartners_Should_ReturnAllPartners" storage="c:\users\leonardc\git\opportunityplus\qa tests\c# tests\unops.pao.business.tests\bin\debug\net9.0\unops.pao.business.tests.dll" id="3f2ca16e-625e-6450-6999-2420d6f9b969">
      <Execution id="a1a7a3ca-72a4-4c57-abb9-cb8022fc34cc" />
      <TestMethod codeBase="C:\Users\Leonardc\git\opportunityplus\QA Tests\C# Tests\UNOPS.PAO.Business.Tests\bin\Debug\net9.0\UNOPS.PAO.Business.Tests.dll" adapterTypeName="executor://xunit/VsTestRunner2/netcoreapp" className="UNOPS.PAO.Business.Tests.Managers.PartnerManagerTests" name="GetAllPartners_Should_ReturnAllPartners" />
    </UnitTest>
    <UnitTest name="UNOPS.PAO.Business.Tests.Managers.ContactManagerTests.UpdateContact_Should_UpdateFields" storage="c:\users\leonardc\git\opportunityplus\qa tests\c# tests\unops.pao.business.tests\bin\debug\net9.0\unops.pao.business.tests.dll" id="4eeb94f3-8a98-dfbf-cc21-554ab9413a6c">
      <Execution id="8c3695bd-fe35-4880-a3c4-62fdd7a86149" />
      <TestMethod codeBase="C:\Users\Leonardc\git\opportunityplus\QA Tests\C# Tests\UNOPS.PAO.Business.Tests\bin\Debug\net9.0\UNOPS.PAO.Business.Tests.dll" adapterTypeName="executor://xunit/VsTestRunner2/netcoreapp" className="UNOPS.PAO.Business.Tests.Managers.ContactManagerTests" name="UpdateContact_Should_UpdateFields" />
    </UnitTest>
    <UnitTest name="UNOPS.PAO.Business.Tests.EdgeCases.PartnerTreeManagerEdgeCaseTests.PartnerTree_WithUnicodeInName_Should_BeHandled" storage="c:\users\leonardc\git\opportunityplus\qa tests\c# tests\unops.pao.business.tests\bin\debug\net9.0\unops.pao.business.tests.dll" id="549e9b54-1d41-cb73-98e2-706d343bebcf">
      <Execution id="20015f5e-722d-4bf9-8623-4c4375074854" />
      <TestMethod codeBase="C:\Users\Leonardc\git\opportunityplus\QA Tests\C# Tests\UNOPS.PAO.Business.Tests\bin\Debug\net9.0\UNOPS.PAO.Business.Tests.dll" adapterTypeName="executor://xunit/VsTestRunner2/netcoreapp" className="UNOPS.PAO.Business.Tests.EdgeCases.PartnerTreeManagerEdgeCaseTests" name="PartnerTree_WithUnicodeInName_Should_BeHandled" />
    </UnitTest>
    <UnitTest name="UNOPS.PAO.Business.Tests.EdgeCases.PartnerTreeManagerEdgeCaseTests.PartnerTree_WithNonExistentParent_Should_BeStorable" storage="c:\users\leonardc\git\opportunityplus\qa tests\c# tests\unops.pao.business.tests\bin\debug\net9.0\unops.pao.business.tests.dll" id="94c3909b-e497-83d3-19d7-58d680a59df5">
      <Execution id="3195b682-7ded-4f31-99c9-9a3af7d58751" />
      <TestMethod codeBase="C:\Users\Leonardc\git\opportunityplus\QA Tests\C# Tests\UNOPS.PAO.Business.Tests\bin\Debug\net9.0\UNOPS.PAO.Business.Tests.dll" adapterTypeName="executor://xunit/VsTestRunner2/netcoreapp" className="UNOPS.PAO.Business.Tests.EdgeCases.PartnerTreeManagerEdgeCaseTests" name="PartnerTree_WithNonExistentParent_Should_BeStorable" />
    </UnitTest>
    <UnitTest name="UNOPS.PAO.Business.Tests.EdgeCases.OrganizationHierarchyManagerEdgeCaseTests.Organization_WithSelfReferenceParent_Should_BeStorable" storage="c:\users\leonardc\git\opportunityplus\qa tests\c# tests\unops.pao.business.tests\bin\debug\net9.0\unops.pao.business.tests.dll" id="6d75e14b-385f-ecc5-df51-44e113cfd68e">
      <Execution id="d4c6dddf-d780-4aa6-a2f5-f035887dc8ed" />
      <TestMethod codeBase="C:\Users\Leonardc\git\opportunityplus\QA Tests\C# Tests\UNOPS.PAO.Business.Tests\bin\Debug\net9.0\UNOPS.PAO.Business.Tests.dll" adapterTypeName="executor://xunit/VsTestRunner2/netcoreapp" className="UNOPS.PAO.Business.Tests.EdgeCases.OrganizationHierarchyManagerEdgeCaseTests" name="Organization_WithSelfReferenceParent_Should_BeStorable" />
    </UnitTest>
  </TestDefinitions>
  <TestEntries>
    <TestEntry testId="5117208d-ff07-104a-9274-ca18fd05a568" executionId="d6b73f80-3495-43d0-86d9-46d68ea4ca29" testListId="8c84fa94-04c1-424b-9868-57a2d4851a1d" />
    <TestEntry testId="3cfd1a5c-eff5-b1fb-7efa-241535e1c3d3" executionId="52bd0c63-10d1-41da-86fa-d22a8ba2cd4b" testListId="8c84fa94-04c1-424b-9868-57a2d4851a1d" />
    <TestEntry testId="9622bbda-0fd9-7369-1f96-233703dea721" executionId="d1d74438-c6d7-402f-9c7e-a8109f489184" testListId="8c84fa94-04c1-424b-9868-57a2d4851a1d" />
    <TestEntry testId="b8a057d1-1f70-3454-6ec9-39fd4e010177" executionId="a468b98c-94b8-489a-a4de-c11f72b28772" testListId="8c84fa94-04c1-424b-9868-57a2d4851a1d" />
    <TestEntry testId="6d75e14b-385f-ecc5-df51-44e113cfd68e" executionId="d4c6dddf-d780-4aa6-a2f5-f035887dc8ed" testListId="8c84fa94-04c1-424b-9868-57a2d4851a1d" />
    <TestEntry testId="9b884b5d-3c99-869b-f422-7b1a2e919c27" executionId="d1f20f72-8358-442c-811d-139ce78a3265" testListId="8c84fa94-04c1-424b-9868-57a2d4851a1d" />
    <TestEntry testId="458a2137-c686-efee-715a-ce2c149ea9f4" executionId="0b611320-d36f-4afe-841d-3756c0108cf1" testListId="8c84fa94-04c1-424b-9868-57a2d4851a1d" />
    <TestEntry testId="4eeb94f3-8a98-dfbf-cc21-554ab9413a6c" executionId="8c3695bd-fe35-4880-a3c4-62fdd7a86149" testListId="8c84fa94-04c1-424b-9868-57a2d4851a1d" />
    <TestEntry testId="48e2c848-770a-faa0-0187-27c5f4f8dcac" executionId="16169332-9567-43a9-b694-c9aa9a9b207b" testListId="8c84fa94-04c1-424b-9868-57a2d4851a1d" />
    <TestEntry testId="b65a9b95-a5ff-8645-9d94-866d2bbc35e7" executionId="f7e710e3-565a-48de-9f21-c2f43cdd7d6f" testListId="8c84fa94-04c1-424b-9868-57a2d4851a1d" />
    <TestEntry testId="a115c9e8-e76f-7f31-918c-c01c42befa8a" executionId="74b13ff6-8f1a-4fde-9448-be324fb500cc" testListId="8c84fa94-04c1-424b-9868-57a2d4851a1d" />
    <TestEntry testId="17943929-afc7-16b9-ee75-7d9d17787d27" executionId="61475c79-4a75-4f1d-bf0f-5082cb3d8cf6" testListId="8c84fa94-04c1-424b-9868-57a2d4851a1d" />
    <TestEntry testId="d3222026-cdad-50b2-53d5-26f5d897201f" executionId="c1518456-f04d-4b35-bb30-ff841b66a7d9" testListId="8c84fa94-04c1-424b-9868-57a2d4851a1d" />
    <TestEntry testId="71f1574e-c883-dda4-9032-c8b5e34828ee" executionId="b1661cc4-d37c-4e5e-a1e1-639feb582c3e" testListId="8c84fa94-04c1-424b-9868-57a2d4851a1d" />
    <TestEntry testId="0003c3fd-b215-2bc4-9d98-7ccd680e3fc4" executionId="592a99f8-f069-467d-bfd7-eae644f0a19c" testListId="8c84fa94-04c1-424b-9868-57a2d4851a1d" />
    <TestEntry testId="66550a2d-3826-4694-6370-ac6aecb3d420" executionId="2236d7a3-61fa-4b83-ab1d-35f8a5ca2b7f" testListId="8c84fa94-04c1-424b-9868-57a2d4851a1d" />
    <TestEntry testId="d14f0f51-6b49-9911-47a4-099b5a038a9c" executionId="a0847ff1-426d-4b88-988b-4292f8fde69a" testListId="8c84fa94-04c1-424b-9868-57a2d4851a1d" />
    <TestEntry testId="76174394-e82d-d190-c0ea-f14a48dadeb1" executionId="96e165b8-3fef-466b-a280-821c33c927c5" testListId="8c84fa94-04c1-424b-9868-57a2d4851a1d" />
    <TestEntry testId="d1597e31-21d7-15ef-9610-3633b59d94d7" executionId="b2150e17-959b-47cb-a351-b63d7cb93f42" testListId="8c84fa94-04c1-424b-9868-57a2d4851a1d" />
    <TestEntry testId="73a8161b-3fa6-d72a-ed3c-aa2b4736a1aa" executionId="84645b73-eb8e-454c-b5c0-e07990b7a094" testListId="8c84fa94-04c1-424b-9868-57a2d4851a1d" />
    <TestEntry testId="bd1e3442-2e27-06be-21ad-f497fda6b1b8" executionId="0b93c7ba-9645-4fa0-8389-3ee1ed6b7fda" testListId="8c84fa94-04c1-424b-9868-57a2d4851a1d" />
    <TestEntry testId="c2197f8b-4f59-36ca-4219-803e8ffe743c" executionId="3e5b05d3-9c1c-4648-ae4c-7d714a236e4f" testListId="8c84fa94-04c1-424b-9868-57a2d4851a1d" />
    <TestEntry testId="49bc7034-d3c5-a24f-27d2-3d4d6e7b2fac" executionId="8a13d42b-aaf2-4ab3-a371-ec4132e221fa" testListId="8c84fa94-04c1-424b-9868-57a2d4851a1d" />
    <TestEntry testId="0d3610c9-ecae-4526-0872-8eeafa1a7b38" executionId="084e439d-4be7-42e1-a11b-b39aa56a5ed1" testListId="8c84fa94-04c1-424b-9868-57a2d4851a1d" />
    <TestEntry testId="91f06361-3998-ad32-82cc-17c700356483" executionId="f94c8965-9031-45fb-9c8e-764f883cce51" testListId="8c84fa94-04c1-424b-9868-57a2d4851a1d" />
    <TestEntry testId="c636404d-bd2e-9e57-b048-2a2f1df1e9cc" executionId="a45441e2-00e4-41c7-9149-f79671b17418" testListId="8c84fa94-04c1-424b-9868-57a2d4851a1d" />
    <TestEntry testId="9c2e93fe-1726-0887-7bd9-cf4602d49fb2" executionId="e3b4299a-c10d-4da4-b4a6-cd93c7e0a077" testListId="8c84fa94-04c1-424b-9868-57a2d4851a1d" />
    <TestEntry testId="a760e578-0a06-1a47-4924-812736327115" executionId="99bcef0c-ae45-43b0-8855-7b95192b2f4e" testListId="8c84fa94-04c1-424b-9868-57a2d4851a1d" />
    <TestEntry testId="ff2f118d-6ca3-05e7-913b-57e7a80fc921" executionId="61286278-524a-43a1-a311-0e6125ca4470" testListId="8c84fa94-04c1-424b-9868-57a2d4851a1d" />
    <TestEntry testId="35fe42f7-4330-f990-9e1c-c8b3bcac9923" executionId="2a654be5-a524-41ca-8172-03a26aa209bc" testListId="8c84fa94-04c1-424b-9868-57a2d4851a1d" />
    <TestEntry testId="d22e55e4-2ad0-c38e-3420-2afc4ca332f3" executionId="06941096-34fa-40d5-b372-5fb04d08ec52" testListId="8c84fa94-04c1-424b-9868-57a2d4851a1d" />
    <TestEntry testId="3958190f-7c07-a6d8-4530-68ebdb15a161" executionId="cabbe8e1-6c37-4f27-9f01-694fc2d5884b" testListId="8c84fa94-04c1-424b-9868-57a2d4851a1d" />
    <TestEntry testId="de9e964b-415b-08dd-1938-560dd7e89fd7" executionId="ca27dc9f-cb89-4196-9bbb-65f5cc893e7d" testListId="8c84fa94-04c1-424b-9868-57a2d4851a1d" />
    <TestEntry testId="1432aa8c-89e2-547a-d616-c135f8972b1d" executionId="a1c089b8-7262-4395-9e21-788e516806b5" testListId="8c84fa94-04c1-424b-9868-57a2d4851a1d" />
    <TestEntry testId="1c9d195a-fbc2-b900-bd68-81c4cbab6645" executionId="c1f466c5-e08a-4c6c-9e35-98f470291227" testListId="8c84fa94-04c1-424b-9868-57a2d4851a1d" />
    <TestEntry testId="caa4ef14-db07-656f-62c6-95845c472e1d" executionId="31caa12d-6aeb-4ffb-b64f-ff518eacc4db" testListId="8c84fa94-04c1-424b-9868-57a2d4851a1d" />
    <TestEntry testId="a7c8ff43-8a90-7214-e09e-98aa639787bf" executionId="39103fe4-de22-4768-9e82-4c3ba4eb7c90" testListId="8c84fa94-04c1-424b-9868-57a2d4851a1d" />
    <TestEntry testId="22206988-c125-aba4-53ea-67e8a2a92470" executionId="a2d0f55f-88d2-4b33-9003-da0a8a6b4a50" testListId="8c84fa94-04c1-424b-9868-57a2d4851a1d" />
    <TestEntry testId="08de13b3-e0a0-4672-a712-be902a345a63" executionId="8dc8c217-ee14-4bd3-9964-af404c542348" testListId="8c84fa94-04c1-424b-9868-57a2d4851a1d" />
    <TestEntry testId="1c5461fc-607c-c829-707f-f8f5d77c07d4" executionId="69085c8d-f31f-41c1-a068-8ac11fb21425" testListId="8c84fa94-04c1-424b-9868-57a2d4851a1d" />
    <TestEntry testId="549e9b54-1d41-cb73-98e2-706d343bebcf" executionId="20015f5e-722d-4bf9-8623-4c4375074854" testListId="8c84fa94-04c1-424b-9868-57a2d4851a1d" />
    <TestEntry testId="c1c8c718-0bb1-ea8f-fc59-647443756e72" executionId="9e91b1a5-e7c0-4468-a028-880980548b60" testListId="8c84fa94-04c1-424b-9868-57a2d4851a1d" />
    <TestEntry testId="e8892e87-6fae-4987-d1f7-0feddb32646c" executionId="24c5c20d-2a5c-49fe-afbb-ea154880cb49" testListId="8c84fa94-04c1-424b-9868-57a2d4851a1d" />
    <TestEntry testId="9a1dc4f1-34db-9bf4-8ebe-3b879f9c6355" executionId="53d46bdd-d0a7-4600-b6de-fe8930840fe8" testListId="8c84fa94-04c1-424b-9868-57a2d4851a1d" />
    <TestEntry testId="081201c6-8f3e-58dd-e9d1-3b87129d2555" executionId="2294432c-139c-4797-b308-da128a54c8d3" testListId="8c84fa94-04c1-424b-9868-57a2d4851a1d" />
    <TestEntry testId="df883bc1-d11b-5443-d56a-d6878ca3ae0e" executionId="73fecc34-dd4c-477a-bed5-5250cb310b3a" testListId="8c84fa94-04c1-424b-9868-57a2d4851a1d" />
    <TestEntry testId="315a16da-45c9-27bc-dbfa-65a9e4dd325d" executionId="0743856b-75bb-41c9-aa3b-48d9fa8066e6" testListId="8c84fa94-04c1-424b-9868-57a2d4851a1d" />
    <TestEntry testId="6dea095e-ad97-1ebc-76f4-3b7bf873932e" executionId="8fe66288-26f4-4a65-81e1-37d084c96950" testListId="8c84fa94-04c1-424b-9868-57a2d4851a1d" />
    <TestEntry testId="4b474f5f-8ca0-6243-a7a7-0eb4183c4b85" executionId="1a7986d0-7cf7-4bdd-9bbf-9db753b8edf3" testListId="8c84fa94-04c1-424b-9868-57a2d4851a1d" />
    <TestEntry testId="4a4d6def-7b5f-3b18-5974-1d3ee0178a3a" executionId="94676df5-930b-4dbf-bf98-d36d8dfd8c47" testListId="8c84fa94-04c1-424b-9868-57a2d4851a1d" />
    <TestEntry testId="0d21f1e2-5e7b-a643-0a1d-7d49713236d7" executionId="3dd5ea04-e4da-4d4d-a315-b3bbd4cf4086" testListId="8c84fa94-04c1-424b-9868-57a2d4851a1d" />
    <TestEntry testId="9c598267-b72a-ca5e-e77e-239094e30771" executionId="dd6505d9-ed90-40c0-824f-799629b2ee62" testListId="8c84fa94-04c1-424b-9868-57a2d4851a1d" />
    <TestEntry testId="7ef97398-07b4-9969-867e-b136cbb2177d" executionId="3d757d1b-1cac-4c77-97e2-fdd65cc1bfad" testListId="8c84fa94-04c1-424b-9868-57a2d4851a1d" />
    <TestEntry testId="9021df49-9278-853a-5610-7e3e55235a38" executionId="4e72f511-3e57-4366-a187-2b60927f95b8" testListId="8c84fa94-04c1-424b-9868-57a2d4851a1d" />
    <TestEntry testId="c85f9c2d-3115-a1d9-3ef7-4f78a27415d3" executionId="ce69cb91-c86c-4dad-8823-d20363764328" testListId="8c84fa94-04c1-424b-9868-57a2d4851a1d" />
    <TestEntry testId="bd97a53b-e31b-f8dd-de1e-fb4235101c64" executionId="afee818a-0379-4f57-8a9e-e517bcb72ed2" testListId="8c84fa94-04c1-424b-9868-57a2d4851a1d" />
    <TestEntry testId="fcf4cae0-0c73-7b86-9eaa-e8ba34d9afed" executionId="aed8ee08-02c0-49fc-ba08-49d4da5aa644" testListId="8c84fa94-04c1-424b-9868-57a2d4851a1d" />
    <TestEntry testId="76e0e202-71eb-3d43-85f1-b9a28328d6b6" executionId="7b716d06-d12a-4c55-bd1e-c5340aff1fb5" testListId="8c84fa94-04c1-424b-9868-57a2d4851a1d" />
    <TestEntry testId="fb6f8786-6e7e-25a3-7c9d-827e3bf8e7b2" executionId="4873bce1-f2c3-4324-b946-014ce4ad6acd" testListId="8c84fa94-04c1-424b-9868-57a2d4851a1d" />
    <TestEntry testId="b0f701d0-d11a-f035-7244-a31467a60e99" executionId="550c490a-a42c-41ff-9af3-f49ae2d07fcb" testListId="8c84fa94-04c1-424b-9868-57a2d4851a1d" />
    <TestEntry testId="13d6a606-fb5e-782e-a733-a1f83cedaaaf" executionId="1cc1fef0-d9ef-4679-ad9c-effed11dcff4" testListId="8c84fa94-04c1-424b-9868-57a2d4851a1d" />
    <TestEntry testId="beb48658-402b-89c3-4f43-2b711929ec90" executionId="149588a8-4cd1-41c5-8087-a25787063914" testListId="8c84fa94-04c1-424b-9868-57a2d4851a1d" />
    <TestEntry testId="8947e642-bcb4-3c21-e32b-50f1a889c877" executionId="24b91d8b-b279-4e91-9a3c-d20d7e4224a7" testListId="8c84fa94-04c1-424b-9868-57a2d4851a1d" />
    <TestEntry testId="a1a7a326-ef77-e31b-bce7-51f5a8262cf1" executionId="18c4de25-0a6c-409b-a3f6-b9ae25620384" testListId="8c84fa94-04c1-424b-9868-57a2d4851a1d" />
    <TestEntry testId="8327fcf0-b5e6-35e0-6237-f2598dd5fbfd" executionId="b3282414-e6c5-47bc-a77a-545a795ce09b" testListId="8c84fa94-04c1-424b-9868-57a2d4851a1d" />
    <TestEntry testId="4bb5b8f2-f47f-8816-9642-973a3fc53e10" executionId="766027c3-056c-454f-9d38-a890e3468aa6" testListId="8c84fa94-04c1-424b-9868-57a2d4851a1d" />
    <TestEntry testId="8796ceb6-7e17-2c82-fc02-0d7500e71aad" executionId="d872c874-34d1-4842-9bfd-8334afbf771c" testListId="8c84fa94-04c1-424b-9868-57a2d4851a1d" />
    <TestEntry testId="14248231-e836-1d64-b414-d367fc85811f" executionId="d63f8730-472b-4794-9757-8d24099f87d1" testListId="8c84fa94-04c1-424b-9868-57a2d4851a1d" />
    <TestEntry testId="e3a7f641-c3d1-ad4f-a1c2-5e68d2a96723" executionId="ba6ac450-c912-4a98-a772-34393321436b" testListId="8c84fa94-04c1-424b-9868-57a2d4851a1d" />
    <TestEntry testId="4ca3cbd2-571f-903c-ed4a-a8a1d5500cfb" executionId="24cc69b1-9e55-4406-bfd4-0802d82785b3" testListId="8c84fa94-04c1-424b-9868-57a2d4851a1d" />
    <TestEntry testId="e6ec5514-3eba-0558-4367-7b31374926f9" executionId="d0aafe7d-3188-4043-8034-289aa520774d" testListId="8c84fa94-04c1-424b-9868-57a2d4851a1d" />
    <TestEntry testId="94c3909b-e497-83d3-19d7-58d680a59df5" executionId="3195b682-7ded-4f31-99c9-9a3af7d58751" testListId="8c84fa94-04c1-424b-9868-57a2d4851a1d" />
    <TestEntry testId="6696944f-f206-9999-8270-b8e093a83285" executionId="67d1eef9-c775-46a0-b4c9-04b6ed7cb16b" testListId="8c84fa94-04c1-424b-9868-57a2d4851a1d" />
    <TestEntry testId="a273669d-c653-ef2f-a162-db8b1f4e8455" executionId="4fcda0e3-95e5-4ad1-966f-25f55ade33bb" testListId="8c84fa94-04c1-424b-9868-57a2d4851a1d" />
    <TestEntry testId="3f2ca16e-625e-6450-6999-2420d6f9b969" executionId="a1a7a3ca-72a4-4c57-abb9-cb8022fc34cc" testListId="8c84fa94-04c1-424b-9868-57a2d4851a1d" />
    <TestEntry testId="aa5e3d76-6da5-ab8a-25f9-830939c0f32b" executionId="517e7197-5585-4e15-9cb4-51571ad5bc46" testListId="8c84fa94-04c1-424b-9868-57a2d4851a1d" />
    <TestEntry testId="2270c82e-f6ce-7ae0-91b2-aa4b85996b0f" executionId="28777d23-70fb-439f-b6c2-b90a0e7e420f" testListId="8c84fa94-04c1-424b-9868-57a2d4851a1d" />
  </TestEntries>
  <TestLists>
    <TestList name="Results Not in a List" id="8c84fa94-04c1-424b-9868-57a2d4851a1d" />
    <TestList name="All Loaded Results" id="19431567-8539-422a-85d7-44ee4e166bda" />
  </TestLists>
  <ResultSummary outcome="Completed">
    <Counters total="77" executed="77" passed="77" failed="0" error="0" timeout="0" aborted="0" inconclusive="0" passedButRunAborted="0" notRunnable="0" notExecuted="0" disconnected="0" warning="0" completed="0" inProgress="0" pending="0" />
    <Output>
      <StdOut>[xUnit.net 00:00:00.00] xUnit.net VSTest Adapter v2.8.2+699d445a1a (64-bit .NET 9.0.11)&#xD;
[xUnit.net 00:00:00.20]   Discovering: UNOPS.PAO.Business.Tests&#xD;
[xUnit.net 00:00:00.28]   Discovered:  UNOPS.PAO.Business.Tests&#xD;
[xUnit.net 00:00:00.29]   Starting:    UNOPS.PAO.Business.Tests&#xD;
[xUnit.net 00:00:03.35]   Finished:    UNOPS.PAO.Business.Tests&#xD;
</StdOut>
    </Output>
  </ResultSummary>
</TestRun>