<?xml version="1.0" encoding="utf-8"?>
<TestRun id="208f8984-ecea-4e9d-8fb4-72a5770b55a9" name="leonardc@UNOPSGC520030 2025-12-19 07:05:47" runUser="CRP\leonardc" xmlns="http://microsoft.com/schemas/VisualStudio/TeamTest/2010">
  <Times creation="2025-12-19T07:05:47.8539964+01:00" queuing="2025-12-19T07:05:47.8539970+01:00" start="2025-12-19T07:05:43.6353751+01:00" finish="2025-12-19T07:05:47.9607688+01:00" />
  <TestSettings name="default" id="2ecb71f7-3867-4c5b-9afd-57aa49e02bca">
    <Deployment runDeploymentRoot="leonardc_UNOPSGC520030_2025-12-19_07_05_47" />
  </TestSettings>
  <Results>
    <UnitTestResult executionId="45830a4c-91e2-4ef8-a509-1a74e3199146" testId="99f0d354-dadb-8fbc-34da-b9c945222ef1" testName="UNOPS.PAO.FastTests.DocumentValidationTests.ValidateDocument_DangerousExtensions_ReturnsInvalid(fileName: &quot;script.exe&quot;)" computerName="UNOPSGC520030" duration="00:00:00.0002320" startTime="2025-12-19T07:05:47.8180594+01:00" endTime="2025-12-19T07:05:47.8180595+01:00" testType="13cdc9d9-ddb5-4fa4-a97d-d965ccfc6d4b" outcome="Passed" testListId="8c84fa94-04c1-424b-9868-57a2d4851a1d" relativeResultsDirectory="45830a4c-91e2-4ef8-a509-1a74e3199146" />
    <UnitTestResult executionId="6ee894c8-0df9-4c54-a542-3f4b17f10a8a" testId="5e13ea8f-7fa6-7390-0911-8f42ff879ef6" testName="UNOPS.PAO.FastTests.NotificationLogicTests.GetDefaultConfig_AllTypes_SendInApp" computerName="UNOPSGC520030" duration="00:00:00.0020731" startTime="2025-12-19T07:05:47.8305447+01:00" endTime="2025-12-19T07:05:47.8305448+01:00" testType="13cdc9d9-ddb5-4fa4-a97d-d965ccfc6d4b" outcome="Passed" testListId="8c84fa94-04c1-424b-9868-57a2d4851a1d" relativeResultsDirectory="6ee894c8-0df9-4c54-a542-3f4b17f10a8a" />
    <UnitTestResult executionId="586cab34-220e-446f-a2b9-1b81c43ba349" testId="26eca462-55f8-85ea-0873-4e1595497a79" testName="UNOPS.PAO.FastTests.WorkflowLogicTests.IsTransitionAllowed_InvalidTransitions_ReturnsFalse(from: Cancelled, to: Approved)" computerName="UNOPSGC520030" duration="00:00:00.0000184" startTime="2025-12-19T07:05:47.8253017+01:00" endTime="2025-12-19T07:05:47.8253018+01:00" testType="13cdc9d9-ddb5-4fa4-a97d-d965ccfc6d4b" outcome="Passed" testListId="8c84fa94-04c1-424b-9868-57a2d4851a1d" relativeResultsDirectory="586cab34-220e-446f-a2b9-1b81c43ba349" />
    <UnitTestResult executionId="002480d6-f74b-46c5-94c6-3f91b23247a2" testId="a5fd5d25-b1c7-43f2-b4c2-db6ebe7f0b63" testName="UNOPS.PAO.FastTests.ErpDimValueLogicTests.GetNextErpDimValue_WhenCurrentMaxInReservedRange_ShouldReturn10000(currentMax: 9000)" computerName="UNOPSGC520030" duration="00:00:00.0242768" startTime="2025-12-19T07:05:47.8322571+01:00" endTime="2025-12-19T07:05:47.8322572+01:00" testType="13cdc9d9-ddb5-4fa4-a97d-d965ccfc6d4b" outcome="Passed" testListId="8c84fa94-04c1-424b-9868-57a2d4851a1d" relativeResultsDirectory="002480d6-f74b-46c5-94c6-3f91b23247a2" />
    <UnitTestResult executionId="6e548bc9-9089-48c1-9103-40004f18f2ba" testId="8c12d2b1-c418-ac14-3cdf-846ca31291ad" testName="UNOPS.PAO.FastTests.DuplicateDetectionLogicTests.ShouldTriggerDuplicateDetection_AfterSaveWithValidData_ReturnsTrue" computerName="UNOPSGC520030" duration="00:00:00.3165614" startTime="2025-12-19T07:05:47.7901477+01:00" endTime="2025-12-19T07:05:47.7901854+01:00" testType="13cdc9d9-ddb5-4fa4-a97d-d965ccfc6d4b" outcome="Passed" testListId="8c84fa94-04c1-424b-9868-57a2d4851a1d" relativeResultsDirectory="6e548bc9-9089-48c1-9103-40004f18f2ba" />
    <UnitTestResult executionId="dbc46bc5-16dc-4e63-b64d-6cbf833af39b" testId="69f73d75-c1c3-14e5-9a34-60c92b648a32" testName="UNOPS.PAO.FastTests.DuplicateDetectionLogicTests.ShouldTriggerDuplicateDetection_WithEmptyOrWhitespaceData_ReturnsFalse(firstName: null, lastName: null, email: &quot;&quot;)" computerName="UNOPSGC520030" duration="00:00:00.0000169" startTime="2025-12-19T07:05:47.8184904+01:00" endTime="2025-12-19T07:05:47.8184905+01:00" testType="13cdc9d9-ddb5-4fa4-a97d-d965ccfc6d4b" outcome="Passed" testListId="8c84fa94-04c1-424b-9868-57a2d4851a1d" relativeResultsDirectory="dbc46bc5-16dc-4e63-b64d-6cbf833af39b" />
    <UnitTestResult executionId="0a7b37eb-5b98-4710-971e-4dec2561f975" testId="054a7990-0614-a26f-c31b-d1d08a811806" testName="UNOPS.PAO.FastTests.NotificationLogicTests.GetDefaultConfig_InfoNotifications_DoNotSendEmail(type: Success)" computerName="UNOPSGC520030" duration="00:00:00.0003215" startTime="2025-12-19T07:05:47.8307422+01:00" endTime="2025-12-19T07:05:47.8307423+01:00" testType="13cdc9d9-ddb5-4fa4-a97d-d965ccfc6d4b" outcome="Passed" testListId="8c84fa94-04c1-424b-9868-57a2d4851a1d" relativeResultsDirectory="0a7b37eb-5b98-4710-971e-4dec2561f975" />
    <UnitTestResult executionId="a642e957-e3cc-49d5-bdc0-83c7a79c7de8" testId="f834cee4-c257-e6ac-5bd2-538b29c12e6d" testName="UNOPS.PAO.FastTests.ErpDimValueLogicTests.GetNextErpDimValue_WhenCurrentMaxInReservedRange_ShouldReturn10000(currentMax: 9999)" computerName="UNOPSGC520030" duration="00:00:00.0000083" startTime="2025-12-19T07:05:47.8333171+01:00" endTime="2025-12-19T07:05:47.8333172+01:00" testType="13cdc9d9-ddb5-4fa4-a97d-d965ccfc6d4b" outcome="Passed" testListId="8c84fa94-04c1-424b-9868-57a2d4851a1d" relativeResultsDirectory="a642e957-e3cc-49d5-bdc0-83c7a79c7de8" />
    <UnitTestResult executionId="b33a8268-58b6-4f38-92ad-700ca445f3cd" testId="13a70ee8-fe60-c43a-0b03-e86232698375" testName="UNOPS.PAO.FastTests.DocumentValidationTests.ValidateDocument_ValidFiles_ReturnsValid(fileName: &quot;presentation.pptx&quot;)" computerName="UNOPSGC520030" duration="00:00:00.0000089" startTime="2025-12-19T07:05:47.8221790+01:00" endTime="2025-12-19T07:05:47.8221791+01:00" testType="13cdc9d9-ddb5-4fa4-a97d-d965ccfc6d4b" outcome="Passed" testListId="8c84fa94-04c1-424b-9868-57a2d4851a1d" relativeResultsDirectory="b33a8268-58b6-4f38-92ad-700ca445f3cd" />
    <UnitTestResult executionId="0854399e-9a74-4594-8a91-1079481b2ee7" testId="119c94aa-9b01-229f-69d4-3edbd23ed881" testName="UNOPS.PAO.FastTests.ErpDimValueLogicTests.GetNextErpDimValue_AfterReservedRange_ShouldIncrementNormally(currentMax: 10000, expected: 10001)" computerName="UNOPSGC520030" duration="00:00:00.0003111" startTime="2025-12-19T07:05:47.8335665+01:00" endTime="2025-12-19T07:05:47.8335666+01:00" testType="13cdc9d9-ddb5-4fa4-a97d-d965ccfc6d4b" outcome="Passed" testListId="8c84fa94-04c1-424b-9868-57a2d4851a1d" relativeResultsDirectory="0854399e-9a74-4594-8a91-1079481b2ee7" />
    <UnitTestResult executionId="3fa42866-771c-4d6f-8b1f-be4c217f9174" testId="4157555e-c0e1-294c-3400-d32bc7759965" testName="UNOPS.PAO.FastTests.DocumentValidationTests.ValidateDocument_DangerousExtensions_ReturnsInvalid(fileName: &quot;hack.js&quot;)" computerName="UNOPSGC520030" duration="00:00:00.0000123" startTime="2025-12-19T07:05:47.8186777+01:00" endTime="2025-12-19T07:05:47.8186779+01:00" testType="13cdc9d9-ddb5-4fa4-a97d-d965ccfc6d4b" outcome="Passed" testListId="8c84fa94-04c1-424b-9868-57a2d4851a1d" relativeResultsDirectory="3fa42866-771c-4d6f-8b1f-be4c217f9174" />
    <UnitTestResult executionId="a624ef25-3d5d-4301-8f14-572de6dbda77" testId="ce869665-616b-64ac-1d4f-691704d136d9" testName="UNOPS.PAO.FastTests.DocumentValidationTests.ValidateDocument_DangerousExtensions_ReturnsInvalid(fileName: &quot;malware.bat&quot;)" computerName="UNOPSGC520030" duration="00:00:00.0005411" startTime="2025-12-19T07:05:47.7980882+01:00" endTime="2025-12-19T07:05:47.7980883+01:00" testType="13cdc9d9-ddb5-4fa4-a97d-d965ccfc6d4b" outcome="Passed" testListId="8c84fa94-04c1-424b-9868-57a2d4851a1d" relativeResultsDirectory="a624ef25-3d5d-4301-8f14-572de6dbda77" />
    <UnitTestResult executionId="3d1947c3-1108-4514-a71e-59bcc8fc057e" testId="95057dbb-05ae-85c7-81f6-1dc7b8459ddd" testName="UNOPS.PAO.FastTests.AdvancedSearchFieldMappingTests.PartnerAllowedFields_ContainsCommonSearchFields(fieldName: &quot;country&quot;)" computerName="UNOPSGC520030" duration="00:00:00.0000069" startTime="2025-12-19T07:05:47.8279240+01:00" endTime="2025-12-19T07:05:47.8279241+01:00" testType="13cdc9d9-ddb5-4fa4-a97d-d965ccfc6d4b" outcome="Passed" testListId="8c84fa94-04c1-424b-9868-57a2d4851a1d" relativeResultsDirectory="3d1947c3-1108-4514-a71e-59bcc8fc057e" />
    <UnitTestResult executionId="837f8198-5f44-4bc3-ac44-9163f1f191f0" testId="a6cbc705-e855-e093-ffc4-8ab9eadb598d" testName="UNOPS.PAO.FastTests.ErpDimValueLogicTests.GetNextErpDimValue_AfterReservedRange_ShouldIncrementNormally(currentMax: 20000, expected: 20001)" computerName="UNOPSGC520030" duration="00:00:00.0002238" startTime="2025-12-19T07:05:47.8334267+01:00" endTime="2025-12-19T07:05:47.8334268+01:00" testType="13cdc9d9-ddb5-4fa4-a97d-d965ccfc6d4b" outcome="Passed" testListId="8c84fa94-04c1-424b-9868-57a2d4851a1d" relativeResultsDirectory="837f8198-5f44-4bc3-ac44-9163f1f191f0" />
    <UnitTestResult executionId="b46b9638-811d-4216-a831-74829013a1cd" testId="b4e6eb11-7c54-802f-8a9e-5dc8b79e68c5" testName="UNOPS.PAO.FastTests.NotificationLogicTests.GetDefaultConfig_ImportantNotifications_SendEmail(type: WorkflowUpdate)" computerName="UNOPSGC520030" duration="00:00:00.0002338" startTime="2025-12-19T07:05:47.8316562+01:00" endTime="2025-12-19T07:05:47.8316563+01:00" testType="13cdc9d9-ddb5-4fa4-a97d-d965ccfc6d4b" outcome="Passed" testListId="8c84fa94-04c1-424b-9868-57a2d4851a1d" relativeResultsDirectory="b46b9638-811d-4216-a831-74829013a1cd" />
    <UnitTestResult executionId="7216bf40-d99d-40d0-a64d-63623d9f941f" testId="933dbf9f-e0ec-9440-e0d6-d957de876163" testName="UNOPS.PAO.FastTests.WorkflowLogicTests.IsTransitionAllowed_CancelledIsFinalState" computerName="UNOPSGC520030" duration="00:00:00.0005624" startTime="2025-12-19T07:05:47.8255255+01:00" endTime="2025-12-19T07:05:47.8255255+01:00" testType="13cdc9d9-ddb5-4fa4-a97d-d965ccfc6d4b" outcome="Passed" testListId="8c84fa94-04c1-424b-9868-57a2d4851a1d" relativeResultsDirectory="7216bf40-d99d-40d0-a64d-63623d9f941f" />
    <UnitTestResult executionId="762f45f1-90e5-4c6c-9b71-0ec1be91c892" testId="f28691b3-22a5-1535-365c-2d0e1a1a8927" testName="UNOPS.PAO.FastTests.DocumentValidationTests.ValidateDocument_NoExtension_ReturnsInvalid" computerName="UNOPSGC520030" duration="00:00:00.0002795" startTime="2025-12-19T07:05:47.8225892+01:00" endTime="2025-12-19T07:05:47.8225893+01:00" testType="13cdc9d9-ddb5-4fa4-a97d-d965ccfc6d4b" outcome="Passed" testListId="8c84fa94-04c1-424b-9868-57a2d4851a1d" relativeResultsDirectory="762f45f1-90e5-4c6c-9b71-0ec1be91c892" />
    <UnitTestResult executionId="be46ea21-ceb4-4435-a7c2-c7cadd877a2c" testId="fee8c6b2-f81d-c4be-ba81-763c83d58d82" testName="UNOPS.PAO.FastTests.NotificationLogicTests.GetDefaultConfig_InfoNotifications_DoNotSendEmail(type: Info)" computerName="UNOPSGC520030" duration="00:00:00.0002925" startTime="2025-12-19T07:05:47.8306567+01:00" endTime="2025-12-19T07:05:47.8306568+01:00" testType="13cdc9d9-ddb5-4fa4-a97d-d965ccfc6d4b" outcome="Passed" testListId="8c84fa94-04c1-424b-9868-57a2d4851a1d" relativeResultsDirectory="be46ea21-ceb4-4435-a7c2-c7cadd877a2c" />
    <UnitTestResult executionId="a8d3dc1d-6a7f-43cc-8d05-22d8316c09f7" testId="aa9ea31b-d370-1dac-634c-9c572ee9d6e6" testName="UNOPS.PAO.FastTests.DocumentValidationTests.ValidateDocument_ValidFiles_ReturnsValid(fileName: &quot;spreadsheet.xlsx&quot;)" computerName="UNOPSGC520030" duration="00:00:00.0000230" startTime="2025-12-19T07:05:47.8220893+01:00" endTime="2025-12-19T07:05:47.8220894+01:00" testType="13cdc9d9-ddb5-4fa4-a97d-d965ccfc6d4b" outcome="Passed" testListId="8c84fa94-04c1-424b-9868-57a2d4851a1d" relativeResultsDirectory="a8d3dc1d-6a7f-43cc-8d05-22d8316c09f7" />
    <UnitTestResult executionId="efa0d505-6c51-4231-b9d4-fcc7de97ee73" testId="7e9cdd6f-1ef4-3efc-a043-ba5da3df1215" testName="UNOPS.PAO.FastTests.ErpDimValueLogicTests.GetNextErpDimValue_WhenCurrentMaxInReservedRange_ShouldReturn10000(currentMax: 8500)" computerName="UNOPSGC520030" duration="00:00:00.0000158" startTime="2025-12-19T07:05:47.8332105+01:00" endTime="2025-12-19T07:05:47.8332106+01:00" testType="13cdc9d9-ddb5-4fa4-a97d-d965ccfc6d4b" outcome="Passed" testListId="8c84fa94-04c1-424b-9868-57a2d4851a1d" relativeResultsDirectory="efa0d505-6c51-4231-b9d4-fcc7de97ee73" />
    <UnitTestResult executionId="2734eb5c-e9b5-47b2-888c-be4cde49cc6e" testId="461c0ff7-9306-9e4f-93b8-2c56d21730d0" testName="UNOPS.PAO.FastTests.AdvancedSearchFieldMappingTests.PartnerAllowedFields_ContainsCommonSearchFields(fieldName: &quot;phoneNumber&quot;)" computerName="UNOPSGC520030" duration="00:00:00.0000145" startTime="2025-12-19T07:05:47.8277353+01:00" endTime="2025-12-19T07:05:47.8277355+01:00" testType="13cdc9d9-ddb5-4fa4-a97d-d965ccfc6d4b" outcome="Passed" testListId="8c84fa94-04c1-424b-9868-57a2d4851a1d" relativeResultsDirectory="2734eb5c-e9b5-47b2-888c-be4cde49cc6e" />
    <UnitTestResult executionId="faeb79c7-bada-4083-8d0a-54ad099ebb5c" testId="8509fcef-1e33-1255-5753-f50a722a1302" testName="UNOPS.PAO.FastTests.ErpDimValueLogicTests.GetNextErpDimValue_WhenCurrentMaxIs10000_ShouldReturn10001" computerName="UNOPSGC520030" duration="00:00:00.0001982" startTime="2025-12-19T07:05:47.8337739+01:00" endTime="2025-12-19T07:05:47.8337740+01:00" testType="13cdc9d9-ddb5-4fa4-a97d-d965ccfc6d4b" outcome="Passed" testListId="8c84fa94-04c1-424b-9868-57a2d4851a1d" relativeResultsDirectory="faeb79c7-bada-4083-8d0a-54ad099ebb5c" />
    <UnitTestResult executionId="db2a492a-7e98-4a38-a427-58a884cba4fd" testId="7dcfde43-55bc-12ef-0af8-d3c830ffcaab" testName="UNOPS.PAO.FastTests.NotificationLogicTests.GetDefaultConfig_ImportantNotifications_SendEmail(type: Error)" computerName="UNOPSGC520030" duration="00:00:00.0000143" startTime="2025-12-19T07:05:47.8318333+01:00" endTime="2025-12-19T07:05:47.8318334+01:00" testType="13cdc9d9-ddb5-4fa4-a97d-d965ccfc6d4b" outcome="Passed" testListId="8c84fa94-04c1-424b-9868-57a2d4851a1d" relativeResultsDirectory="db2a492a-7e98-4a38-a427-58a884cba4fd" />
    <UnitTestResult executionId="b4004f7e-235f-4fc8-9037-7bddddeb1ca7" testId="add37a9e-ea96-7c41-0099-11cbb688d7c8" testName="UNOPS.PAO.FastTests.AdvancedSearchFieldMappingTests.PartnerAllowedFields_DoesNotContainSensitiveFields" computerName="UNOPSGC520030" duration="00:00:00.0011527" startTime="2025-12-19T07:05:47.8285171+01:00" endTime="2025-12-19T07:05:47.8285172+01:00" testType="13cdc9d9-ddb5-4fa4-a97d-d965ccfc6d4b" outcome="Passed" testListId="8c84fa94-04c1-424b-9868-57a2d4851a1d" relativeResultsDirectory="b4004f7e-235f-4fc8-9037-7bddddeb1ca7" />
    <UnitTestResult executionId="75bd2315-6cb5-4140-a3ad-561edbb82806" testId="9be029ae-f117-0d17-563d-3d16b4d09ab4" testName="UNOPS.PAO.FastTests.WorkflowLogicTests.IsTransitionAllowed_InvalidTransitions_ReturnsFalse(from: Approved, to: Draft)" computerName="UNOPSGC520030" duration="00:00:00.0000081" startTime="2025-12-19T07:05:47.8254186+01:00" endTime="2025-12-19T07:05:47.8254187+01:00" testType="13cdc9d9-ddb5-4fa4-a97d-d965ccfc6d4b" outcome="Passed" testListId="8c84fa94-04c1-424b-9868-57a2d4851a1d" relativeResultsDirectory="75bd2315-6cb5-4140-a3ad-561edbb82806" />
    <UnitTestResult executionId="fdf8a0a4-2f04-4ad0-8723-4337915827b9" testId="af92b55f-536b-efce-3dec-1201272fcf37" testName="UNOPS.PAO.FastTests.ErpDimValueLogicTests.GetNextErpDimValue_WhenCurrentMaxIs1000_ShouldReturn1001" computerName="UNOPSGC520030" duration="00:00:00.0002247" startTime="2025-12-19T07:05:47.8355265+01:00" endTime="2025-12-19T07:05:47.8355266+01:00" testType="13cdc9d9-ddb5-4fa4-a97d-d965ccfc6d4b" outcome="Passed" testListId="8c84fa94-04c1-424b-9868-57a2d4851a1d" relativeResultsDirectory="fdf8a0a4-2f04-4ad0-8723-4337915827b9" />
    <UnitTestResult executionId="072e37d1-03e3-41e8-9d64-6511a100528a" testId="4766259f-8974-984c-18bb-aa0a7ccb200f" testName="UNOPS.PAO.FastTests.DocumentValidationTests.ValidateDocument_InvalidFileSize_ReturnsInvalid(fileSize: -1)" computerName="UNOPSGC520030" duration="00:00:00.0002379" startTime="2025-12-19T07:05:47.8190351+01:00" endTime="2025-12-19T07:05:47.8190352+01:00" testType="13cdc9d9-ddb5-4fa4-a97d-d965ccfc6d4b" outcome="Passed" testListId="8c84fa94-04c1-424b-9868-57a2d4851a1d" relativeResultsDirectory="072e37d1-03e3-41e8-9d64-6511a100528a" />
    <UnitTestResult executionId="18aeedda-a923-4463-8191-cc553dbc0863" testId="8ec14030-eb0b-7b55-ae0d-b23575361828" testName="UNOPS.PAO.FastTests.WorkflowLogicTests.IsTransitionAllowed_ValidTransitions_ReturnsTrue(from: PendingReview, to: UnderReview, expected: True)" computerName="UNOPSGC520030" duration="00:00:00.0000128" startTime="2025-12-19T07:05:47.8239705+01:00" endTime="2025-12-19T07:05:47.8239706+01:00" testType="13cdc9d9-ddb5-4fa4-a97d-d965ccfc6d4b" outcome="Passed" testListId="8c84fa94-04c1-424b-9868-57a2d4851a1d" relativeResultsDirectory="18aeedda-a923-4463-8191-cc553dbc0863" />
    <UnitTestResult executionId="2e134a5c-8eb1-4128-b73c-3100217a2c29" testId="9fbe5159-6251-c21d-ed34-35abdd8a455f" testName="UNOPS.PAO.FastTests.ExportLogicTests.ExportFieldMappings_HandlesNullNestedObject_WithoutException" computerName="UNOPSGC520030" duration="00:00:00.0014067" startTime="2025-12-19T07:05:47.8260434+01:00" endTime="2025-12-19T07:05:47.8260435+01:00" testType="13cdc9d9-ddb5-4fa4-a97d-d965ccfc6d4b" outcome="Passed" testListId="8c84fa94-04c1-424b-9868-57a2d4851a1d" relativeResultsDirectory="2e134a5c-8eb1-4128-b73c-3100217a2c29" />
    <UnitTestResult executionId="71cf192c-32e0-43cc-b60d-21c048629e73" testId="3af6fc16-0170-8ca5-25ee-4f2ac3a2b594" testName="UNOPS.PAO.FastTests.WorkflowLogicTests.IsTransitionAllowed_ValidTransitions_ReturnsTrue(from: UnderReview, to: Rejected, expected: True)" computerName="UNOPSGC520030" duration="00:00:00.0007419" startTime="2025-12-19T07:05:47.8236853+01:00" endTime="2025-12-19T07:05:47.8236854+01:00" testType="13cdc9d9-ddb5-4fa4-a97d-d965ccfc6d4b" outcome="Passed" testListId="8c84fa94-04c1-424b-9868-57a2d4851a1d" relativeResultsDirectory="71cf192c-32e0-43cc-b60d-21c048629e73" />
    <UnitTestResult executionId="da1e56b9-7980-44a2-8e04-1f965c064a73" testId="4317bccb-c046-7982-564d-27d3cf813e1b" testName="UNOPS.PAO.FastTests.NotificationLogicTests.GetDefaultConfig_ImportantNotifications_SendEmail(type: Warning)" computerName="UNOPSGC520030" duration="00:00:00.0000083" startTime="2025-12-19T07:05:47.8319145+01:00" endTime="2025-12-19T07:05:47.8319146+01:00" testType="13cdc9d9-ddb5-4fa4-a97d-d965ccfc6d4b" outcome="Passed" testListId="8c84fa94-04c1-424b-9868-57a2d4851a1d" relativeResultsDirectory="da1e56b9-7980-44a2-8e04-1f965c064a73" />
    <UnitTestResult executionId="589c80b2-d851-40e7-912c-0d91de42496e" testId="5b21a744-4e71-36ac-f7f5-d1f32bc91b59" testName="UNOPS.PAO.FastTests.DocumentValidationTests.ValidateDocument_EmptyFileName_ReturnsInvalid(fileName: null)" computerName="UNOPSGC520030" duration="00:00:00.3164583" startTime="2025-12-19T07:05:47.7944573+01:00" endTime="2025-12-19T07:05:47.7944575+01:00" testType="13cdc9d9-ddb5-4fa4-a97d-d965ccfc6d4b" outcome="Passed" testListId="8c84fa94-04c1-424b-9868-57a2d4851a1d" relativeResultsDirectory="589c80b2-d851-40e7-912c-0d91de42496e" />
    <UnitTestResult executionId="4b450c34-4420-4ba4-bdb1-a9c2fca2929d" testId="71b6d823-123f-4d90-cd16-241fd27f3603" testName="UNOPS.PAO.FastTests.ErpDimValueLogicTests.GetNextErpDimValue_WhenNoExistingValues_ShouldReturn1000" computerName="UNOPSGC520030" duration="00:00:00.0001990" startTime="2025-12-19T07:05:47.8360422+01:00" endTime="2025-12-19T07:05:47.8360424+01:00" testType="13cdc9d9-ddb5-4fa4-a97d-d965ccfc6d4b" outcome="Passed" testListId="8c84fa94-04c1-424b-9868-57a2d4851a1d" relativeResultsDirectory="4b450c34-4420-4ba4-bdb1-a9c2fca2929d" />
    <UnitTestResult executionId="858006d2-cbdd-4273-9d92-8c0abc1d8347" testId="47ffdfcf-3432-2b1e-ca53-49390e47edad" testName="UNOPS.PAO.FastTests.DocumentValidationTests.ValidateDocument_ValidFiles_ReturnsValid(fileName: &quot;image.jpg&quot;)" computerName="UNOPSGC520030" duration="00:00:00.0002190" startTime="2025-12-19T07:05:47.8219869+01:00" endTime="2025-12-19T07:05:47.8219870+01:00" testType="13cdc9d9-ddb5-4fa4-a97d-d965ccfc6d4b" outcome="Passed" testListId="8c84fa94-04c1-424b-9868-57a2d4851a1d" relativeResultsDirectory="858006d2-cbdd-4273-9d92-8c0abc1d8347" />
    <UnitTestResult executionId="6aa8eeb4-ef0f-495a-936d-6d47634ee40c" testId="3b54cd13-3925-346c-b583-b4b10028283e" testName="UNOPS.PAO.FastTests.WorkflowLogicTests.IsTransitionAllowed_ValidTransitions_ReturnsTrue(from: Draft, to: PendingReview, expected: True)" computerName="UNOPSGC520030" duration="00:00:00.0005509" startTime="2025-12-19T07:05:47.8238202+01:00" endTime="2025-12-19T07:05:47.8238202+01:00" testType="13cdc9d9-ddb5-4fa4-a97d-d965ccfc6d4b" outcome="Passed" testListId="8c84fa94-04c1-424b-9868-57a2d4851a1d" relativeResultsDirectory="6aa8eeb4-ef0f-495a-936d-6d47634ee40c" />
    <UnitTestResult executionId="cda03e89-3803-4875-a10b-1ed59e65153e" testId="7f62fa1f-d853-9da1-783b-de5521acef90" testName="UNOPS.PAO.FastTests.ErpDimValueLogicTests.GetNextErpDimValue_BoundaryTest_7998To7999" computerName="UNOPSGC520030" duration="00:00:00.0002528" startTime="2025-12-19T07:05:47.8338626+01:00" endTime="2025-12-19T07:05:47.8338627+01:00" testType="13cdc9d9-ddb5-4fa4-a97d-d965ccfc6d4b" outcome="Passed" testListId="8c84fa94-04c1-424b-9868-57a2d4851a1d" relativeResultsDirectory="cda03e89-3803-4875-a10b-1ed59e65153e" />
    <UnitTestResult executionId="7a00daa8-5917-4f75-8301-c67c24911310" testId="caa52e57-bcda-8208-e2e0-28ab47ef6d28" testName="UNOPS.PAO.FastTests.ErpDimValueLogicTests.GetNextErpDimValue_WhenCurrentMaxIs7999_ShouldSkipTo10000" computerName="UNOPSGC520030" duration="00:00:00.0002284" startTime="2025-12-19T07:05:47.8342059+01:00" endTime="2025-12-19T07:05:47.8342061+01:00" testType="13cdc9d9-ddb5-4fa4-a97d-d965ccfc6d4b" outcome="Passed" testListId="8c84fa94-04c1-424b-9868-57a2d4851a1d" relativeResultsDirectory="7a00daa8-5917-4f75-8301-c67c24911310" />
    <UnitTestResult executionId="5c6ca45b-ed38-43a1-8488-f8107bc19345" testId="a8bffc01-3987-ac52-3a32-c984c6a8a4c1" testName="UNOPS.PAO.FastTests.DocumentValidationTests.ValidateDocument_EmptyFileName_ReturnsInvalid(fileName: &quot;&quot;)" computerName="UNOPSGC520030" duration="00:00:00.0003953" startTime="2025-12-19T07:05:47.7972666+01:00" endTime="2025-12-19T07:05:47.7972667+01:00" testType="13cdc9d9-ddb5-4fa4-a97d-d965ccfc6d4b" outcome="Passed" testListId="8c84fa94-04c1-424b-9868-57a2d4851a1d" relativeResultsDirectory="5c6ca45b-ed38-43a1-8488-f8107bc19345" />
    <UnitTestResult executionId="6d45798f-921f-446a-8948-bef5b55b1659" testId="623fed58-8533-ade7-f59f-346727a86cb2" testName="UNOPS.PAO.FastTests.ExportLogicTests.ExportFieldMappings_ExtractsNestedValue_WhenPresent" computerName="UNOPSGC520030" duration="00:00:00.0019438" startTime="2025-12-19T07:05:47.8283899+01:00" endTime="2025-12-19T07:05:47.8283899+01:00" testType="13cdc9d9-ddb5-4fa4-a97d-d965ccfc6d4b" outcome="Passed" testListId="8c84fa94-04c1-424b-9868-57a2d4851a1d" relativeResultsDirectory="6d45798f-921f-446a-8948-bef5b55b1659" />
    <UnitTestResult executionId="4d2a4d37-a23f-4886-ab5f-4a19520d1709" testId="8281992a-511e-352d-c21f-cc2bcd78ce52" testName="UNOPS.PAO.FastTests.AdvancedSearchFieldMappingTests.PartnerAllowedFields_ContainsCommonSearchFields(fieldName: &quot;email&quot;)" computerName="UNOPSGC520030" duration="00:00:00.0003030" startTime="2025-12-19T07:05:47.8275594+01:00" endTime="2025-12-19T07:05:47.8275596+01:00" testType="13cdc9d9-ddb5-4fa4-a97d-d965ccfc6d4b" outcome="Passed" testListId="8c84fa94-04c1-424b-9868-57a2d4851a1d" relativeResultsDirectory="4d2a4d37-a23f-4886-ab5f-4a19520d1709" />
    <UnitTestResult executionId="300a7934-43b3-43be-8c3b-b0ab2c9c343f" testId="2a23dde0-8f0c-d52e-0c6f-d23e13fea892" testName="UNOPS.PAO.FastTests.PermissionLogicTests.HasAnyPermission_NoMatchReturnsFalse" computerName="UNOPSGC520030" duration="00:00:00.0001568" startTime="2025-12-19T07:05:47.8303106+01:00" endTime="2025-12-19T07:05:47.8303108+01:00" testType="13cdc9d9-ddb5-4fa4-a97d-d965ccfc6d4b" outcome="Passed" testListId="8c84fa94-04c1-424b-9868-57a2d4851a1d" relativeResultsDirectory="300a7934-43b3-43be-8c3b-b0ab2c9c343f" />
    <UnitTestResult executionId="32b7701e-f07c-4fac-937d-f202a472aa0a" testId="1cd783dd-d889-c152-71bf-51bdae182d24" testName="UNOPS.PAO.FastTests.AdvancedSearchFieldMappingTests.PartnerAllowedFields_ContainsCommonSearchFields(fieldName: &quot;referenceNumber&quot;)" computerName="UNOPSGC520030" duration="00:00:00.0000078" startTime="2025-12-19T07:05:47.8280969+01:00" endTime="2025-12-19T07:05:47.8280970+01:00" testType="13cdc9d9-ddb5-4fa4-a97d-d965ccfc6d4b" outcome="Passed" testListId="8c84fa94-04c1-424b-9868-57a2d4851a1d" relativeResultsDirectory="32b7701e-f07c-4fac-937d-f202a472aa0a" />
    <UnitTestResult executionId="ff506327-1c87-42ed-a712-142934a7e3d6" testId="cef3c2cc-100c-d7f2-ee19-c49a1228f312" testName="UNOPS.PAO.FastTests.AdvancedSearchFieldMappingTests.PartnerAllowedFields_ContainsCommonSearchFields(fieldName: &quot;name&quot;)" computerName="UNOPSGC520030" duration="00:00:00.0000132" startTime="2025-12-19T07:05:47.8280173+01:00" endTime="2025-12-19T07:05:47.8280174+01:00" testType="13cdc9d9-ddb5-4fa4-a97d-d965ccfc6d4b" outcome="Passed" testListId="8c84fa94-04c1-424b-9868-57a2d4851a1d" relativeResultsDirectory="ff506327-1c87-42ed-a712-142934a7e3d6" />
    <UnitTestResult executionId="6760b44e-e608-40e4-a48b-9e107d4ef8f0" testId="6e97d64e-bbff-1c6f-82d7-6f29ba4eceeb" testName="UNOPS.PAO.FastTests.DuplicateDetectionLogicTests.ShouldTriggerDuplicateDetection_WithEmptyOrWhitespaceData_ReturnsFalse(firstName: &quot;John&quot;, lastName: &quot;&quot;, email: null)" computerName="UNOPSGC520030" duration="00:00:00.0000060" startTime="2025-12-19T07:05:47.8188812+01:00" endTime="2025-12-19T07:05:47.8188813+01:00" testType="13cdc9d9-ddb5-4fa4-a97d-d965ccfc6d4b" outcome="Passed" testListId="8c84fa94-04c1-424b-9868-57a2d4851a1d" relativeResultsDirectory="6760b44e-e608-40e4-a48b-9e107d4ef8f0" />
    <UnitTestResult executionId="eb0f9530-0af5-4d4c-bb1e-d86ffb3259de" testId="adfd35d9-38ba-d5c4-05a0-1a8feb10a016" testName="UNOPS.PAO.FastTests.DuplicateDetectionLogicTests.ShouldTriggerDuplicateDetection_WithNoData_ReturnsFalse" computerName="UNOPSGC520030" duration="00:00:00.0002305" startTime="2025-12-19T07:05:47.7978916+01:00" endTime="2025-12-19T07:05:47.7978917+01:00" testType="13cdc9d9-ddb5-4fa4-a97d-d965ccfc6d4b" outcome="Passed" testListId="8c84fa94-04c1-424b-9868-57a2d4851a1d" relativeResultsDirectory="eb0f9530-0af5-4d4c-bb1e-d86ffb3259de" />
    <UnitTestResult executionId="abad8fb6-dff8-4ba4-ac50-08e2b36b18a0" testId="63f5dfe5-fa84-bcb1-38c8-2d24efd0b8bb" testName="UNOPS.PAO.FastTests.ErpDimValueLogicTests.GetNextErpDimValue_WhenCurrentMaxInReservedRange_ShouldReturn10000(currentMax: 8000)" computerName="UNOPSGC520030" duration="00:00:00.0003434" startTime="2025-12-19T07:05:47.8323293+01:00" endTime="2025-12-19T07:05:47.8323294+01:00" testType="13cdc9d9-ddb5-4fa4-a97d-d965ccfc6d4b" outcome="Passed" testListId="8c84fa94-04c1-424b-9868-57a2d4851a1d" relativeResultsDirectory="abad8fb6-dff8-4ba4-ac50-08e2b36b18a0" />
    <UnitTestResult executionId="9e9a3570-45ee-4de2-bb90-656342d5aa18" testId="dfd2c686-7720-f5dc-7f6f-b7664ecbc575" testName="UNOPS.PAO.FastTests.AdvancedSearchFieldMappingTests.PartnerAllowedFields_IsCaseInsensitive" computerName="UNOPSGC520030" duration="00:00:00.0003221" startTime="2025-12-19T07:05:47.8321859+01:00" endTime="2025-12-19T07:05:47.8321860+01:00" testType="13cdc9d9-ddb5-4fa4-a97d-d965ccfc6d4b" outcome="Passed" testListId="8c84fa94-04c1-424b-9868-57a2d4851a1d" relativeResultsDirectory="9e9a3570-45ee-4de2-bb90-656342d5aa18" />
    <UnitTestResult executionId="596115b9-5b99-4b5c-8405-22cd4ad5dfd3" testId="2badb02a-61e7-bc86-a945-44a0e7f85bd1" testName="UNOPS.PAO.FastTests.DocumentValidationTests.ValidateDocument_EmptyFileName_ReturnsInvalid(fileName: &quot;   &quot;)" computerName="UNOPSGC520030" duration="00:00:00.0001135" startTime="2025-12-19T07:05:47.7976304+01:00" endTime="2025-12-19T07:05:47.7976306+01:00" testType="13cdc9d9-ddb5-4fa4-a97d-d965ccfc6d4b" outcome="Passed" testListId="8c84fa94-04c1-424b-9868-57a2d4851a1d" relativeResultsDirectory="596115b9-5b99-4b5c-8405-22cd4ad5dfd3" />
    <UnitTestResult executionId="03692e9f-6a3e-4e15-93ca-7ccab24972ee" testId="e6dc36c7-8e30-5501-b7c3-1add961b0d96" testName="UNOPS.PAO.FastTests.ErpDimValueLogicTests.GetNextErpDimValue_NeverReturnsValueInReservedRange" computerName="UNOPSGC520030" duration="00:00:00.0106421" startTime="2025-12-19T07:05:47.8339564+01:00" endTime="2025-12-19T07:05:47.8339565+01:00" testType="13cdc9d9-ddb5-4fa4-a97d-d965ccfc6d4b" outcome="Passed" testListId="8c84fa94-04c1-424b-9868-57a2d4851a1d" relativeResultsDirectory="03692e9f-6a3e-4e15-93ca-7ccab24972ee" />
    <UnitTestResult executionId="79ac2231-cc07-401a-a259-1f2584ec4c68" testId="6fe57f97-b9a2-f2b6-88c1-6c7c8f367e4b" testName="UNOPS.PAO.FastTests.NotificationLogicTests.GetDefaultConfig_ErrorNotifications_HaveLongerExpiry" computerName="UNOPSGC520030" duration="00:00:00.0017645" startTime="2025-12-19T07:05:47.8320224+01:00" endTime="2025-12-19T07:05:47.8320225+01:00" testType="13cdc9d9-ddb5-4fa4-a97d-d965ccfc6d4b" outcome="Passed" testListId="8c84fa94-04c1-424b-9868-57a2d4851a1d" relativeResultsDirectory="79ac2231-cc07-401a-a259-1f2584ec4c68" />
    <UnitTestResult executionId="da5f8cdb-0236-4329-8181-44befba03494" testId="021c34e6-011b-6196-c2b8-e772800176f9" testName="UNOPS.PAO.FastTests.DuplicateDetectionLogicTests.ShouldTriggerDuplicateDetection_WithEmptyOrWhitespaceData_ReturnsFalse(firstName: &quot;&quot;, lastName: &quot;Doe&quot;, email: null)" computerName="UNOPSGC520030" duration="00:00:00.0001966" startTime="2025-12-19T07:05:47.7980125+01:00" endTime="2025-12-19T07:05:47.7980127+01:00" testType="13cdc9d9-ddb5-4fa4-a97d-d965ccfc6d4b" outcome="Passed" testListId="8c84fa94-04c1-424b-9868-57a2d4851a1d" relativeResultsDirectory="da5f8cdb-0236-4329-8181-44befba03494" />
    <UnitTestResult executionId="d6839d93-c66d-48c0-a574-42b5bc02baf2" testId="199499df-bf7a-911b-94db-3a69e900c15a" testName="UNOPS.PAO.FastTests.DuplicateDetectionLogicTests.ShouldTriggerDuplicateDetection_WithEmptyOrWhitespaceData_ReturnsFalse(firstName: &quot;  &quot;, lastName: &quot;  &quot;, email: &quot;  &quot;)" computerName="UNOPSGC520030" duration="00:00:00.0000106" startTime="2025-12-19T07:05:47.8187342+01:00" endTime="2025-12-19T07:05:47.8187343+01:00" testType="13cdc9d9-ddb5-4fa4-a97d-d965ccfc6d4b" outcome="Passed" testListId="8c84fa94-04c1-424b-9868-57a2d4851a1d" relativeResultsDirectory="d6839d93-c66d-48c0-a574-42b5bc02baf2" />
    <UnitTestResult executionId="b66dbbd0-33cf-4533-a8f0-72570c42abe3" testId="693a7b49-886b-5008-d268-40d426bde8c2" testName="UNOPS.PAO.FastTests.AdvancedSearchFieldMappingTests.PartnerAllowedFields_ContainsCommonSearchFields(fieldName: &quot;website&quot;)" computerName="UNOPSGC520030" duration="00:00:00.0028296" startTime="2025-12-19T07:05:47.8261520+01:00" endTime="2025-12-19T07:05:47.8261521+01:00" testType="13cdc9d9-ddb5-4fa4-a97d-d965ccfc6d4b" outcome="Passed" testListId="8c84fa94-04c1-424b-9868-57a2d4851a1d" relativeResultsDirectory="b66dbbd0-33cf-4533-a8f0-72570c42abe3" />
    <UnitTestResult executionId="28977b1c-ee14-4a4f-bdd5-1a15511fde8d" testId="fa4c76c4-5bc9-2a59-28b3-c68646f3b57d" testName="UNOPS.PAO.FastTests.NotificationLogicTests.GetDefaultConfig_ImportantNotifications_SendEmail(type: TaskAssignment)" computerName="UNOPSGC520030" duration="00:00:00.0002473" startTime="2025-12-19T07:05:47.8317563+01:00" endTime="2025-12-19T07:05:47.8317564+01:00" testType="13cdc9d9-ddb5-4fa4-a97d-d965ccfc6d4b" outcome="Passed" testListId="8c84fa94-04c1-424b-9868-57a2d4851a1d" relativeResultsDirectory="28977b1c-ee14-4a4f-bdd5-1a15511fde8d" />
    <UnitTestResult executionId="ead91b90-fe6f-4b3e-8e99-fabd87d26635" testId="256a549b-d15b-1e66-aab2-3c83dd1ddd20" testName="UNOPS.PAO.FastTests.ErpDimValueLogicTests.GetNextErpDimValue_AfterReservedRange_ShouldIncrementNormally(currentMax: 15000, expected: 15001)" computerName="UNOPSGC520030" duration="00:00:00.0000153" startTime="2025-12-19T07:05:47.8336700+01:00" endTime="2025-12-19T07:05:47.8336701+01:00" testType="13cdc9d9-ddb5-4fa4-a97d-d965ccfc6d4b" outcome="Passed" testListId="8c84fa94-04c1-424b-9868-57a2d4851a1d" relativeResultsDirectory="ead91b90-fe6f-4b3e-8e99-fabd87d26635" />
    <UnitTestResult executionId="522c8840-8bbb-47e0-a0f7-c4b293d5fa97" testId="c23cf987-be7d-7d68-e30c-dcdf194aaa75" testName="UNOPS.PAO.FastTests.DuplicateDetectionLogicTests.ShouldTriggerDuplicateDetection_WithEmptyOrWhitespaceData_ReturnsFalse(firstName: &quot;&quot;, lastName: &quot;&quot;, email: null)" computerName="UNOPSGC520030" duration="00:00:00.0003283" startTime="2025-12-19T07:05:47.8183236+01:00" endTime="2025-12-19T07:05:47.8183237+01:00" testType="13cdc9d9-ddb5-4fa4-a97d-d965ccfc6d4b" outcome="Passed" testListId="8c84fa94-04c1-424b-9868-57a2d4851a1d" relativeResultsDirectory="522c8840-8bbb-47e0-a0f7-c4b293d5fa97" />
    <UnitTestResult executionId="b40c1942-b352-403b-b438-b05a86caa4ab" testId="792be033-90e9-f637-00f0-3189e217ac39" testName="UNOPS.PAO.FastTests.DocumentValidationTests.ValidateDocument_InvalidFileSize_ReturnsInvalid(fileSize: 0)" computerName="UNOPSGC520030" duration="00:00:00.0002528" startTime="2025-12-19T07:05:47.8217852+01:00" endTime="2025-12-19T07:05:47.8217853+01:00" testType="13cdc9d9-ddb5-4fa4-a97d-d965ccfc6d4b" outcome="Passed" testListId="8c84fa94-04c1-424b-9868-57a2d4851a1d" relativeResultsDirectory="b40c1942-b352-403b-b438-b05a86caa4ab" />
    <UnitTestResult executionId="4b8e3a3c-845b-4a4e-b45d-7ed3cfa67551" testId="11ebb5e0-0eae-8d52-7d7f-50b071fa74ae" testName="UNOPS.PAO.FastTests.WorkflowLogicTests.IsTransitionAllowed_InvalidTransitions_ReturnsFalse(from: Draft, to: Approved)" computerName="UNOPSGC520030" duration="00:00:00.0071346" startTime="2025-12-19T07:05:47.8243366+01:00" endTime="2025-12-19T07:05:47.8243367+01:00" testType="13cdc9d9-ddb5-4fa4-a97d-d965ccfc6d4b" outcome="Passed" testListId="8c84fa94-04c1-424b-9868-57a2d4851a1d" relativeResultsDirectory="4b8e3a3c-845b-4a4e-b45d-7ed3cfa67551" />
    <UnitTestResult executionId="e1078241-fda9-4bb3-927e-aa9ee7ce3525" testId="aa9d1bd3-d5f5-4094-5d74-6f766e07001b" testName="UNOPS.PAO.FastTests.PermissionLogicTests.HasPermission_ReadOnlyCannotWrite" computerName="UNOPSGC520030" duration="00:00:00.0002211" startTime="2025-12-19T07:05:47.8301834+01:00" endTime="2025-12-19T07:05:47.8301835+01:00" testType="13cdc9d9-ddb5-4fa4-a97d-d965ccfc6d4b" outcome="Passed" testListId="8c84fa94-04c1-424b-9868-57a2d4851a1d" relativeResultsDirectory="e1078241-fda9-4bb3-927e-aa9ee7ce3525" />
    <UnitTestResult executionId="206dc2d0-46ca-4676-a55a-d19d77558650" testId="b662768f-fc5b-65be-293a-57e9d3ef5495" testName="UNOPS.PAO.FastTests.ExportLogicTests.ExportFieldMappings_FormatsDateCorrectly" computerName="UNOPSGC520030" duration="00:00:00.0015255" startTime="2025-12-19T07:05:47.8296472+01:00" endTime="2025-12-19T07:05:47.8296475+01:00" testType="13cdc9d9-ddb5-4fa4-a97d-d965ccfc6d4b" outcome="Passed" testListId="8c84fa94-04c1-424b-9868-57a2d4851a1d" relativeResultsDirectory="206dc2d0-46ca-4676-a55a-d19d77558650" />
    <UnitTestResult executionId="06c4b9f7-fff4-4f5c-8dba-3b77a0a1b101" testId="bcd70ad7-a51a-2933-b055-129495b354b0" testName="UNOPS.PAO.FastTests.DocumentValidationTests.ValidateDocument_FileTooLarge_ReturnsInvalid" computerName="UNOPSGC520030" duration="00:00:00.0012981" startTime="2025-12-19T07:05:47.8224677+01:00" endTime="2025-12-19T07:05:47.8224678+01:00" testType="13cdc9d9-ddb5-4fa4-a97d-d965ccfc6d4b" outcome="Passed" testListId="8c84fa94-04c1-424b-9868-57a2d4851a1d" relativeResultsDirectory="06c4b9f7-fff4-4f5c-8dba-3b77a0a1b101" />
    <UnitTestResult executionId="5540ac14-0253-44e8-989f-67bdbf05d47b" testId="dc2354cc-1b9b-18a2-034d-b40fa62fd965" testName="UNOPS.PAO.FastTests.PermissionLogicTests.HasPermission_AdminHasAll" computerName="UNOPSGC520030" duration="00:00:00.0003457" startTime="2025-12-19T07:05:47.8299694+01:00" endTime="2025-12-19T07:05:47.8299695+01:00" testType="13cdc9d9-ddb5-4fa4-a97d-d965ccfc6d4b" outcome="Passed" testListId="8c84fa94-04c1-424b-9868-57a2d4851a1d" relativeResultsDirectory="5540ac14-0253-44e8-989f-67bdbf05d47b" />
    <UnitTestResult executionId="16443fd4-3b9a-45c9-a7b9-3ae88ed09be5" testId="4cc64508-1819-130d-0e4e-cee07268ef3b" testName="UNOPS.PAO.FastTests.DuplicateDetectionLogicTests.ShouldTriggerDuplicateDetection_WithOnlyName_ReturnsTrue" computerName="UNOPSGC520030" duration="00:00:00.0004861" startTime="2025-12-19T07:05:47.7977421+01:00" endTime="2025-12-19T07:05:47.7977422+01:00" testType="13cdc9d9-ddb5-4fa4-a97d-d965ccfc6d4b" outcome="Passed" testListId="8c84fa94-04c1-424b-9868-57a2d4851a1d" relativeResultsDirectory="16443fd4-3b9a-45c9-a7b9-3ae88ed09be5" />
    <UnitTestResult executionId="f7e048df-e4bd-45a8-b5b8-8f20bf888015" testId="d7053a69-52f4-1e6e-ea89-fe38c927087d" testName="UNOPS.PAO.FastTests.WorkflowLogicTests.IsTransitionAllowed_CannotSkipReviewProcess" computerName="UNOPSGC520030" duration="00:00:00.0001729" startTime="2025-12-19T07:05:47.8256453+01:00" endTime="2025-12-19T07:05:47.8256454+01:00" testType="13cdc9d9-ddb5-4fa4-a97d-d965ccfc6d4b" outcome="Passed" testListId="8c84fa94-04c1-424b-9868-57a2d4851a1d" relativeResultsDirectory="f7e048df-e4bd-45a8-b5b8-8f20bf888015" />
    <UnitTestResult executionId="88830ebf-2bdf-4d9a-8649-17124ca6ce83" testId="a9a49551-9fa1-4314-158f-7d2397ea4b92" testName="UNOPS.PAO.FastTests.DuplicateDetectionLogicTests.ShouldTriggerDuplicateDetection_WithOnlyEmail_ReturnsTrue" computerName="UNOPSGC520030" duration="00:00:00.0001923" startTime="2025-12-19T07:05:47.8190626+01:00" endTime="2025-12-19T07:05:47.8190627+01:00" testType="13cdc9d9-ddb5-4fa4-a97d-d965ccfc6d4b" outcome="Passed" testListId="8c84fa94-04c1-424b-9868-57a2d4851a1d" relativeResultsDirectory="88830ebf-2bdf-4d9a-8649-17124ca6ce83" />
    <UnitTestResult executionId="833e8de7-7f37-4930-86ed-97927ae3fab4" testId="399bcd7a-6b17-fcd2-eb74-22513f4b49b3" testName="UNOPS.PAO.FastTests.PermissionLogicTests.HasAnyPermission_MatchesAny" computerName="UNOPSGC520030" duration="00:00:00.0004285" startTime="2025-12-19T07:05:47.8298322+01:00" endTime="2025-12-19T07:05:47.8298323+01:00" testType="13cdc9d9-ddb5-4fa4-a97d-d965ccfc6d4b" outcome="Passed" testListId="8c84fa94-04c1-424b-9868-57a2d4851a1d" relativeResultsDirectory="833e8de7-7f37-4930-86ed-97927ae3fab4" />
    <UnitTestResult executionId="144be181-8461-46c9-b4a0-d97d5ba97385" testId="72418262-aeb5-f773-3f7b-30855f7808c5" testName="UNOPS.PAO.FastTests.DocumentValidationTests.ValidateDocument_ValidFiles_ReturnsValid(fileName: &quot;document.pdf&quot;)" computerName="UNOPSGC520030" duration="00:00:00.0000077" startTime="2025-12-19T07:05:47.8222914+01:00" endTime="2025-12-19T07:05:47.8222915+01:00" testType="13cdc9d9-ddb5-4fa4-a97d-d965ccfc6d4b" outcome="Passed" testListId="8c84fa94-04c1-424b-9868-57a2d4851a1d" relativeResultsDirectory="144be181-8461-46c9-b4a0-d97d5ba97385" />
    <UnitTestResult executionId="1ce3eed3-473e-43e4-8c89-ecbc4a64db8e" testId="b7557480-0aef-4a1f-d3f9-ff93ef2f0bae" testName="UNOPS.PAO.FastTests.PermissionLogicTests.HasPermission_RequiresAllSpecified" computerName="UNOPSGC520030" duration="00:00:00.0001977" startTime="2025-12-19T07:05:47.8300816+01:00" endTime="2025-12-19T07:05:47.8300817+01:00" testType="13cdc9d9-ddb5-4fa4-a97d-d965ccfc6d4b" outcome="Passed" testListId="8c84fa94-04c1-424b-9868-57a2d4851a1d" relativeResultsDirectory="1ce3eed3-473e-43e4-8c89-ecbc4a64db8e" />
    <UnitTestResult executionId="f2eea44d-d02c-4ebe-8791-91dc90273115" testId="fff86089-8daf-0f83-356a-5a92469cfd26" testName="UNOPS.PAO.FastTests.ExportLogicTests.ExportFieldMappings_ContainsAllRequiredFields" computerName="UNOPSGC520030" duration="00:00:00.0091342" startTime="2025-12-19T07:05:47.8259264+01:00" endTime="2025-12-19T07:05:47.8259265+01:00" testType="13cdc9d9-ddb5-4fa4-a97d-d965ccfc6d4b" outcome="Passed" testListId="8c84fa94-04c1-424b-9868-57a2d4851a1d" relativeResultsDirectory="f2eea44d-d02c-4ebe-8791-91dc90273115" />
    <UnitTestResult executionId="9fabfb41-596d-4275-a8e0-f6678eee0e82" testId="e0803ca7-d7ab-2176-543b-b536d2a0a4af" testName="UNOPS.PAO.FastTests.WorkflowLogicTests.IsTransitionAllowed_ValidTransitions_ReturnsTrue(from: UnderReview, to: Approved, expected: True)" computerName="UNOPSGC520030" duration="00:00:00.0000050" startTime="2025-12-19T07:05:47.8240752+01:00" endTime="2025-12-19T07:05:47.8240753+01:00" testType="13cdc9d9-ddb5-4fa4-a97d-d965ccfc6d4b" outcome="Passed" testListId="8c84fa94-04c1-424b-9868-57a2d4851a1d" relativeResultsDirectory="9fabfb41-596d-4275-a8e0-f6678eee0e82" />
    <UnitTestResult executionId="776ea0ad-52d9-41a1-9d9d-ea375d2e3de3" testId="4b66a147-e0b6-c0b2-49eb-ff4071ec65ac" testName="UNOPS.PAO.FastTests.AdvancedSearchFieldMappingTests.PartnerAllowedFields_ContainsCommonSearchFields(fieldName: &quot;partnerType&quot;)" computerName="UNOPSGC520030" duration="00:00:00.0000076" startTime="2025-12-19T07:05:47.8278294+01:00" endTime="2025-12-19T07:05:47.8278295+01:00" testType="13cdc9d9-ddb5-4fa4-a97d-d965ccfc6d4b" outcome="Passed" testListId="8c84fa94-04c1-424b-9868-57a2d4851a1d" relativeResultsDirectory="776ea0ad-52d9-41a1-9d9d-ea375d2e3de3" />
    <UnitTestResult executionId="c749d59a-b897-4c6e-9462-289eb873c51d" testId="0d692d45-b469-a79c-2379-cf94785d6075" testName="UNOPS.PAO.FastTests.WorkflowLogicTests.IsTransitionAllowed_RejectedCanResubmit" computerName="UNOPSGC520030" duration="00:00:00.0001600" startTime="2025-12-19T07:05:47.8257678+01:00" endTime="2025-12-19T07:05:47.8257679+01:00" testType="13cdc9d9-ddb5-4fa4-a97d-d965ccfc6d4b" outcome="Passed" testListId="8c84fa94-04c1-424b-9868-57a2d4851a1d" relativeResultsDirectory="c749d59a-b897-4c6e-9462-289eb873c51d" />
    <UnitTestResult executionId="694d5a6f-06e7-4145-80e0-25c98a688731" testId="d116f7a8-f6c6-cdba-ff2a-7dc477e4ef7a" testName="UNOPS.PAO.FastTests.WorkflowLogicTests.IsTransitionAllowed_InvalidTransitions_ReturnsFalse(from: PendingReview, to: Approved)" computerName="UNOPSGC520030" duration="00:00:00.0003719" startTime="2025-12-19T07:05:47.8244358+01:00" endTime="2025-12-19T07:05:47.8244359+01:00" testType="13cdc9d9-ddb5-4fa4-a97d-d965ccfc6d4b" outcome="Passed" testListId="8c84fa94-04c1-424b-9868-57a2d4851a1d" relativeResultsDirectory="694d5a6f-06e7-4145-80e0-25c98a688731" />
    <UnitTestResult executionId="c17d3c84-8d7c-4dde-a4f4-81418534890f" testId="3196e42b-9bae-a84c-ae8a-5cc0a0814a7b" testName="UNOPS.PAO.FastTests.AdvancedSearchFieldMappingTests.PartnerAllowedFields_HasMinimumRequiredFields" computerName="UNOPSGC520030" duration="00:00:00.0094368" startTime="2025-12-19T07:05:47.8320917+01:00" endTime="2025-12-19T07:05:47.8320918+01:00" testType="13cdc9d9-ddb5-4fa4-a97d-d965ccfc6d4b" outcome="Passed" testListId="8c84fa94-04c1-424b-9868-57a2d4851a1d" relativeResultsDirectory="c17d3c84-8d7c-4dde-a4f4-81418534890f" />
    <UnitTestResult executionId="b2e4105f-24ba-4d1d-887b-67af771fdcdc" testId="ad9a55bf-812a-1cb7-4434-18700e24eb68" testName="UNOPS.PAO.FastTests.ExportLogicTests.ExportFieldMappings_HandlesNullValues_WithoutException" computerName="UNOPSGC520030" duration="00:00:00.3310441" startTime="2025-12-19T07:05:47.8242017+01:00" endTime="2025-12-19T07:05:47.8242018+01:00" testType="13cdc9d9-ddb5-4fa4-a97d-d965ccfc6d4b" outcome="Passed" testListId="8c84fa94-04c1-424b-9868-57a2d4851a1d" relativeResultsDirectory="b2e4105f-24ba-4d1d-887b-67af771fdcdc" />
    <UnitTestResult executionId="e22a0800-2f0f-4d0f-a99a-3ea5559b3ea2" testId="1ca47c50-2342-84fd-1a42-3ece55af6799" testName="UNOPS.PAO.FastTests.DuplicateDetectionLogicTests.ShouldTriggerDuplicateDetection_BeforeSave_ReturnsFalse" computerName="UNOPSGC520030" duration="00:00:00.0001977" startTime="2025-12-19T07:05:47.8217023+01:00" endTime="2025-12-19T07:05:47.8217024+01:00" testType="13cdc9d9-ddb5-4fa4-a97d-d965ccfc6d4b" outcome="Passed" testListId="8c84fa94-04c1-424b-9868-57a2d4851a1d" relativeResultsDirectory="e22a0800-2f0f-4d0f-a99a-3ea5559b3ea2" />
    <UnitTestResult executionId="0977a7bd-c048-47a3-a30a-67920a385176" testId="1c09612f-8619-e16b-aa58-add89bc71446" testName="UNOPS.PAO.FastTests.DocumentValidationTests.ValidateDocument_DangerousExtensions_ReturnsInvalid(fileName: &quot;payload.php&quot;)" computerName="UNOPSGC520030" duration="00:00:00.0000378" startTime="2025-12-19T07:05:47.8185391+01:00" endTime="2025-12-19T07:05:47.8185392+01:00" testType="13cdc9d9-ddb5-4fa4-a97d-d965ccfc6d4b" outcome="Passed" testListId="8c84fa94-04c1-424b-9868-57a2d4851a1d" relativeResultsDirectory="0977a7bd-c048-47a3-a30a-67920a385176" />
    <UnitTestResult executionId="efcc562d-ada9-4df4-abf3-e8390f12ca98" testId="740e2791-95ea-bd34-8f7a-121b367d5967" testName="UNOPS.PAO.FastTests.DocumentValidationTests.ValidateDocument_ValidFiles_ReturnsValid(fileName: &quot;IMAGE.PNG&quot;)" computerName="UNOPSGC520030" duration="00:00:00.0006753" startTime="2025-12-19T07:05:47.8218930+01:00" endTime="2025-12-19T07:05:47.8218931+01:00" testType="13cdc9d9-ddb5-4fa4-a97d-d965ccfc6d4b" outcome="Passed" testListId="8c84fa94-04c1-424b-9868-57a2d4851a1d" relativeResultsDirectory="efcc562d-ada9-4df4-abf3-e8390f12ca98" />
  </Results>
  <TestDefinitions>
    <UnitTest name="UNOPS.PAO.FastTests.DocumentValidationTests.ValidateDocument_DangerousExtensions_ReturnsInvalid(fileName: &quot;hack.js&quot;)" storage="c:\users\leonardc\git\opportunityplus\qa tests\c# tests\unops.pao.fasttests\bin\debug\net9.0\unops.pao.fasttests.dll" id="4157555e-c0e1-294c-3400-d32bc7759965">
      <Execution id="3fa42866-771c-4d6f-8b1f-be4c217f9174" />
      <TestMethod codeBase="C:\Users\Leonardc\git\opportunityplus\QA Tests\C# Tests\UNOPS.PAO.FastTests\bin\Debug\net9.0\UNOPS.PAO.FastTests.dll" adapterTypeName="executor://xunit/VsTestRunner2/netcoreapp" className="UNOPS.PAO.FastTests.DocumentValidationTests" name="ValidateDocument_DangerousExtensions_ReturnsInvalid" />
    </UnitTest>
    <UnitTest name="UNOPS.PAO.FastTests.PermissionLogicTests.HasPermission_ReadOnlyCannotWrite" storage="c:\users\leonardc\git\opportunityplus\qa tests\c# tests\unops.pao.fasttests\bin\debug\net9.0\unops.pao.fasttests.dll" id="aa9d1bd3-d5f5-4094-5d74-6f766e07001b">
      <Execution id="e1078241-fda9-4bb3-927e-aa9ee7ce3525" />
      <TestMethod codeBase="C:\Users\Leonardc\git\opportunityplus\QA Tests\C# Tests\UNOPS.PAO.FastTests\bin\Debug\net9.0\UNOPS.PAO.FastTests.dll" adapterTypeName="executor://xunit/VsTestRunner2/netcoreapp" className="UNOPS.PAO.FastTests.PermissionLogicTests" name="HasPermission_ReadOnlyCannotWrite" />
    </UnitTest>
    <UnitTest name="UNOPS.PAO.FastTests.DocumentValidationTests.ValidateDocument_InvalidFileSize_ReturnsInvalid(fileSize: -1)" storage="c:\users\leonardc\git\opportunityplus\qa tests\c# tests\unops.pao.fasttests\bin\debug\net9.0\unops.pao.fasttests.dll" id="4766259f-8974-984c-18bb-aa0a7ccb200f">
      <Execution id="072e37d1-03e3-41e8-9d64-6511a100528a" />
      <TestMethod codeBase="C:\Users\Leonardc\git\opportunityplus\QA Tests\C# Tests\UNOPS.PAO.FastTests\bin\Debug\net9.0\UNOPS.PAO.FastTests.dll" adapterTypeName="executor://xunit/VsTestRunner2/netcoreapp" className="UNOPS.PAO.FastTests.DocumentValidationTests" name="ValidateDocument_InvalidFileSize_ReturnsInvalid" />
    </UnitTest>
    <UnitTest name="UNOPS.PAO.FastTests.ExportLogicTests.ExportFieldMappings_ExtractsNestedValue_WhenPresent" storage="c:\users\leonardc\git\opportunityplus\qa tests\c# tests\unops.pao.fasttests\bin\debug\net9.0\unops.pao.fasttests.dll" id="623fed58-8533-ade7-f59f-346727a86cb2">
      <Execution id="6d45798f-921f-446a-8948-bef5b55b1659" />
      <TestMethod codeBase="C:\Users\Leonardc\git\opportunityplus\QA Tests\C# Tests\UNOPS.PAO.FastTests\bin\Debug\net9.0\UNOPS.PAO.FastTests.dll" adapterTypeName="executor://xunit/VsTestRunner2/netcoreapp" className="UNOPS.PAO.FastTests.ExportLogicTests" name="ExportFieldMappings_ExtractsNestedValue_WhenPresent" />
    </UnitTest>
    <UnitTest name="UNOPS.PAO.FastTests.DuplicateDetectionLogicTests.ShouldTriggerDuplicateDetection_WithNoData_ReturnsFalse" storage="c:\users\leonardc\git\opportunityplus\qa tests\c# tests\unops.pao.fasttests\bin\debug\net9.0\unops.pao.fasttests.dll" id="adfd35d9-38ba-d5c4-05a0-1a8feb10a016">
      <Execution id="eb0f9530-0af5-4d4c-bb1e-d86ffb3259de" />
      <TestMethod codeBase="C:\Users\Leonardc\git\opportunityplus\QA Tests\C# Tests\UNOPS.PAO.FastTests\bin\Debug\net9.0\UNOPS.PAO.FastTests.dll" adapterTypeName="executor://xunit/VsTestRunner2/netcoreapp" className="UNOPS.PAO.FastTests.DuplicateDetectionLogicTests" name="ShouldTriggerDuplicateDetection_WithNoData_ReturnsFalse" />
    </UnitTest>
    <UnitTest name="UNOPS.PAO.FastTests.WorkflowLogicTests.IsTransitionAllowed_InvalidTransitions_ReturnsFalse(from: PendingReview, to: Approved)" storage="c:\users\leonardc\git\opportunityplus\qa tests\c# tests\unops.pao.fasttests\bin\debug\net9.0\unops.pao.fasttests.dll" id="d116f7a8-f6c6-cdba-ff2a-7dc477e4ef7a">
      <Execution id="694d5a6f-06e7-4145-80e0-25c98a688731" />
      <TestMethod codeBase="C:\Users\Leonardc\git\opportunityplus\QA Tests\C# Tests\UNOPS.PAO.FastTests\bin\Debug\net9.0\UNOPS.PAO.FastTests.dll" adapterTypeName="executor://xunit/VsTestRunner2/netcoreapp" className="UNOPS.PAO.FastTests.WorkflowLogicTests" name="IsTransitionAllowed_InvalidTransitions_ReturnsFalse" />
    </UnitTest>
    <UnitTest name="UNOPS.PAO.FastTests.ErpDimValueLogicTests.GetNextErpDimValue_WhenCurrentMaxIs10000_ShouldReturn10001" storage="c:\users\leonardc\git\opportunityplus\qa tests\c# tests\unops.pao.fasttests\bin\debug\net9.0\unops.pao.fasttests.dll" id="8509fcef-1e33-1255-5753-f50a722a1302">
      <Execution id="faeb79c7-bada-4083-8d0a-54ad099ebb5c" />
      <TestMethod codeBase="C:\Users\Leonardc\git\opportunityplus\QA Tests\C# Tests\UNOPS.PAO.FastTests\bin\Debug\net9.0\UNOPS.PAO.FastTests.dll" adapterTypeName="executor://xunit/VsTestRunner2/netcoreapp" className="UNOPS.PAO.FastTests.ErpDimValueLogicTests" name="GetNextErpDimValue_WhenCurrentMaxIs10000_ShouldReturn10001" />
    </UnitTest>
    <UnitTest name="UNOPS.PAO.FastTests.NotificationLogicTests.GetDefaultConfig_ImportantNotifications_SendEmail(type: WorkflowUpdate)" storage="c:\users\leonardc\git\opportunityplus\qa tests\c# tests\unops.pao.fasttests\bin\debug\net9.0\unops.pao.fasttests.dll" id="b4e6eb11-7c54-802f-8a9e-5dc8b79e68c5">
      <Execution id="b46b9638-811d-4216-a831-74829013a1cd" />
      <TestMethod codeBase="C:\Users\Leonardc\git\opportunityplus\QA Tests\C# Tests\UNOPS.PAO.FastTests\bin\Debug\net9.0\UNOPS.PAO.FastTests.dll" adapterTypeName="executor://xunit/VsTestRunner2/netcoreapp" className="UNOPS.PAO.FastTests.NotificationLogicTests" name="GetDefaultConfig_ImportantNotifications_SendEmail" />
    </UnitTest>
    <UnitTest name="UNOPS.PAO.FastTests.ErpDimValueLogicTests.GetNextErpDimValue_AfterReservedRange_ShouldIncrementNormally(currentMax: 10000, expected: 10001)" storage="c:\users\leonardc\git\opportunityplus\qa tests\c# tests\unops.pao.fasttests\bin\debug\net9.0\unops.pao.fasttests.dll" id="119c94aa-9b01-229f-69d4-3edbd23ed881">
      <Execution id="0854399e-9a74-4594-8a91-1079481b2ee7" />
      <TestMethod codeBase="C:\Users\Leonardc\git\opportunityplus\QA Tests\C# Tests\UNOPS.PAO.FastTests\bin\Debug\net9.0\UNOPS.PAO.FastTests.dll" adapterTypeName="executor://xunit/VsTestRunner2/netcoreapp" className="UNOPS.PAO.FastTests.ErpDimValueLogicTests" name="GetNextErpDimValue_AfterReservedRange_ShouldIncrementNormally" />
    </UnitTest>
    <UnitTest name="UNOPS.PAO.FastTests.DocumentValidationTests.ValidateDocument_ValidFiles_ReturnsValid(fileName: &quot;image.jpg&quot;)" storage="c:\users\leonardc\git\opportunityplus\qa tests\c# tests\unops.pao.fasttests\bin\debug\net9.0\unops.pao.fasttests.dll" id="47ffdfcf-3432-2b1e-ca53-49390e47edad">
      <Execution id="858006d2-cbdd-4273-9d92-8c0abc1d8347" />
      <TestMethod codeBase="C:\Users\Leonardc\git\opportunityplus\QA Tests\C# Tests\UNOPS.PAO.FastTests\bin\Debug\net9.0\UNOPS.PAO.FastTests.dll" adapterTypeName="executor://xunit/VsTestRunner2/netcoreapp" className="UNOPS.PAO.FastTests.DocumentValidationTests" name="ValidateDocument_ValidFiles_ReturnsValid" />
    </UnitTest>
    <UnitTest name="UNOPS.PAO.FastTests.WorkflowLogicTests.IsTransitionAllowed_CannotSkipReviewProcess" storage="c:\users\leonardc\git\opportunityplus\qa tests\c# tests\unops.pao.fasttests\bin\debug\net9.0\unops.pao.fasttests.dll" id="d7053a69-52f4-1e6e-ea89-fe38c927087d">
      <Execution id="f7e048df-e4bd-45a8-b5b8-8f20bf888015" />
      <TestMethod codeBase="C:\Users\Leonardc\git\opportunityplus\QA Tests\C# Tests\UNOPS.PAO.FastTests\bin\Debug\net9.0\UNOPS.PAO.FastTests.dll" adapterTypeName="executor://xunit/VsTestRunner2/netcoreapp" className="UNOPS.PAO.FastTests.WorkflowLogicTests" name="IsTransitionAllowed_CannotSkipReviewProcess" />
    </UnitTest>
    <UnitTest name="UNOPS.PAO.FastTests.NotificationLogicTests.GetDefaultConfig_ErrorNotifications_HaveLongerExpiry" storage="c:\users\leonardc\git\opportunityplus\qa tests\c# tests\unops.pao.fasttests\bin\debug\net9.0\unops.pao.fasttests.dll" id="6fe57f97-b9a2-f2b6-88c1-6c7c8f367e4b">
      <Execution id="79ac2231-cc07-401a-a259-1f2584ec4c68" />
      <TestMethod codeBase="C:\Users\Leonardc\git\opportunityplus\QA Tests\C# Tests\UNOPS.PAO.FastTests\bin\Debug\net9.0\UNOPS.PAO.FastTests.dll" adapterTypeName="executor://xunit/VsTestRunner2/netcoreapp" className="UNOPS.PAO.FastTests.NotificationLogicTests" name="GetDefaultConfig_ErrorNotifications_HaveLongerExpiry" />
    </UnitTest>
    <UnitTest name="UNOPS.PAO.FastTests.AdvancedSearchFieldMappingTests.PartnerAllowedFields_ContainsCommonSearchFields(fieldName: &quot;email&quot;)" storage="c:\users\leonardc\git\opportunityplus\qa tests\c# tests\unops.pao.fasttests\bin\debug\net9.0\unops.pao.fasttests.dll" id="8281992a-511e-352d-c21f-cc2bcd78ce52">
      <Execution id="4d2a4d37-a23f-4886-ab5f-4a19520d1709" />
      <TestMethod codeBase="C:\Users\Leonardc\git\opportunityplus\QA Tests\C# Tests\UNOPS.PAO.FastTests\bin\Debug\net9.0\UNOPS.PAO.FastTests.dll" adapterTypeName="executor://xunit/VsTestRunner2/netcoreapp" className="UNOPS.PAO.FastTests.AdvancedSearchFieldMappingTests" name="PartnerAllowedFields_ContainsCommonSearchFields" />
    </UnitTest>
    <UnitTest name="UNOPS.PAO.FastTests.DuplicateDetectionLogicTests.ShouldTriggerDuplicateDetection_WithOnlyEmail_ReturnsTrue" storage="c:\users\leonardc\git\opportunityplus\qa tests\c# tests\unops.pao.fasttests\bin\debug\net9.0\unops.pao.fasttests.dll" id="a9a49551-9fa1-4314-158f-7d2397ea4b92">
      <Execution id="88830ebf-2bdf-4d9a-8649-17124ca6ce83" />
      <TestMethod codeBase="C:\Users\Leonardc\git\opportunityplus\QA Tests\C# Tests\UNOPS.PAO.FastTests\bin\Debug\net9.0\UNOPS.PAO.FastTests.dll" adapterTypeName="executor://xunit/VsTestRunner2/netcoreapp" className="UNOPS.PAO.FastTests.DuplicateDetectionLogicTests" name="ShouldTriggerDuplicateDetection_WithOnlyEmail_ReturnsTrue" />
    </UnitTest>
    <UnitTest name="UNOPS.PAO.FastTests.DuplicateDetectionLogicTests.ShouldTriggerDuplicateDetection_BeforeSave_ReturnsFalse" storage="c:\users\leonardc\git\opportunityplus\qa tests\c# tests\unops.pao.fasttests\bin\debug\net9.0\unops.pao.fasttests.dll" id="1ca47c50-2342-84fd-1a42-3ece55af6799">
      <Execution id="e22a0800-2f0f-4d0f-a99a-3ea5559b3ea2" />
      <TestMethod codeBase="C:\Users\Leonardc\git\opportunityplus\QA Tests\C# Tests\UNOPS.PAO.FastTests\bin\Debug\net9.0\UNOPS.PAO.FastTests.dll" adapterTypeName="executor://xunit/VsTestRunner2/netcoreapp" className="UNOPS.PAO.FastTests.DuplicateDetectionLogicTests" name="ShouldTriggerDuplicateDetection_BeforeSave_ReturnsFalse" />
    </UnitTest>
    <UnitTest name="UNOPS.PAO.FastTests.ErpDimValueLogicTests.GetNextErpDimValue_WhenCurrentMaxInReservedRange_ShouldReturn10000(currentMax: 9000)" storage="c:\users\leonardc\git\opportunityplus\qa tests\c# tests\unops.pao.fasttests\bin\debug\net9.0\unops.pao.fasttests.dll" id="a5fd5d25-b1c7-43f2-b4c2-db6ebe7f0b63">
      <Execution id="002480d6-f74b-46c5-94c6-3f91b23247a2" />
      <TestMethod codeBase="C:\Users\Leonardc\git\opportunityplus\QA Tests\C# Tests\UNOPS.PAO.FastTests\bin\Debug\net9.0\UNOPS.PAO.FastTests.dll" adapterTypeName="executor://xunit/VsTestRunner2/netcoreapp" className="UNOPS.PAO.FastTests.ErpDimValueLogicTests" name="GetNextErpDimValue_WhenCurrentMaxInReservedRange_ShouldReturn10000" />
    </UnitTest>
    <UnitTest name="UNOPS.PAO.FastTests.DuplicateDetectionLogicTests.ShouldTriggerDuplicateDetection_WithEmptyOrWhitespaceData_ReturnsFalse(firstName: null, lastName: null, email: &quot;&quot;)" storage="c:\users\leonardc\git\opportunityplus\qa tests\c# tests\unops.pao.fasttests\bin\debug\net9.0\unops.pao.fasttests.dll" id="69f73d75-c1c3-14e5-9a34-60c92b648a32">
      <Execution id="dbc46bc5-16dc-4e63-b64d-6cbf833af39b" />
      <TestMethod codeBase="C:\Users\Leonardc\git\opportunityplus\QA Tests\C# Tests\UNOPS.PAO.FastTests\bin\Debug\net9.0\UNOPS.PAO.FastTests.dll" adapterTypeName="executor://xunit/VsTestRunner2/netcoreapp" className="UNOPS.PAO.FastTests.DuplicateDetectionLogicTests" name="ShouldTriggerDuplicateDetection_WithEmptyOrWhitespaceData_ReturnsFalse" />
    </UnitTest>
    <UnitTest name="UNOPS.PAO.FastTests.AdvancedSearchFieldMappingTests.PartnerAllowedFields_ContainsCommonSearchFields(fieldName: &quot;partnerType&quot;)" storage="c:\users\leonardc\git\opportunityplus\qa tests\c# tests\unops.pao.fasttests\bin\debug\net9.0\unops.pao.fasttests.dll" id="4b66a147-e0b6-c0b2-49eb-ff4071ec65ac">
      <Execution id="776ea0ad-52d9-41a1-9d9d-ea375d2e3de3" />
      <TestMethod codeBase="C:\Users\Leonardc\git\opportunityplus\QA Tests\C# Tests\UNOPS.PAO.FastTests\bin\Debug\net9.0\UNOPS.PAO.FastTests.dll" adapterTypeName="executor://xunit/VsTestRunner2/netcoreapp" className="UNOPS.PAO.FastTests.AdvancedSearchFieldMappingTests" name="PartnerAllowedFields_ContainsCommonSearchFields" />
    </UnitTest>
    <UnitTest name="UNOPS.PAO.FastTests.WorkflowLogicTests.IsTransitionAllowed_ValidTransitions_ReturnsTrue(from: UnderReview, to: Rejected, expected: True)" storage="c:\users\leonardc\git\opportunityplus\qa tests\c# tests\unops.pao.fasttests\bin\debug\net9.0\unops.pao.fasttests.dll" id="3af6fc16-0170-8ca5-25ee-4f2ac3a2b594">
      <Execution id="71cf192c-32e0-43cc-b60d-21c048629e73" />
      <TestMethod codeBase="C:\Users\Leonardc\git\opportunityplus\QA Tests\C# Tests\UNOPS.PAO.FastTests\bin\Debug\net9.0\UNOPS.PAO.FastTests.dll" adapterTypeName="executor://xunit/VsTestRunner2/netcoreapp" className="UNOPS.PAO.FastTests.WorkflowLogicTests" name="IsTransitionAllowed_ValidTransitions_ReturnsTrue" />
    </UnitTest>
    <UnitTest name="UNOPS.PAO.FastTests.ExportLogicTests.ExportFieldMappings_ContainsAllRequiredFields" storage="c:\users\leonardc\git\opportunityplus\qa tests\c# tests\unops.pao.fasttests\bin\debug\net9.0\unops.pao.fasttests.dll" id="fff86089-8daf-0f83-356a-5a92469cfd26">
      <Execution id="f2eea44d-d02c-4ebe-8791-91dc90273115" />
      <TestMethod codeBase="C:\Users\Leonardc\git\opportunityplus\QA Tests\C# Tests\UNOPS.PAO.FastTests\bin\Debug\net9.0\UNOPS.PAO.FastTests.dll" adapterTypeName="executor://xunit/VsTestRunner2/netcoreapp" className="UNOPS.PAO.FastTests.ExportLogicTests" name="ExportFieldMappings_ContainsAllRequiredFields" />
    </UnitTest>
    <UnitTest name="UNOPS.PAO.FastTests.DocumentValidationTests.ValidateDocument_ValidFiles_ReturnsValid(fileName: &quot;presentation.pptx&quot;)" storage="c:\users\leonardc\git\opportunityplus\qa tests\c# tests\unops.pao.fasttests\bin\debug\net9.0\unops.pao.fasttests.dll" id="13a70ee8-fe60-c43a-0b03-e86232698375">
      <Execution id="b33a8268-58b6-4f38-92ad-700ca445f3cd" />
      <TestMethod codeBase="C:\Users\Leonardc\git\opportunityplus\QA Tests\C# Tests\UNOPS.PAO.FastTests\bin\Debug\net9.0\UNOPS.PAO.FastTests.dll" adapterTypeName="executor://xunit/VsTestRunner2/netcoreapp" className="UNOPS.PAO.FastTests.DocumentValidationTests" name="ValidateDocument_ValidFiles_ReturnsValid" />
    </UnitTest>
    <UnitTest name="UNOPS.PAO.FastTests.AdvancedSearchFieldMappingTests.PartnerAllowedFields_ContainsCommonSearchFields(fieldName: &quot;phoneNumber&quot;)" storage="c:\users\leonardc\git\opportunityplus\qa tests\c# tests\unops.pao.fasttests\bin\debug\net9.0\unops.pao.fasttests.dll" id="461c0ff7-9306-9e4f-93b8-2c56d21730d0">
      <Execution id="2734eb5c-e9b5-47b2-888c-be4cde49cc6e" />
      <TestMethod codeBase="C:\Users\Leonardc\git\opportunityplus\QA Tests\C# Tests\UNOPS.PAO.FastTests\bin\Debug\net9.0\UNOPS.PAO.FastTests.dll" adapterTypeName="executor://xunit/VsTestRunner2/netcoreapp" className="UNOPS.PAO.FastTests.AdvancedSearchFieldMappingTests" name="PartnerAllowedFields_ContainsCommonSearchFields" />
    </UnitTest>
    <UnitTest name="UNOPS.PAO.FastTests.DuplicateDetectionLogicTests.ShouldTriggerDuplicateDetection_WithEmptyOrWhitespaceData_ReturnsFalse(firstName: &quot;John&quot;, lastName: &quot;&quot;, email: null)" storage="c:\users\leonardc\git\opportunityplus\qa tests\c# tests\unops.pao.fasttests\bin\debug\net9.0\unops.pao.fasttests.dll" id="6e97d64e-bbff-1c6f-82d7-6f29ba4eceeb">
      <Execution id="6760b44e-e608-40e4-a48b-9e107d4ef8f0" />
      <TestMethod codeBase="C:\Users\Leonardc\git\opportunityplus\QA Tests\C# Tests\UNOPS.PAO.FastTests\bin\Debug\net9.0\UNOPS.PAO.FastTests.dll" adapterTypeName="executor://xunit/VsTestRunner2/netcoreapp" className="UNOPS.PAO.FastTests.DuplicateDetectionLogicTests" name="ShouldTriggerDuplicateDetection_WithEmptyOrWhitespaceData_ReturnsFalse" />
    </UnitTest>
    <UnitTest name="UNOPS.PAO.FastTests.WorkflowLogicTests.IsTransitionAllowed_ValidTransitions_ReturnsTrue(from: Draft, to: PendingReview, expected: True)" storage="c:\users\leonardc\git\opportunityplus\qa tests\c# tests\unops.pao.fasttests\bin\debug\net9.0\unops.pao.fasttests.dll" id="3b54cd13-3925-346c-b583-b4b10028283e">
      <Execution id="6aa8eeb4-ef0f-495a-936d-6d47634ee40c" />
      <TestMethod codeBase="C:\Users\Leonardc\git\opportunityplus\QA Tests\C# Tests\UNOPS.PAO.FastTests\bin\Debug\net9.0\UNOPS.PAO.FastTests.dll" adapterTypeName="executor://xunit/VsTestRunner2/netcoreapp" className="UNOPS.PAO.FastTests.WorkflowLogicTests" name="IsTransitionAllowed_ValidTransitions_ReturnsTrue" />
    </UnitTest>
    <UnitTest name="UNOPS.PAO.FastTests.ErpDimValueLogicTests.GetNextErpDimValue_BoundaryTest_7998To7999" storage="c:\users\leonardc\git\opportunityplus\qa tests\c# tests\unops.pao.fasttests\bin\debug\net9.0\unops.pao.fasttests.dll" id="7f62fa1f-d853-9da1-783b-de5521acef90">
      <Execution id="cda03e89-3803-4875-a10b-1ed59e65153e" />
      <TestMethod codeBase="C:\Users\Leonardc\git\opportunityplus\QA Tests\C# Tests\UNOPS.PAO.FastTests\bin\Debug\net9.0\UNOPS.PAO.FastTests.dll" adapterTypeName="executor://xunit/VsTestRunner2/netcoreapp" className="UNOPS.PAO.FastTests.ErpDimValueLogicTests" name="GetNextErpDimValue_BoundaryTest_7998To7999" />
    </UnitTest>
    <UnitTest name="UNOPS.PAO.FastTests.DocumentValidationTests.ValidateDocument_DangerousExtensions_ReturnsInvalid(fileName: &quot;malware.bat&quot;)" storage="c:\users\leonardc\git\opportunityplus\qa tests\c# tests\unops.pao.fasttests\bin\debug\net9.0\unops.pao.fasttests.dll" id="ce869665-616b-64ac-1d4f-691704d136d9">
      <Execution id="a624ef25-3d5d-4301-8f14-572de6dbda77" />
      <TestMethod codeBase="C:\Users\Leonardc\git\opportunityplus\QA Tests\C# Tests\UNOPS.PAO.FastTests\bin\Debug\net9.0\UNOPS.PAO.FastTests.dll" adapterTypeName="executor://xunit/VsTestRunner2/netcoreapp" className="UNOPS.PAO.FastTests.DocumentValidationTests" name="ValidateDocument_DangerousExtensions_ReturnsInvalid" />
    </UnitTest>
    <UnitTest name="UNOPS.PAO.FastTests.AdvancedSearchFieldMappingTests.PartnerAllowedFields_HasMinimumRequiredFields" storage="c:\users\leonardc\git\opportunityplus\qa tests\c# tests\unops.pao.fasttests\bin\debug\net9.0\unops.pao.fasttests.dll" id="3196e42b-9bae-a84c-ae8a-5cc0a0814a7b">
      <Execution id="c17d3c84-8d7c-4dde-a4f4-81418534890f" />
      <TestMethod codeBase="C:\Users\Leonardc\git\opportunityplus\QA Tests\C# Tests\UNOPS.PAO.FastTests\bin\Debug\net9.0\UNOPS.PAO.FastTests.dll" adapterTypeName="executor://xunit/VsTestRunner2/netcoreapp" className="UNOPS.PAO.FastTests.AdvancedSearchFieldMappingTests" name="PartnerAllowedFields_HasMinimumRequiredFields" />
    </UnitTest>
    <UnitTest name="UNOPS.PAO.FastTests.DuplicateDetectionLogicTests.ShouldTriggerDuplicateDetection_WithEmptyOrWhitespaceData_ReturnsFalse(firstName: &quot;  &quot;, lastName: &quot;  &quot;, email: &quot;  &quot;)" storage="c:\users\leonardc\git\opportunityplus\qa tests\c# tests\unops.pao.fasttests\bin\debug\net9.0\unops.pao.fasttests.dll" id="199499df-bf7a-911b-94db-3a69e900c15a">
      <Execution id="d6839d93-c66d-48c0-a574-42b5bc02baf2" />
      <TestMethod codeBase="C:\Users\Leonardc\git\opportunityplus\QA Tests\C# Tests\UNOPS.PAO.FastTests\bin\Debug\net9.0\UNOPS.PAO.FastTests.dll" adapterTypeName="executor://xunit/VsTestRunner2/netcoreapp" className="UNOPS.PAO.FastTests.DuplicateDetectionLogicTests" name="ShouldTriggerDuplicateDetection_WithEmptyOrWhitespaceData_ReturnsFalse" />
    </UnitTest>
    <UnitTest name="UNOPS.PAO.FastTests.AdvancedSearchFieldMappingTests.PartnerAllowedFields_ContainsCommonSearchFields(fieldName: &quot;referenceNumber&quot;)" storage="c:\users\leonardc\git\opportunityplus\qa tests\c# tests\unops.pao.fasttests\bin\debug\net9.0\unops.pao.fasttests.dll" id="1cd783dd-d889-c152-71bf-51bdae182d24">
      <Execution id="32b7701e-f07c-4fac-937d-f202a472aa0a" />
      <TestMethod codeBase="C:\Users\Leonardc\git\opportunityplus\QA Tests\C# Tests\UNOPS.PAO.FastTests\bin\Debug\net9.0\UNOPS.PAO.FastTests.dll" adapterTypeName="executor://xunit/VsTestRunner2/netcoreapp" className="UNOPS.PAO.FastTests.AdvancedSearchFieldMappingTests" name="PartnerAllowedFields_ContainsCommonSearchFields" />
    </UnitTest>
    <UnitTest name="UNOPS.PAO.FastTests.DuplicateDetectionLogicTests.ShouldTriggerDuplicateDetection_WithEmptyOrWhitespaceData_ReturnsFalse(firstName: &quot;&quot;, lastName: &quot;&quot;, email: null)" storage="c:\users\leonardc\git\opportunityplus\qa tests\c# tests\unops.pao.fasttests\bin\debug\net9.0\unops.pao.fasttests.dll" id="c23cf987-be7d-7d68-e30c-dcdf194aaa75">
      <Execution id="522c8840-8bbb-47e0-a0f7-c4b293d5fa97" />
      <TestMethod codeBase="C:\Users\Leonardc\git\opportunityplus\QA Tests\C# Tests\UNOPS.PAO.FastTests\bin\Debug\net9.0\UNOPS.PAO.FastTests.dll" adapterTypeName="executor://xunit/VsTestRunner2/netcoreapp" className="UNOPS.PAO.FastTests.DuplicateDetectionLogicTests" name="ShouldTriggerDuplicateDetection_WithEmptyOrWhitespaceData_ReturnsFalse" />
    </UnitTest>
    <UnitTest name="UNOPS.PAO.FastTests.ErpDimValueLogicTests.GetNextErpDimValue_AfterReservedRange_ShouldIncrementNormally(currentMax: 15000, expected: 15001)" storage="c:\users\leonardc\git\opportunityplus\qa tests\c# tests\unops.pao.fasttests\bin\debug\net9.0\unops.pao.fasttests.dll" id="256a549b-d15b-1e66-aab2-3c83dd1ddd20">
      <Execution id="ead91b90-fe6f-4b3e-8e99-fabd87d26635" />
      <TestMethod codeBase="C:\Users\Leonardc\git\opportunityplus\QA Tests\C# Tests\UNOPS.PAO.FastTests\bin\Debug\net9.0\UNOPS.PAO.FastTests.dll" adapterTypeName="executor://xunit/VsTestRunner2/netcoreapp" className="UNOPS.PAO.FastTests.ErpDimValueLogicTests" name="GetNextErpDimValue_AfterReservedRange_ShouldIncrementNormally" />
    </UnitTest>
    <UnitTest name="UNOPS.PAO.FastTests.PermissionLogicTests.HasAnyPermission_MatchesAny" storage="c:\users\leonardc\git\opportunityplus\qa tests\c# tests\unops.pao.fasttests\bin\debug\net9.0\unops.pao.fasttests.dll" id="399bcd7a-6b17-fcd2-eb74-22513f4b49b3">
      <Execution id="833e8de7-7f37-4930-86ed-97927ae3fab4" />
      <TestMethod codeBase="C:\Users\Leonardc\git\opportunityplus\QA Tests\C# Tests\UNOPS.PAO.FastTests\bin\Debug\net9.0\UNOPS.PAO.FastTests.dll" adapterTypeName="executor://xunit/VsTestRunner2/netcoreapp" className="UNOPS.PAO.FastTests.PermissionLogicTests" name="HasAnyPermission_MatchesAny" />
    </UnitTest>
    <UnitTest name="UNOPS.PAO.FastTests.ErpDimValueLogicTests.GetNextErpDimValue_WhenCurrentMaxInReservedRange_ShouldReturn10000(currentMax: 8000)" storage="c:\users\leonardc\git\opportunityplus\qa tests\c# tests\unops.pao.fasttests\bin\debug\net9.0\unops.pao.fasttests.dll" id="63f5dfe5-fa84-bcb1-38c8-2d24efd0b8bb">
      <Execution id="abad8fb6-dff8-4ba4-ac50-08e2b36b18a0" />
      <TestMethod codeBase="C:\Users\Leonardc\git\opportunityplus\QA Tests\C# Tests\UNOPS.PAO.FastTests\bin\Debug\net9.0\UNOPS.PAO.FastTests.dll" adapterTypeName="executor://xunit/VsTestRunner2/netcoreapp" className="UNOPS.PAO.FastTests.ErpDimValueLogicTests" name="GetNextErpDimValue_WhenCurrentMaxInReservedRange_ShouldReturn10000" />
    </UnitTest>
    <UnitTest name="UNOPS.PAO.FastTests.ErpDimValueLogicTests.GetNextErpDimValue_NeverReturnsValueInReservedRange" storage="c:\users\leonardc\git\opportunityplus\qa tests\c# tests\unops.pao.fasttests\bin\debug\net9.0\unops.pao.fasttests.dll" id="e6dc36c7-8e30-5501-b7c3-1add961b0d96">
      <Execution id="03692e9f-6a3e-4e15-93ca-7ccab24972ee" />
      <TestMethod codeBase="C:\Users\Leonardc\git\opportunityplus\QA Tests\C# Tests\UNOPS.PAO.FastTests\bin\Debug\net9.0\UNOPS.PAO.FastTests.dll" adapterTypeName="executor://xunit/VsTestRunner2/netcoreapp" className="UNOPS.PAO.FastTests.ErpDimValueLogicTests" name="GetNextErpDimValue_NeverReturnsValueInReservedRange" />
    </UnitTest>
    <UnitTest name="UNOPS.PAO.FastTests.ExportLogicTests.ExportFieldMappings_FormatsDateCorrectly" storage="c:\users\leonardc\git\opportunityplus\qa tests\c# tests\unops.pao.fasttests\bin\debug\net9.0\unops.pao.fasttests.dll" id="b662768f-fc5b-65be-293a-57e9d3ef5495">
      <Execution id="206dc2d0-46ca-4676-a55a-d19d77558650" />
      <TestMethod codeBase="C:\Users\Leonardc\git\opportunityplus\QA Tests\C# Tests\UNOPS.PAO.FastTests\bin\Debug\net9.0\UNOPS.PAO.FastTests.dll" adapterTypeName="executor://xunit/VsTestRunner2/netcoreapp" className="UNOPS.PAO.FastTests.ExportLogicTests" name="ExportFieldMappings_FormatsDateCorrectly" />
    </UnitTest>
    <UnitTest name="UNOPS.PAO.FastTests.DocumentValidationTests.ValidateDocument_ValidFiles_ReturnsValid(fileName: &quot;IMAGE.PNG&quot;)" storage="c:\users\leonardc\git\opportunityplus\qa tests\c# tests\unops.pao.fasttests\bin\debug\net9.0\unops.pao.fasttests.dll" id="740e2791-95ea-bd34-8f7a-121b367d5967">
      <Execution id="efcc562d-ada9-4df4-abf3-e8390f12ca98" />
      <TestMethod codeBase="C:\Users\Leonardc\git\opportunityplus\QA Tests\C# Tests\UNOPS.PAO.FastTests\bin\Debug\net9.0\UNOPS.PAO.FastTests.dll" adapterTypeName="executor://xunit/VsTestRunner2/netcoreapp" className="UNOPS.PAO.FastTests.DocumentValidationTests" name="ValidateDocument_ValidFiles_ReturnsValid" />
    </UnitTest>
    <UnitTest name="UNOPS.PAO.FastTests.PermissionLogicTests.HasPermission_RequiresAllSpecified" storage="c:\users\leonardc\git\opportunityplus\qa tests\c# tests\unops.pao.fasttests\bin\debug\net9.0\unops.pao.fasttests.dll" id="b7557480-0aef-4a1f-d3f9-ff93ef2f0bae">
      <Execution id="1ce3eed3-473e-43e4-8c89-ecbc4a64db8e" />
      <TestMethod codeBase="C:\Users\Leonardc\git\opportunityplus\QA Tests\C# Tests\UNOPS.PAO.FastTests\bin\Debug\net9.0\UNOPS.PAO.FastTests.dll" adapterTypeName="executor://xunit/VsTestRunner2/netcoreapp" className="UNOPS.PAO.FastTests.PermissionLogicTests" name="HasPermission_RequiresAllSpecified" />
    </UnitTest>
    <UnitTest name="UNOPS.PAO.FastTests.WorkflowLogicTests.IsTransitionAllowed_InvalidTransitions_ReturnsFalse(from: Draft, to: Approved)" storage="c:\users\leonardc\git\opportunityplus\qa tests\c# tests\unops.pao.fasttests\bin\debug\net9.0\unops.pao.fasttests.dll" id="11ebb5e0-0eae-8d52-7d7f-50b071fa74ae">
      <Execution id="4b8e3a3c-845b-4a4e-b45d-7ed3cfa67551" />
      <TestMethod codeBase="C:\Users\Leonardc\git\opportunityplus\QA Tests\C# Tests\UNOPS.PAO.FastTests\bin\Debug\net9.0\UNOPS.PAO.FastTests.dll" adapterTypeName="executor://xunit/VsTestRunner2/netcoreapp" className="UNOPS.PAO.FastTests.WorkflowLogicTests" name="IsTransitionAllowed_InvalidTransitions_ReturnsFalse" />
    </UnitTest>
    <UnitTest name="UNOPS.PAO.FastTests.NotificationLogicTests.GetDefaultConfig_AllTypes_SendInApp" storage="c:\users\leonardc\git\opportunityplus\qa tests\c# tests\unops.pao.fasttests\bin\debug\net9.0\unops.pao.fasttests.dll" id="5e13ea8f-7fa6-7390-0911-8f42ff879ef6">
      <Execution id="6ee894c8-0df9-4c54-a542-3f4b17f10a8a" />
      <TestMethod codeBase="C:\Users\Leonardc\git\opportunityplus\QA Tests\C# Tests\UNOPS.PAO.FastTests\bin\Debug\net9.0\UNOPS.PAO.FastTests.dll" adapterTypeName="executor://xunit/VsTestRunner2/netcoreapp" className="UNOPS.PAO.FastTests.NotificationLogicTests" name="GetDefaultConfig_AllTypes_SendInApp" />
    </UnitTest>
    <UnitTest name="UNOPS.PAO.FastTests.NotificationLogicTests.GetDefaultConfig_ImportantNotifications_SendEmail(type: TaskAssignment)" storage="c:\users\leonardc\git\opportunityplus\qa tests\c# tests\unops.pao.fasttests\bin\debug\net9.0\unops.pao.fasttests.dll" id="fa4c76c4-5bc9-2a59-28b3-c68646f3b57d">
      <Execution id="28977b1c-ee14-4a4f-bdd5-1a15511fde8d" />
      <TestMethod codeBase="C:\Users\Leonardc\git\opportunityplus\QA Tests\C# Tests\UNOPS.PAO.FastTests\bin\Debug\net9.0\UNOPS.PAO.FastTests.dll" adapterTypeName="executor://xunit/VsTestRunner2/netcoreapp" className="UNOPS.PAO.FastTests.NotificationLogicTests" name="GetDefaultConfig_ImportantNotifications_SendEmail" />
    </UnitTest>
    <UnitTest name="UNOPS.PAO.FastTests.DocumentValidationTests.ValidateDocument_EmptyFileName_ReturnsInvalid(fileName: &quot;   &quot;)" storage="c:\users\leonardc\git\opportunityplus\qa tests\c# tests\unops.pao.fasttests\bin\debug\net9.0\unops.pao.fasttests.dll" id="2badb02a-61e7-bc86-a945-44a0e7f85bd1">
      <Execution id="596115b9-5b99-4b5c-8405-22cd4ad5dfd3" />
      <TestMethod codeBase="C:\Users\Leonardc\git\opportunityplus\QA Tests\C# Tests\UNOPS.PAO.FastTests\bin\Debug\net9.0\UNOPS.PAO.FastTests.dll" adapterTypeName="executor://xunit/VsTestRunner2/netcoreapp" className="UNOPS.PAO.FastTests.DocumentValidationTests" name="ValidateDocument_EmptyFileName_ReturnsInvalid" />
    </UnitTest>
    <UnitTest name="UNOPS.PAO.FastTests.WorkflowLogicTests.IsTransitionAllowed_ValidTransitions_ReturnsTrue(from: PendingReview, to: UnderReview, expected: True)" storage="c:\users\leonardc\git\opportunityplus\qa tests\c# tests\unops.pao.fasttests\bin\debug\net9.0\unops.pao.fasttests.dll" id="8ec14030-eb0b-7b55-ae0d-b23575361828">
      <Execution id="18aeedda-a923-4463-8191-cc553dbc0863" />
      <TestMethod codeBase="C:\Users\Leonardc\git\opportunityplus\QA Tests\C# Tests\UNOPS.PAO.FastTests\bin\Debug\net9.0\UNOPS.PAO.FastTests.dll" adapterTypeName="executor://xunit/VsTestRunner2/netcoreapp" className="UNOPS.PAO.FastTests.WorkflowLogicTests" name="IsTransitionAllowed_ValidTransitions_ReturnsTrue" />
    </UnitTest>
    <UnitTest name="UNOPS.PAO.FastTests.DocumentValidationTests.ValidateDocument_EmptyFileName_ReturnsInvalid(fileName: &quot;&quot;)" storage="c:\users\leonardc\git\opportunityplus\qa tests\c# tests\unops.pao.fasttests\bin\debug\net9.0\unops.pao.fasttests.dll" id="a8bffc01-3987-ac52-3a32-c984c6a8a4c1">
      <Execution id="5c6ca45b-ed38-43a1-8488-f8107bc19345" />
      <TestMethod codeBase="C:\Users\Leonardc\git\opportunityplus\QA Tests\C# Tests\UNOPS.PAO.FastTests\bin\Debug\net9.0\UNOPS.PAO.FastTests.dll" adapterTypeName="executor://xunit/VsTestRunner2/netcoreapp" className="UNOPS.PAO.FastTests.DocumentValidationTests" name="ValidateDocument_EmptyFileName_ReturnsInvalid" />
    </UnitTest>
    <UnitTest name="UNOPS.PAO.FastTests.DocumentValidationTests.ValidateDocument_DangerousExtensions_ReturnsInvalid(fileName: &quot;payload.php&quot;)" storage="c:\users\leonardc\git\opportunityplus\qa tests\c# tests\unops.pao.fasttests\bin\debug\net9.0\unops.pao.fasttests.dll" id="1c09612f-8619-e16b-aa58-add89bc71446">
      <Execution id="0977a7bd-c048-47a3-a30a-67920a385176" />
      <TestMethod codeBase="C:\Users\Leonardc\git\opportunityplus\QA Tests\C# Tests\UNOPS.PAO.FastTests\bin\Debug\net9.0\UNOPS.PAO.FastTests.dll" adapterTypeName="executor://xunit/VsTestRunner2/netcoreapp" className="UNOPS.PAO.FastTests.DocumentValidationTests" name="ValidateDocument_DangerousExtensions_ReturnsInvalid" />
    </UnitTest>
    <UnitTest name="UNOPS.PAO.FastTests.WorkflowLogicTests.IsTransitionAllowed_RejectedCanResubmit" storage="c:\users\leonardc\git\opportunityplus\qa tests\c# tests\unops.pao.fasttests\bin\debug\net9.0\unops.pao.fasttests.dll" id="0d692d45-b469-a79c-2379-cf94785d6075">
      <Execution id="c749d59a-b897-4c6e-9462-289eb873c51d" />
      <TestMethod codeBase="C:\Users\Leonardc\git\opportunityplus\QA Tests\C# Tests\UNOPS.PAO.FastTests\bin\Debug\net9.0\UNOPS.PAO.FastTests.dll" adapterTypeName="executor://xunit/VsTestRunner2/netcoreapp" className="UNOPS.PAO.FastTests.WorkflowLogicTests" name="IsTransitionAllowed_RejectedCanResubmit" />
    </UnitTest>
    <UnitTest name="UNOPS.PAO.FastTests.ErpDimValueLogicTests.GetNextErpDimValue_WhenCurrentMaxInReservedRange_ShouldReturn10000(currentMax: 8500)" storage="c:\users\leonardc\git\opportunityplus\qa tests\c# tests\unops.pao.fasttests\bin\debug\net9.0\unops.pao.fasttests.dll" id="7e9cdd6f-1ef4-3efc-a043-ba5da3df1215">
      <Execution id="efa0d505-6c51-4231-b9d4-fcc7de97ee73" />
      <TestMethod codeBase="C:\Users\Leonardc\git\opportunityplus\QA Tests\C# Tests\UNOPS.PAO.FastTests\bin\Debug\net9.0\UNOPS.PAO.FastTests.dll" adapterTypeName="executor://xunit/VsTestRunner2/netcoreapp" className="UNOPS.PAO.FastTests.ErpDimValueLogicTests" name="GetNextErpDimValue_WhenCurrentMaxInReservedRange_ShouldReturn10000" />
    </UnitTest>
    <UnitTest name="UNOPS.PAO.FastTests.NotificationLogicTests.GetDefaultConfig_ImportantNotifications_SendEmail(type: Error)" storage="c:\users\leonardc\git\opportunityplus\qa tests\c# tests\unops.pao.fasttests\bin\debug\net9.0\unops.pao.fasttests.dll" id="7dcfde43-55bc-12ef-0af8-d3c830ffcaab">
      <Execution id="db2a492a-7e98-4a38-a427-58a884cba4fd" />
      <TestMethod codeBase="C:\Users\Leonardc\git\opportunityplus\QA Tests\C# Tests\UNOPS.PAO.FastTests\bin\Debug\net9.0\UNOPS.PAO.FastTests.dll" adapterTypeName="executor://xunit/VsTestRunner2/netcoreapp" className="UNOPS.PAO.FastTests.NotificationLogicTests" name="GetDefaultConfig_ImportantNotifications_SendEmail" />
    </UnitTest>
    <UnitTest name="UNOPS.PAO.FastTests.DuplicateDetectionLogicTests.ShouldTriggerDuplicateDetection_AfterSaveWithValidData_ReturnsTrue" storage="c:\users\leonardc\git\opportunityplus\qa tests\c# tests\unops.pao.fasttests\bin\debug\net9.0\unops.pao.fasttests.dll" id="8c12d2b1-c418-ac14-3cdf-846ca31291ad">
      <Execution id="6e548bc9-9089-48c1-9103-40004f18f2ba" />
      <TestMethod codeBase="C:\Users\Leonardc\git\opportunityplus\QA Tests\C# Tests\UNOPS.PAO.FastTests\bin\Debug\net9.0\UNOPS.PAO.FastTests.dll" adapterTypeName="executor://xunit/VsTestRunner2/netcoreapp" className="UNOPS.PAO.FastTests.DuplicateDetectionLogicTests" name="ShouldTriggerDuplicateDetection_AfterSaveWithValidData_ReturnsTrue" />
    </UnitTest>
    <UnitTest name="UNOPS.PAO.FastTests.AdvancedSearchFieldMappingTests.PartnerAllowedFields_IsCaseInsensitive" storage="c:\users\leonardc\git\opportunityplus\qa tests\c# tests\unops.pao.fasttests\bin\debug\net9.0\unops.pao.fasttests.dll" id="dfd2c686-7720-f5dc-7f6f-b7664ecbc575">
      <Execution id="9e9a3570-45ee-4de2-bb90-656342d5aa18" />
[...]
      <Execution id="be46ea21-ceb4-4435-a7c2-c7cadd877a2c" />
      <TestMethod codeBase="C:\Users\Leonardc\git\opportunityplus\QA Tests\C# Tests\UNOPS.PAO.FastTests\bin\Debug\net9.0\UNOPS.PAO.FastTests.dll" adapterTypeName="executor://xunit/VsTestRunner2/netcoreapp" className="UNOPS.PAO.FastTests.NotificationLogicTests" name="GetDefaultConfig_InfoNotifications_DoNotSendEmail" />
    </UnitTest>
    <UnitTest name="UNOPS.PAO.FastTests.AdvancedSearchFieldMappingTests.PartnerAllowedFields_DoesNotContainSensitiveFields" storage="c:\users\leonardc\git\opportunityplus\qa tests\c# tests\unops.pao.fasttests\bin\debug\net9.0\unops.pao.fasttests.dll" id="add37a9e-ea96-7c41-0099-11cbb688d7c8">
      <Execution id="b4004f7e-235f-4fc8-9037-7bddddeb1ca7" />
      <TestMethod codeBase="C:\Users\Leonardc\git\opportunityplus\QA Tests\C# Tests\UNOPS.PAO.FastTests\bin\Debug\net9.0\UNOPS.PAO.FastTests.dll" adapterTypeName="executor://xunit/VsTestRunner2/netcoreapp" className="UNOPS.PAO.FastTests.AdvancedSearchFieldMappingTests" name="PartnerAllowedFields_DoesNotContainSensitiveFields" />
    </UnitTest>
    <UnitTest name="UNOPS.PAO.FastTests.ErpDimValueLogicTests.GetNextErpDimValue_WhenCurrentMaxIs7999_ShouldSkipTo10000" storage="c:\users\leonardc\git\opportunityplus\qa tests\c# tests\unops.pao.fasttests\bin\debug\net9.0\unops.pao.fasttests.dll" id="caa52e57-bcda-8208-e2e0-28ab47ef6d28">
      <Execution id="7a00daa8-5917-4f75-8301-c67c24911310" />
      <TestMethod codeBase="C:\Users\Leonardc\git\opportunityplus\QA Tests\C# Tests\UNOPS.PAO.FastTests\bin\Debug\net9.0\UNOPS.PAO.FastTests.dll" adapterTypeName="executor://xunit/VsTestRunner2/netcoreapp" className="UNOPS.PAO.FastTests.ErpDimValueLogicTests" name="GetNextErpDimValue_WhenCurrentMaxIs7999_ShouldSkipTo10000" />
    </UnitTest>
    <UnitTest name="UNOPS.PAO.FastTests.DocumentValidationTests.ValidateDocument_NoExtension_ReturnsInvalid" storage="c:\users\leonardc\git\opportunityplus\qa tests\c# tests\unops.pao.fasttests\bin\debug\net9.0\unops.pao.fasttests.dll" id="f28691b3-22a5-1535-365c-2d0e1a1a8927">
      <Execution id="762f45f1-90e5-4c6c-9b71-0ec1be91c892" />
      <TestMethod codeBase="C:\Users\Leonardc\git\opportunityplus\QA Tests\C# Tests\UNOPS.PAO.FastTests\bin\Debug\net9.0\UNOPS.PAO.FastTests.dll" adapterTypeName="executor://xunit/VsTestRunner2/netcoreapp" className="UNOPS.PAO.FastTests.DocumentValidationTests" name="ValidateDocument_NoExtension_ReturnsInvalid" />
    </UnitTest>
    <UnitTest name="UNOPS.PAO.FastTests.ErpDimValueLogicTests.GetNextErpDimValue_WhenCurrentMaxInReservedRange_ShouldReturn10000(currentMax: 9999)" storage="c:\users\leonardc\git\opportunityplus\qa tests\c# tests\unops.pao.fasttests\bin\debug\net9.0\unops.pao.fasttests.dll" id="f834cee4-c257-e6ac-5bd2-538b29c12e6d">
      <Execution id="a642e957-e3cc-49d5-bdc0-83c7a79c7de8" />
      <TestMethod codeBase="C:\Users\Leonardc\git\opportunityplus\QA Tests\C# Tests\UNOPS.PAO.FastTests\bin\Debug\net9.0\UNOPS.PAO.FastTests.dll" adapterTypeName="executor://xunit/VsTestRunner2/netcoreapp" className="UNOPS.PAO.FastTests.ErpDimValueLogicTests" name="GetNextErpDimValue_WhenCurrentMaxInReservedRange_ShouldReturn10000" />
    </UnitTest>
    <UnitTest name="UNOPS.PAO.FastTests.DocumentValidationTests.ValidateDocument_FileTooLarge_ReturnsInvalid" storage="c:\users\leonardc\git\opportunityplus\qa tests\c# tests\unops.pao.fasttests\bin\debug\net9.0\unops.pao.fasttests.dll" id="bcd70ad7-a51a-2933-b055-129495b354b0">
      <Execution id="06c4b9f7-fff4-4f5c-8dba-3b77a0a1b101" />
      <TestMethod codeBase="C:\Users\Leonardc\git\opportunityplus\QA Tests\C# Tests\UNOPS.PAO.FastTests\bin\Debug\net9.0\UNOPS.PAO.FastTests.dll" adapterTypeName="executor://xunit/VsTestRunner2/netcoreapp" className="UNOPS.PAO.FastTests.DocumentValidationTests" name="ValidateDocument_FileTooLarge_ReturnsInvalid" />
    </UnitTest>
    <UnitTest name="UNOPS.PAO.FastTests.WorkflowLogicTests.IsTransitionAllowed_ValidTransitions_ReturnsTrue(from: UnderReview, to: Approved, expected: True)" storage="c:\users\leonardc\git\opportunityplus\qa tests\c# tests\unops.pao.fasttests\bin\debug\net9.0\unops.pao.fasttests.dll" id="e0803ca7-d7ab-2176-543b-b536d2a0a4af">
      <Execution id="9fabfb41-596d-4275-a8e0-f6678eee0e82" />
      <TestMethod codeBase="C:\Users\Leonardc\git\opportunityplus\QA Tests\C# Tests\UNOPS.PAO.FastTests\bin\Debug\net9.0\UNOPS.PAO.FastTests.dll" adapterTypeName="executor://xunit/VsTestRunner2/netcoreapp" className="UNOPS.PAO.FastTests.WorkflowLogicTests" name="IsTransitionAllowed_ValidTransitions_ReturnsTrue" />
    </UnitTest>
    <UnitTest name="UNOPS.PAO.FastTests.ExportLogicTests.ExportFieldMappings_HandlesNullNestedObject_WithoutException" storage="c:\users\leonardc\git\opportunityplus\qa tests\c# tests\unops.pao.fasttests\bin\debug\net9.0\unops.pao.fasttests.dll" id="9fbe5159-6251-c21d-ed34-35abdd8a455f">
      <Execution id="2e134a5c-8eb1-4128-b73c-3100217a2c29" />
      <TestMethod codeBase="C:\Users\Leonardc\git\opportunityplus\QA Tests\C# Tests\UNOPS.PAO.FastTests\bin\Debug\net9.0\UNOPS.PAO.FastTests.dll" adapterTypeName="executor://xunit/VsTestRunner2/netcoreapp" className="UNOPS.PAO.FastTests.ExportLogicTests" name="ExportFieldMappings_HandlesNullNestedObject_WithoutException" />
    </UnitTest>
    <UnitTest name="UNOPS.PAO.FastTests.NotificationLogicTests.GetDefaultConfig_InfoNotifications_DoNotSendEmail(type: Success)" storage="c:\users\leonardc\git\opportunityplus\qa tests\c# tests\unops.pao.fasttests\bin\debug\net9.0\unops.pao.fasttests.dll" id="054a7990-0614-a26f-c31b-d1d08a811806">
      <Execution id="0a7b37eb-5b98-4710-971e-4dec2561f975" />
      <TestMethod codeBase="C:\Users\Leonardc\git\opportunityplus\QA Tests\C# Tests\UNOPS.PAO.FastTests\bin\Debug\net9.0\UNOPS.PAO.FastTests.dll" adapterTypeName="executor://xunit/VsTestRunner2/netcoreapp" className="UNOPS.PAO.FastTests.NotificationLogicTests" name="GetDefaultConfig_InfoNotifications_DoNotSendEmail" />
    </UnitTest>
  </TestDefinitions>
  <TestEntries>
    <TestEntry testId="99f0d354-dadb-8fbc-34da-b9c945222ef1" executionId="45830a4c-91e2-4ef8-a509-1a74e3199146" testListId="8c84fa94-04c1-424b-9868-57a2d4851a1d" />
    <TestEntry testId="5e13ea8f-7fa6-7390-0911-8f42ff879ef6" executionId="6ee894c8-0df9-4c54-a542-3f4b17f10a8a" testListId="8c84fa94-04c1-424b-9868-57a2d4851a1d" />
    <TestEntry testId="26eca462-55f8-85ea-0873-4e1595497a79" executionId="586cab34-220e-446f-a2b9-1b81c43ba349" testListId="8c84fa94-04c1-424b-9868-57a2d4851a1d" />
    <TestEntry testId="a5fd5d25-b1c7-43f2-b4c2-db6ebe7f0b63" executionId="002480d6-f74b-46c5-94c6-3f91b23247a2" testListId="8c84fa94-04c1-424b-9868-57a2d4851a1d" />
    <TestEntry testId="8c12d2b1-c418-ac14-3cdf-846ca31291ad" executionId="6e548bc9-9089-48c1-9103-40004f18f2ba" testListId="8c84fa94-04c1-424b-9868-57a2d4851a1d" />
    <TestEntry testId="69f73d75-c1c3-14e5-9a34-60c92b648a32" executionId="dbc46bc5-16dc-4e63-b64d-6cbf833af39b" testListId="8c84fa94-04c1-424b-9868-57a2d4851a1d" />
    <TestEntry testId="054a7990-0614-a26f-c31b-d1d08a811806" executionId="0a7b37eb-5b98-4710-971e-4dec2561f975" testListId="8c84fa94-04c1-424b-9868-57a2d4851a1d" />
    <TestEntry testId="f834cee4-c257-e6ac-5bd2-538b29c12e6d" executionId="a642e957-e3cc-49d5-bdc0-83c7a79c7de8" testListId="8c84fa94-04c1-424b-9868-57a2d4851a1d" />
    <TestEntry testId="13a70ee8-fe60-c43a-0b03-e86232698375" executionId="b33a8268-58b6-4f38-92ad-700ca445f3cd" testListId="8c84fa94-04c1-424b-9868-57a2d4851a1d" />
    <TestEntry testId="119c94aa-9b01-229f-69d4-3edbd23ed881" executionId="0854399e-9a74-4594-8a91-1079481b2ee7" testListId="8c84fa94-04c1-424b-9868-57a2d4851a1d" />
    <TestEntry testId="4157555e-c0e1-294c-3400-d32bc7759965" executionId="3fa42866-771c-4d6f-8b1f-be4c217f9174" testListId="8c84fa94-04c1-424b-9868-57a2d4851a1d" />
    <TestEntry testId="ce869665-616b-64ac-1d4f-691704d136d9" executionId="a624ef25-3d5d-4301-8f14-572de6dbda77" testListId="8c84fa94-04c1-424b-9868-57a2d4851a1d" />
    <TestEntry testId="95057dbb-05ae-85c7-81f6-1dc7b8459ddd" executionId="3d1947c3-1108-4514-a71e-59bcc8fc057e" testListId="8c84fa94-04c1-424b-9868-57a2d4851a1d" />
    <TestEntry testId="a6cbc705-e855-e093-ffc4-8ab9eadb598d" executionId="837f8198-5f44-4bc3-ac44-9163f1f191f0" testListId="8c84fa94-04c1-424b-9868-57a2d4851a1d" />
    <TestEntry testId="b4e6eb11-7c54-802f-8a9e-5dc8b79e68c5" executionId="b46b9638-811d-4216-a831-74829013a1cd" testListId="8c84fa94-04c1-424b-9868-57a2d4851a1d" />
    <TestEntry testId="933dbf9f-e0ec-9440-e0d6-d957de876163" executionId="7216bf40-d99d-40d0-a64d-63623d9f941f" testListId="8c84fa94-04c1-424b-9868-57a2d4851a1d" />
    <TestEntry testId="f28691b3-22a5-1535-365c-2d0e1a1a8927" executionId="762f45f1-90e5-4c6c-9b71-0ec1be91c892" testListId="8c84fa94-04c1-424b-9868-57a2d4851a1d" />
    <TestEntry testId="fee8c6b2-f81d-c4be-ba81-763c83d58d82" executionId="be46ea21-ceb4-4435-a7c2-c7cadd877a2c" testListId="8c84fa94-04c1-424b-9868-57a2d4851a1d" />
    <TestEntry testId="aa9ea31b-d370-1dac-634c-9c572ee9d6e6" executionId="a8d3dc1d-6a7f-43cc-8d05-22d8316c09f7" testListId="8c84fa94-04c1-424b-9868-57a2d4851a1d" />
    <TestEntry testId="7e9cdd6f-1ef4-3efc-a043-ba5da3df1215" executionId="efa0d505-6c51-4231-b9d4-fcc7de97ee73" testListId="8c84fa94-04c1-424b-9868-57a2d4851a1d" />
    <TestEntry testId="461c0ff7-9306-9e4f-93b8-2c56d21730d0" executionId="2734eb5c-e9b5-47b2-888c-be4cde49cc6e" testListId="8c84fa94-04c1-424b-9868-57a2d4851a1d" />
    <TestEntry testId="8509fcef-1e33-1255-5753-f50a722a1302" executionId="faeb79c7-bada-4083-8d0a-54ad099ebb5c" testListId="8c84fa94-04c1-424b-9868-57a2d4851a1d" />
    <TestEntry testId="7dcfde43-55bc-12ef-0af8-d3c830ffcaab" executionId="db2a492a-7e98-4a38-a427-58a884cba4fd" testListId="8c84fa94-04c1-424b-9868-57a2d4851a1d" />
    <TestEntry testId="add37a9e-ea96-7c41-0099-11cbb688d7c8" executionId="b4004f7e-235f-4fc8-9037-7bddddeb1ca7" testListId="8c84fa94-04c1-424b-9868-57a2d4851a1d" />
    <TestEntry testId="9be029ae-f117-0d17-563d-3d16b4d09ab4" executionId="75bd2315-6cb5-4140-a3ad-561edbb82806" testListId="8c84fa94-04c1-424b-9868-57a2d4851a1d" />
    <TestEntry testId="af92b55f-536b-efce-3dec-1201272fcf37" executionId="fdf8a0a4-2f04-4ad0-8723-4337915827b9" testListId="8c84fa94-04c1-424b-9868-57a2d4851a1d" />
    <TestEntry testId="4766259f-8974-984c-18bb-aa0a7ccb200f" executionId="072e37d1-03e3-41e8-9d64-6511a100528a" testListId="8c84fa94-04c1-424b-9868-57a2d4851a1d" />
    <TestEntry testId="8ec14030-eb0b-7b55-ae0d-b23575361828" executionId="18aeedda-a923-4463-8191-cc553dbc0863" testListId="8c84fa94-04c1-424b-9868-57a2d4851a1d" />
    <TestEntry testId="9fbe5159-6251-c21d-ed34-35abdd8a455f" executionId="2e134a5c-8eb1-4128-b73c-3100217a2c29" testListId="8c84fa94-04c1-424b-9868-57a2d4851a1d" />
    <TestEntry testId="3af6fc16-0170-8ca5-25ee-4f2ac3a2b594" executionId="71cf192c-32e0-43cc-b60d-21c048629e73" testListId="8c84fa94-04c1-424b-9868-57a2d4851a1d" />
    <TestEntry testId="4317bccb-c046-7982-564d-27d3cf813e1b" executionId="da1e56b9-7980-44a2-8e04-1f965c064a73" testListId="8c84fa94-04c1-424b-9868-57a2d4851a1d" />
    <TestEntry testId="5b21a744-4e71-36ac-f7f5-d1f32bc91b59" executionId="589c80b2-d851-40e7-912c-0d91de42496e" testListId="8c84fa94-04c1-424b-9868-57a2d4851a1d" />
    <TestEntry testId="71b6d823-123f-4d90-cd16-241fd27f3603" executionId="4b450c34-4420-4ba4-bdb1-a9c2fca2929d" testListId="8c84fa94-04c1-424b-9868-57a2d4851a1d" />
    <TestEntry testId="47ffdfcf-3432-2b1e-ca53-49390e47edad" executionId="858006d2-cbdd-4273-9d92-8c0abc1d8347" testListId="8c84fa94-04c1-424b-9868-57a2d4851a1d" />
    <TestEntry testId="3b54cd13-3925-346c-b583-b4b10028283e" executionId="6aa8eeb4-ef0f-495a-936d-6d47634ee40c" testListId="8c84fa94-04c1-424b-9868-57a2d4851a1d" />
    <TestEntry testId="7f62fa1f-d853-9da1-783b-de5521acef90" executionId="cda03e89-3803-4875-a10b-1ed59e65153e" testListId="8c84fa94-04c1-424b-9868-57a2d4851a1d" />
    <TestEntry testId="caa52e57-bcda-8208-e2e0-28ab47ef6d28" executionId="7a00daa8-5917-4f75-8301-c67c24911310" testListId="8c84fa94-04c1-424b-9868-57a2d4851a1d" />
    <TestEntry testId="a8bffc01-3987-ac52-3a32-c984c6a8a4c1" executionId="5c6ca45b-ed38-43a1-8488-f8107bc19345" testListId="8c84fa94-04c1-424b-9868-57a2d4851a1d" />
    <TestEntry testId="623fed58-8533-ade7-f59f-346727a86cb2" executionId="6d45798f-921f-446a-8948-bef5b55b1659" testListId="8c84fa94-04c1-424b-9868-57a2d4851a1d" />
    <TestEntry testId="8281992a-511e-352d-c21f-cc2bcd78ce52" executionId="4d2a4d37-a23f-4886-ab5f-4a19520d1709" testListId="8c84fa94-04c1-424b-9868-57a2d4851a1d" />
    <TestEntry testId="2a23dde0-8f0c-d52e-0c6f-d23e13fea892" executionId="300a7934-43b3-43be-8c3b-b0ab2c9c343f" testListId="8c84fa94-04c1-424b-9868-57a2d4851a1d" />
    <TestEntry testId="1cd783dd-d889-c152-71bf-51bdae182d24" executionId="32b7701e-f07c-4fac-937d-f202a472aa0a" testListId="8c84fa94-04c1-424b-9868-57a2d4851a1d" />
    <TestEntry testId="cef3c2cc-100c-d7f2-ee19-c49a1228f312" executionId="ff506327-1c87-42ed-a712-142934a7e3d6" testListId="8c84fa94-04c1-424b-9868-57a2d4851a1d" />
    <TestEntry testId="6e97d64e-bbff-1c6f-82d7-6f29ba4eceeb" executionId="6760b44e-e608-40e4-a48b-9e107d4ef8f0" testListId="8c84fa94-04c1-424b-9868-57a2d4851a1d" />
    <TestEntry testId="adfd35d9-38ba-d5c4-05a0-1a8feb10a016" executionId="eb0f9530-0af5-4d4c-bb1e-d86ffb3259de" testListId="8c84fa94-04c1-424b-9868-57a2d4851a1d" />
    <TestEntry testId="63f5dfe5-fa84-bcb1-38c8-2d24efd0b8bb" executionId="abad8fb6-dff8-4ba4-ac50-08e2b36b18a0" testListId="8c84fa94-04c1-424b-9868-57a2d4851a1d" />
    <TestEntry testId="dfd2c686-7720-f5dc-7f6f-b7664ecbc575" executionId="9e9a3570-45ee-4de2-bb90-656342d5aa18" testListId="8c84fa94-04c1-424b-9868-57a2d4851a1d" />
    <TestEntry testId="2badb02a-61e7-bc86-a945-44a0e7f85bd1" executionId="596115b9-5b99-4b5c-8405-22cd4ad5dfd3" testListId="8c84fa94-04c1-424b-9868-57a2d4851a1d" />
    <TestEntry testId="e6dc36c7-8e30-5501-b7c3-1add961b0d96" executionId="03692e9f-6a3e-4e15-93ca-7ccab24972ee" testListId="8c84fa94-04c1-424b-9868-57a2d4851a1d" />
    <TestEntry testId="6fe57f97-b9a2-f2b6-88c1-6c7c8f367e4b" executionId="79ac2231-cc07-401a-a259-1f2584ec4c68" testListId="8c84fa94-04c1-424b-9868-57a2d4851a1d" />
    <TestEntry testId="021c34e6-011b-6196-c2b8-e772800176f9" executionId="da5f8cdb-0236-4329-8181-44befba03494" testListId="8c84fa94-04c1-424b-9868-57a2d4851a1d" />
    <TestEntry testId="199499df-bf7a-911b-94db-3a69e900c15a" executionId="d6839d93-c66d-48c0-a574-42b5bc02baf2" testListId="8c84fa94-04c1-424b-9868-57a2d4851a1d" />
    <TestEntry testId="693a7b49-886b-5008-d268-40d426bde8c2" executionId="b66dbbd0-33cf-4533-a8f0-72570c42abe3" testListId="8c84fa94-04c1-424b-9868-57a2d4851a1d" />
    <TestEntry testId="fa4c76c4-5bc9-2a59-28b3-c68646f3b57d" executionId="28977b1c-ee14-4a4f-bdd5-1a15511fde8d" testListId="8c84fa94-04c1-424b-9868-57a2d4851a1d" />
    <TestEntry testId="256a549b-d15b-1e66-aab2-3c83dd1ddd20" executionId="ead91b90-fe6f-4b3e-8e99-fabd87d26635" testListId="8c84fa94-04c1-424b-9868-57a2d4851a1d" />
    <TestEntry testId="c23cf987-be7d-7d68-e30c-dcdf194aaa75" executionId="522c8840-8bbb-47e0-a0f7-c4b293d5fa97" testListId="8c84fa94-04c1-424b-9868-57a2d4851a1d" />
    <TestEntry testId="792be033-90e9-f637-00f0-3189e217ac39" executionId="b40c1942-b352-403b-b438-b05a86caa4ab" testListId="8c84fa94-04c1-424b-9868-57a2d4851a1d" />
    <TestEntry testId="11ebb5e0-0eae-8d52-7d7f-50b071fa74ae" executionId="4b8e3a3c-845b-4a4e-b45d-7ed3cfa67551" testListId="8c84fa94-04c1-424b-9868-57a2d4851a1d" />
    <TestEntry testId="aa9d1bd3-d5f5-4094-5d74-6f766e07001b" executionId="e1078241-fda9-4bb3-927e-aa9ee7ce3525" testListId="8c84fa94-04c1-424b-9868-57a2d4851a1d" />
    <TestEntry testId="b662768f-fc5b-65be-293a-57e9d3ef5495" executionId="206dc2d0-46ca-4676-a55a-d19d77558650" testListId="8c84fa94-04c1-424b-9868-57a2d4851a1d" />
    <TestEntry testId="bcd70ad7-a51a-2933-b055-129495b354b0" executionId="06c4b9f7-fff4-4f5c-8dba-3b77a0a1b101" testListId="8c84fa94-04c1-424b-9868-57a2d4851a1d" />
    <TestEntry testId="dc2354cc-1b9b-18a2-034d-b40fa62fd965" executionId="5540ac14-0253-44e8-989f-67bdbf05d47b" testListId="8c84fa94-04c1-424b-9868-57a2d4851a1d" />
    <TestEntry testId="4cc64508-1819-130d-0e4e-cee07268ef3b" executionId="16443fd4-3b9a-45c9-a7b9-3ae88ed09be5" testListId="8c84fa94-04c1-424b-9868-57a2d4851a1d" />
    <TestEntry testId="d7053a69-52f4-1e6e-ea89-fe38c927087d" executionId="f7e048df-e4bd-45a8-b5b8-8f20bf888015" testListId="8c84fa94-04c1-424b-9868-57a2d4851a1d" />
    <TestEntry testId="a9a49551-9fa1-4314-158f-7d2397ea4b92" executionId="88830ebf-2bdf-4d9a-8649-17124ca6ce83" testListId="8c84fa94-04c1-424b-9868-57a2d4851a1d" />
    <TestEntry testId="399bcd7a-6b17-fcd2-eb74-22513f4b49b3" executionId="833e8de7-7f37-4930-86ed-97927ae3fab4" testListId="8c84fa94-04c1-424b-9868-57a2d4851a1d" />
    <TestEntry testId="72418262-aeb5-f773-3f7b-30855f7808c5" executionId="144be181-8461-46c9-b4a0-d97d5ba97385" testListId="8c84fa94-04c1-424b-9868-57a2d4851a1d" />
    <TestEntry testId="b7557480-0aef-4a1f-d3f9-ff93ef2f0bae" executionId="1ce3eed3-473e-43e4-8c89-ecbc4a64db8e" testListId="8c84fa94-04c1-424b-9868-57a2d4851a1d" />
    <TestEntry testId="fff86089-8daf-0f83-356a-5a92469cfd26" executionId="f2eea44d-d02c-4ebe-8791-91dc90273115" testListId="8c84fa94-04c1-424b-9868-57a2d4851a1d" />
    <TestEntry testId="e0803ca7-d7ab-2176-543b-b536d2a0a4af" executionId="9fabfb41-596d-4275-a8e0-f6678eee0e82" testListId="8c84fa94-04c1-424b-9868-57a2d4851a1d" />
    <TestEntry testId="4b66a147-e0b6-c0b2-49eb-ff4071ec65ac" executionId="776ea0ad-52d9-41a1-9d9d-ea375d2e3de3" testListId="8c84fa94-04c1-424b-9868-57a2d4851a1d" />
    <TestEntry testId="0d692d45-b469-a79c-2379-cf94785d6075" executionId="c749d59a-b897-4c6e-9462-289eb873c51d" testListId="8c84fa94-04c1-424b-9868-57a2d4851a1d" />
    <TestEntry testId="d116f7a8-f6c6-cdba-ff2a-7dc477e4ef7a" executionId="694d5a6f-06e7-4145-80e0-25c98a688731" testListId="8c84fa94-04c1-424b-9868-57a2d4851a1d" />
    <TestEntry testId="3196e42b-9bae-a84c-ae8a-5cc0a0814a7b" executionId="c17d3c84-8d7c-4dde-a4f4-81418534890f" testListId="8c84fa94-04c1-424b-9868-57a2d4851a1d" />
    <TestEntry testId="ad9a55bf-812a-1cb7-4434-18700e24eb68" executionId="b2e4105f-24ba-4d1d-887b-67af771fdcdc" testListId="8c84fa94-04c1-424b-9868-57a2d4851a1d" />
    <TestEntry testId="1ca47c50-2342-84fd-1a42-3ece55af6799" executionId="e22a0800-2f0f-4d0f-a99a-3ea5559b3ea2" testListId="8c84fa94-04c1-424b-9868-57a2d4851a1d" />
    <TestEntry testId="1c09612f-8619-e16b-aa58-add89bc71446" executionId="0977a7bd-c048-47a3-a30a-67920a385176" testListId="8c84fa94-04c1-424b-9868-57a2d4851a1d" />
    <TestEntry testId="740e2791-95ea-bd34-8f7a-121b367d5967" executionId="efcc562d-ada9-4df4-abf3-e8390f12ca98" testListId="8c84fa94-04c1-424b-9868-57a2d4851a1d" />
  </TestEntries>
  <TestLists>
    <TestList name="Results Not in a List" id="8c84fa94-04c1-424b-9868-57a2d4851a1d" />
    <TestList name="All Loaded Results" id="19431567-8539-422a-85d7-44ee4e166bda" />
  </TestLists>
  <ResultSummary outcome="Completed">
    <Counters total="78" executed="78" passed="78" failed="0" error="0" timeout="0" aborted="0" inconclusive="0" passedButRunAborted="0" notRunnable="0" notExecuted="0" disconnected="0" warning="0" completed="0" inProgress="0" pending="0" />
    <Output>
      <StdOut>[xUnit.net 00:00:00.00] xUnit.net VSTest Adapter v2.8.2+699d445a1a (64-bit .NET 9.0.11)&#xD;
[xUnit.net 00:00:01.47]   Discovering: UNOPS.PAO.FastTests&#xD;
[xUnit.net 00:00:01.60]   Discovered:  UNOPS.PAO.FastTests&#xD;
[xUnit.net 00:00:01.61]   Starting:    UNOPS.PAO.FastTests&#xD;
[xUnit.net 00:00:02.09]   Finished:    UNOPS.PAO.FastTests&#xD;
</StdOut>
    </Output>
  </ResultSummary>
</TestRun>