<?xml version="1.0" encoding="utf-8"?>
<TestRun id="320b6dab-39c7-45fe-9d21-100297ea607a" name="leonardc@UNOPSGC520030 2025-12-09 04:25:41" runUser="CRP\leonardc" xmlns="http://microsoft.com/schemas/VisualStudio/TeamTest/2010">
  <Times creation="2025-12-09T04:25:41.7310963+01:00" queuing="2025-12-09T04:25:41.7310970+01:00" start="2025-12-09T04:25:31.1303235+01:00" finish="2025-12-09T04:26:13.4890117+01:00" />
  <TestSettings name="default" id="62a1b5c9-cbca-49aa-817f-423aa259fce9">
    <Deployment runDeploymentRoot="leonardc_UNOPSGC520030_2025-12-09_04_25_41" />
  </TestSettings>
  <Results>
    <UnitTestResult executionId="e2410786-682a-4d33-bf0f-37054e5e2acf" testId="c4c08650-8abb-4e34-5b37-0640006aaf8c" testName="UNOPS.PAO.IntegrationTests.Controllers.PartnerControllerTests.NewAdvancedSearch_PaginationWorks_ReturnsCorrectPage" computerName="UNOPSGC520030" duration="00:00:00.0010000" startTime="2025-12-09T04:26:01.2982118+01:00" endTime="2025-12-09T04:26:01.2982121+01:00" testType="13cdc9d9-ddb5-4fa4-a97d-d965ccfc6d4b" outcome="Failed" testListId="8c84fa94-04c1-424b-9868-57a2d4851a1d" relativeResultsDirectory="e2410786-682a-4d33-bf0f-37054e5e2acf">
      <Output>
        <ErrorInfo>
          <Message>Grpc.Core.RpcException : Status(StatusCode="PermissionDenied", Detail="Request had insufficient authentication scopes.")</Message>
          <StackTrace>   at Grpc.Net.Client.Internal.HttpClientCallInvoker.BlockingUnaryCall[TRequest,TResponse](Method`2 method, String host, CallOptions options, TRequest request)&#xD;
   at Grpc.Core.Interceptors.InterceptingCallInvoker.&lt;BlockingUnaryCall&gt;b__3_0[TRequest,TResponse](TRequest req, ClientInterceptorContext`2 ctx)&#xD;
   at Grpc.Core.ClientBase.ClientBaseConfiguration.ClientBaseConfigurationInterceptor.BlockingUnaryCall[TRequest,TResponse](TRequest request, ClientInterceptorContext`2 context, BlockingUnaryCallContinuation`2 continuation)&#xD;
   at Grpc.Core.Interceptors.InterceptingCallInvoker.BlockingUnaryCall[TRequest,TResponse](Method`2 method, String host, CallOptions options, TRequest request)&#xD;
   at Google.Cloud.SecretManager.V1.SecretManagerService.SecretManagerServiceClient.AccessSecretVersion(AccessSecretVersionRequest request, CallOptions options)&#xD;
   at Google.Api.Gax.Grpc.ApiCall.GrpcCallAdapter`2.CallSync(TRequest request, CallSettings callSettings)&#xD;
   at Google.Api.Gax.Grpc.ApiCallRetryExtensions.&lt;&gt;c__DisplayClass1_0`2.&lt;WithRetry&gt;b__0(TRequest request, CallSettings callSettings)&#xD;
   at Google.Api.Gax.Grpc.ApiCall`2.&lt;&gt;c__DisplayClass13_0.&lt;WithCallSettingsOverlay&gt;b__1(TRequest req, CallSettings cs)&#xD;
   at Google.Api.Gax.Grpc.ApiCall`2.Sync(TRequest request, CallSettings perCallCallSettings)&#xD;
   at Google.Cloud.SecretManager.V1.SecretManagerServiceClientImpl.AccessSecretVersion(AccessSecretVersionRequest request, CallSettings callSettings)&#xD;
   at Google.Cloud.SecretManager.V1.SecretManagerServiceClient.AccessSecretVersion(String name, CallSettings callSettings)&#xD;
   at UNOPS.PAO.Server.Startup.ConfigureContainer(ServiceRegistry services) in C:\Users\Leonardc\git\opportunityplus\UNOPS.PAO.Server\Startup.cs:line 232&#xD;
   at InvokeStub_Startup.ConfigureContainer(Object, Span`1)&#xD;
   at System.Reflection.MethodBaseInvoker.InvokeWithOneArg(Object obj, BindingFlags invokeAttr, Binder binder, Object[] parameters, CultureInfo culture)&#xD;
   at System.Reflection.RuntimeMethodInfo.Invoke(Object obj, BindingFlags invokeAttr, Binder binder, Object[] parameters, CultureInfo culture)&#xD;
   at Microsoft.AspNetCore.Hosting.ConfigureContainerBuilder.InvokeCore(Object instance, Object container)&#xD;
   at Microsoft.AspNetCore.Hosting.GenericWebHostBuilder.ConfigureContainerImpl[TContainer](HostBuilderContext context, TContainer container)&#xD;
   at Microsoft.Extensions.Hosting.HostBuilder.InitializeServiceProvider()&#xD;
   at Microsoft.Extensions.Hosting.HostBuilder.Build()&#xD;
   at Microsoft.AspNetCore.Mvc.Testing.WebApplicationFactory`1.CreateHost(IHostBuilder builder)&#xD;
   at UNOPS.PAO.IntegrationTests.Infrastructure.PAOWebApplicationFactory`1.CreateHost(IHostBuilder builder) in C:\Users\Leonardc\git\opportunityplus\QA Tests\Integration Tests\Infrastructure\PAOWebApplicationFactory.cs:line 161&#xD;
   at Microsoft.AspNetCore.Mvc.Testing.WebApplicationFactory`1.ConfigureHostBuilder(IHostBuilder hostBuilder)&#xD;
   at Microsoft.AspNetCore.Mvc.Testing.WebApplicationFactory`1.EnsureServer()&#xD;
   at Microsoft.AspNetCore.Mvc.Testing.WebApplicationFactory`1.CreateDefaultClient(DelegatingHandler[] handlers)&#xD;
   at Microsoft.AspNetCore.Mvc.Testing.WebApplicationFactory`1.CreateDefaultClient(Uri baseAddress, DelegatingHandler[] handlers)&#xD;
   at Microsoft.AspNetCore.Mvc.Testing.WebApplicationFactory`1.CreateClient(WebApplicationFactoryClientOptions options)&#xD;
   at UNOPS.PAO.IntegrationTests.Infrastructure.IntegrationTestBase..ctor(PAOWebApplicationFactory`1 factory) in C:\Users\Leonardc\git\opportunityplus\QA Tests\Integration Tests\Infrastructure\IntegrationTestBase.cs:line 22&#xD;
   at UNOPS.PAO.IntegrationTests.Controllers.PartnerControllerTests..ctor(PAOWebApplicationFactory`1 factory) in C:\Users\Leonardc\git\opportunityplus\QA Tests\Integration Tests\Controllers\PartnerControllerTests.cs:line 26&#xD;
   at InvokeStub_PartnerControllerTests..ctor(Object, Span`1)&#xD;
   at System.Reflection.MethodBaseInvoker.InvokeWithOneArg(Object obj, BindingFlags invokeAttr, Binder binder, Object[] parameters, CultureInfo culture)</StackTrace>
        </ErrorInfo>
      </Output>
    </UnitTestResult>
    <UnitTestResult executionId="c486bfda-aae4-478b-b24f-ddb27d517da7" testId="6903f6a7-cd8e-2068-6d48-86b29bd3c168" testName="UNOPS.PAO.IntegrationTests.UnitTests.AdvancedSearchLogicTests.AdvancedSearch_LogicalOperatorFromCurrentCriterion_ShouldUseCorrectOperator" computerName="UNOPSGC520030" duration="00:00:00.0011087" startTime="2025-12-09T04:25:46.3188334+01:00" endTime="2025-12-09T04:25:46.3188335+01:00" testType="13cdc9d9-ddb5-4fa4-a97d-d965ccfc6d4b" outcome="Passed" testListId="8c84fa94-04c1-424b-9868-57a2d4851a1d" relativeResultsDirectory="c486bfda-aae4-478b-b24f-ddb27d517da7" />
    <UnitTestResult executionId="703cf7a2-0ad1-4518-a9f6-6d63f8316f21" testId="0b56f73d-c1a5-94ea-4fda-25c4e5346d83" testName="UNOPS.PAO.IntegrationTests.UnitTests.DateSearchTests.DateParsing_InvalidFormats_ShouldReturnNull(invalidInput: null)" computerName="UNOPSGC520030" duration="00:00:00.0002501" startTime="2025-12-09T04:25:42.3119993+01:00" endTime="2025-12-09T04:25:42.3119994+01:00" testType="13cdc9d9-ddb5-4fa4-a97d-d965ccfc6d4b" outcome="Passed" testListId="8c84fa94-04c1-424b-9868-57a2d4851a1d" relativeResultsDirectory="703cf7a2-0ad1-4518-a9f6-6d63f8316f21" />
    <UnitTestResult executionId="b49084cf-9dac-419b-9178-1546431054c4" testId="9af84b63-1e09-0f18-4619-cb3e64c27b0d" testName="UNOPS.PAO.IntegrationTests.UnitTests.Services.OrgUnitFilterServiceTests.CreatePartnerSpecificationAsync_WithoutOrgUnitId_ReturnsStandardSpecification" computerName="UNOPSGC520030" duration="00:00:00.0134812" startTime="2025-12-09T04:25:46.1889513+01:00" endTime="2025-12-09T04:25:46.1889524+01:00" testType="13cdc9d9-ddb5-4fa4-a97d-d965ccfc6d4b" outcome="Passed" testListId="8c84fa94-04c1-424b-9868-57a2d4851a1d" relativeResultsDirectory="b49084cf-9dac-419b-9178-1546431054c4" />
    <UnitTestResult executionId="27d36cf2-d8b5-4164-87a3-3cf944bc20e7" testId="84e0b775-5542-a337-577b-2c9fa0694187" testName="UNOPS.PAO.IntegrationTests.UnitTests.Managers.UNOPSPartnerManagerOrgUnitTests.GetPartnersWithSpecification_WithOrgUnitId_FiltersCorrectly" computerName="UNOPSGC520030" duration="00:00:00.0010000" startTime="2025-12-09T04:25:39.4684287+01:00" endTime="2025-12-09T04:25:39.4684289+01:00" testType="13cdc9d9-ddb5-4fa4-a97d-d965ccfc6d4b" outcome="NotExecuted" testListId="8c84fa94-04c1-424b-9868-57a2d4851a1d" relativeResultsDirectory="27d36cf2-d8b5-4164-87a3-3cf944bc20e7">
      <Output>
        <ErrorInfo>
          <Message>Skipping due to complex dependencies - OrgUnit filter logic has been validated manually</Message>
        </ErrorInfo>
      </Output>
    </UnitTestResult>
    <UnitTestResult executionId="df445f3c-db13-48e2-9794-7186d832000b" testId="e69f3abe-608f-a07a-5a2d-2f8ad3d8d7ed" testName="UNOPS.PAO.IntegrationTests.UnitTests.DateSearchTests.DateParsing_InvalidFormats_ShouldReturnNull(invalidInput: &quot;&quot;)" computerName="UNOPSGC520030" duration="00:00:00.0002808" startTime="2025-12-09T04:25:42.3120800+01:00" endTime="2025-12-09T04:25:42.3120801+01:00" testType="13cdc9d9-ddb5-4fa4-a97d-d965ccfc6d4b" outcome="Passed" testListId="8c84fa94-04c1-424b-9868-57a2d4851a1d" relativeResultsDirectory="df445f3c-db13-48e2-9794-7186d832000b" />
    <UnitTestResult executionId="e3e84fd1-5bd3-42a9-a241-af0b1268648c" testId="8de2e5f3-e9d6-ae54-1d32-953774ce2458" testName="UNOPS.PAO.IntegrationTests.UnitTests.SimplePartnerFilterTests.PartnerFilter_BySearchText_Name_ReturnsCorrectResults" computerName="UNOPSGC520030" duration="00:00:00.0025918" startTime="2025-12-09T04:25:41.8150298+01:00" endTime="2025-12-09T04:25:41.8150301+01:00" testType="13cdc9d9-ddb5-4fa4-a97d-d965ccfc6d4b" outcome="Passed" testListId="8c84fa94-04c1-424b-9868-57a2d4851a1d" relativeResultsDirectory="e3e84fd1-5bd3-42a9-a241-af0b1268648c" />
    <UnitTestResult executionId="cf88a27e-16c6-4435-9942-acb625bb74e3" testId="aa3fd22d-2838-e329-c80d-5b9ec4d41881" testName="UNOPS.PAO.IntegrationTests.UnitTests.InteractionFilterRequestTests.InteractionFilterRequest_ValidateFutureDate_ShouldReturnError" computerName="UNOPSGC520030" duration="00:00:00.0005555" startTime="2025-12-09T04:25:41.9789169+01:00" endTime="2025-12-09T04:25:41.9789171+01:00" testType="13cdc9d9-ddb5-4fa4-a97d-d965ccfc6d4b" outcome="Passed" testListId="8c84fa94-04c1-424b-9868-57a2d4851a1d" relativeResultsDirectory="cf88a27e-16c6-4435-9942-acb625bb74e3" />
    <UnitTestResult executionId="b284fffd-3632-4c10-a577-f2a119720b3b" testId="cd4c0b1a-d7df-a08b-e2c9-f12ff6b416d6" testName="UNOPS.PAO.IntegrationTests.Controllers.PartnerControllerOrgUnitTests.GetAll_WithOrgUnitIdButNoPartners_ReturnsEmptyResult" computerName="UNOPSGC520030" duration="00:00:00.0010000" startTime="2025-12-09T04:25:46.3149254+01:00" endTime="2025-12-09T04:25:46.3149255+01:00" testType="13cdc9d9-ddb5-4fa4-a97d-d965ccfc6d4b" outcome="NotExecuted" testListId="8c84fa94-04c1-424b-9868-57a2d4851a1d" relativeResultsDirectory="b284fffd-3632-4c10-a577-f2a119720b3b">
      <Output>
        <ErrorInfo>
          <Message>Skipping due to authorization issues in test environment</Message>
        </ErrorInfo>
      </Output>
    </UnitTestResult>
    <UnitTestResult executionId="ad57dff8-bd0f-4526-b295-17ce57538d98" testId="f9e2c66c-8b80-ef25-ca97-200507bfa3b2" testName="UNOPS.PAO.IntegrationTests.UnitTests.Managers.UNOPSPartnerManagerTests.GetPartnersWithSpecificationAsync_WithOrgUnitIdButNoHierarchy_IncludesIndirectRelations" computerName="UNOPSGC520030" duration="00:00:00.0010000" startTime="2025-12-09T04:25:47.1869788+01:00" endTime="2025-12-09T04:25:47.1869791+01:00" testType="13cdc9d9-ddb5-4fa4-a97d-d965ccfc6d4b" outcome="Failed" testListId="8c84fa94-04c1-424b-9868-57a2d4851a1d" relativeResultsDirectory="ad57dff8-bd0f-4526-b295-17ce57538d98">
      <Output>
        <ErrorInfo>
          <Message>System.Reflection.TargetParameterCountException : Parameter count mismatch.</Message>
          <StackTrace>   at System.Reflection.MethodBaseInvoker.ThrowTargetParameterCountException()&#xD;
   at System.Reflection.RuntimeConstructorInfo.Invoke(BindingFlags invokeAttr, Binder binder, Object[] parameters, CultureInfo culture)&#xD;
   at System.Reflection.ConstructorInfo.Invoke(Object[] parameters)&#xD;
   at UNOPS.PAO.IntegrationTests.UnitTests.Managers.UNOPSPartnerManagerTests..ctor() in C:\Users\Leonardc\git\opportunityplus\QA Tests\Integration Tests\UnitTests\Managers\UNOPSPartnerManagerTests.cs:line 122&#xD;
   at System.RuntimeType.CreateInstanceDefaultCtor(Boolean publicOnly, Boolean wrapExceptions)</StackTrace>
        </ErrorInfo>
      </Output>
    </UnitTestResult>
    <UnitTestResult executionId="3c697600-ec0f-464f-8407-873d0ff676c1" testId="4d0c280a-e374-fe30-5eb7-624c65992f77" testName="UNOPS.PAO.IntegrationTests.UnitTests.Managers.UNOPSPartnerManagerTests.GetPartnersWithSpecificationAsync_WithOrgUnitId_FiltersPartnersByOrgUnitHierarchy" computerName="UNOPSGC520030" duration="00:00:00.0010000" startTime="2025-12-09T04:25:47.1896438+01:00" endTime="2025-12-09T04:25:47.1896444+01:00" testType="13cdc9d9-ddb5-4fa4-a97d-d965ccfc6d4b" outcome="Failed" testListId="8c84fa94-04c1-424b-9868-57a2d4851a1d" relativeResultsDirectory="3c697600-ec0f-464f-8407-873d0ff676c1">
      <Output>
        <ErrorInfo>
          <Message>System.Reflection.TargetParameterCountException : Parameter count mismatch.</Message>
          <StackTrace>   at System.Reflection.MethodBaseInvoker.ThrowTargetParameterCountException()&#xD;
   at System.Reflection.RuntimeConstructorInfo.Invoke(BindingFlags invokeAttr, Binder binder, Object[] parameters, CultureInfo culture)&#xD;
   at System.Reflection.ConstructorInfo.Invoke(Object[] parameters)&#xD;
   at UNOPS.PAO.IntegrationTests.UnitTests.Managers.UNOPSPartnerManagerTests..ctor() in C:\Users\Leonardc\git\opportunityplus\QA Tests\Integration Tests\UnitTests\Managers\UNOPSPartnerManagerTests.cs:line 122&#xD;
   at System.RuntimeType.CreateInstanceDefaultCtor(Boolean publicOnly, Boolean wrapExceptions)</StackTrace>
        </ErrorInfo>
      </Output>
    </UnitTestResult>
    <UnitTestResult executionId="a68a024b-2a86-4eb7-afe0-808fd18def98" testId="ebcf821d-7203-6c43-8e16-365484689ead" testName="UNOPS.PAO.IntegrationTests.UnitTests.DateSearchTests.DateParsing_InvalidFormats_ShouldReturnNull(invalidInput: &quot;2024-13-45&quot;)" computerName="UNOPSGC520030" duration="00:00:00.0001577" startTime="2025-12-09T04:25:42.3135641+01:00" endTime="2025-12-09T04:25:42.3135642+01:00" testType="13cdc9d9-ddb5-4fa4-a97d-d965ccfc6d4b" outcome="Passed" testListId="8c84fa94-04c1-424b-9868-57a2d4851a1d" relativeResultsDirectory="a68a024b-2a86-4eb7-afe0-808fd18def98" />
    <UnitTestResult executionId="44053352-3749-4d26-ae03-96ea71fb0043" testId="906d3515-ce9a-fc7a-1f8d-b2c05491b41e" testName="UNOPS.PAO.IntegrationTests.UnitTests.AdvancedSearchLogicTests.SearchCriteria_OperatorTypes_ShouldSupportAllComparisonTypes" computerName="UNOPSGC520030" duration="00:00:00.0020558" startTime="2025-12-09T04:25:46.4413475+01:00" endTime="2025-12-09T04:25:46.4413477+01:00" testType="13cdc9d9-ddb5-4fa4-a97d-d965ccfc6d4b" outcome="Passed" testListId="8c84fa94-04c1-424b-9868-57a2d4851a1d" relativeResultsDirectory="44053352-3749-4d26-ae03-96ea71fb0043" />
    <UnitTestResult executionId="1f7effe3-86ee-492d-bbfa-cfd334e38b60" testId="f84fe91a-eaaa-a2b4-c6ed-76f6157ec8c6" testName="UNOPS.PAO.IntegrationTests.UnitTests.DateSearchTests.DateParsing_MultipleFormats_ShouldParseCorrectly(dateInput: &quot;15/01/2024&quot;, description: &quot;Should parse European date format&quot;)" computerName="UNOPSGC520030" duration="00:00:00.0000194" startTime="2025-12-09T04:25:42.3119064+01:00" endTime="2025-12-09T04:25:42.3119065+01:00" testType="13cdc9d9-ddb5-4fa4-a97d-d965ccfc6d4b" outcome="Passed" testListId="8c84fa94-04c1-424b-9868-57a2d4851a1d" relativeResultsDirectory="1f7effe3-86ee-492d-bbfa-cfd334e38b60" />
    <UnitTestResult executionId="4e730f7c-9a4e-403c-8a50-f6d63ceed342" testId="b786084c-b43f-4025-22dd-65472b1e877e" testName="UNOPS.PAO.IntegrationTests.Controllers.PartnerControllerTests.GetAll_NoFilters_ReturnsAllPartners" computerName="UNOPSGC520030" duration="00:00:00.0010000" startTime="2025-12-09T04:26:01.9411799+01:00" endTime="2025-12-09T04:26:01.9411800+01:00" testType="13cdc9d9-ddb5-4fa4-a97d-d965ccfc6d4b" outcome="NotExecuted" testListId="8c84fa94-04c1-424b-9868-57a2d4851a1d" relativeResultsDirectory="4e730f7c-9a4e-403c-8a50-f6d63ceed342">
      <Output>
        <ErrorInfo>
          <Message>Skipping due to authorization issues in test environment</Message>
        </ErrorInfo>
      </Output>
    </UnitTestResult>
    <UnitTestResult executionId="b9661c18-ad4c-40e7-bef2-7e16a159cc9b" testId="712d9b23-f010-e0ec-d812-c771fc762f83" testName="UNOPS.PAO.IntegrationTests.UnitTests.InteractionFilterRequestTests.InteractionFilterRequest_InterfaceNullSetter_ShouldSetNull" computerName="UNOPSGC520030" duration="00:00:00.0012395" startTime="2025-12-09T04:25:41.9776441+01:00" endTime="2025-12-09T04:25:41.9776444+01:00" testType="13cdc9d9-ddb5-4fa4-a97d-d965ccfc6d4b" outcome="Passed" testListId="8c84fa94-04c1-424b-9868-57a2d4851a1d" relativeResultsDirectory="b9661c18-ad4c-40e7-bef2-7e16a159cc9b" />
    <UnitTestResult executionId="d3305d3e-7713-41c6-938d-49b001e28df5" testId="7cee269c-6be0-a44d-d94f-ca2fac87d360" testName="UNOPS.PAO.IntegrationTests.UnitTests.DateSearchTests.DateParsing_MultipleFormats_ShouldParseCorrectly(dateInput: &quot;2024-01-15&quot;, description: &quot;Should parse ISO date format&quot;)" computerName="UNOPSGC520030" duration="00:00:00.0000727" startTime="2025-12-09T04:25:42.3116517+01:00" endTime="2025-12-09T04:25:42.3116518+01:00" testType="13cdc9d9-ddb5-4fa4-a97d-d965ccfc6d4b" outcome="Passed" testListId="8c84fa94-04c1-424b-9868-57a2d4851a1d" relativeResultsDirectory="d3305d3e-7713-41c6-938d-49b001e28df5" />
    <UnitTestResult executionId="c8760b12-4cd4-485b-9e78-0db40e55031f" testId="97e1d418-32e9-b7b2-1100-570a520cf5e6" testName="UNOPS.PAO.IntegrationTests.UnitTests.TextSearchSpaceHandlingTests.PartnerSearch_CaseInsensitive_ShouldFindMatches(searchTerm: &quot;AcMe&quot;, expectedPartnerName: &quot;ACME Corporation&quot;)" computerName="UNOPSGC520030" duration="00:00:00.0015931" startTime="2025-12-09T04:25:40.2140157+01:00" endTime="2025-12-09T04:25:40.2140165+01:00" testType="13cdc9d9-ddb5-4fa4-a97d-d965ccfc6d4b" outcome="Passed" testListId="8c84fa94-04c1-424b-9868-57a2d4851a1d" relativeResultsDirectory="c8760b12-4cd4-485b-9e78-0db40e55031f" />
    <UnitTestResult executionId="4c3bf281-fd52-4747-aba7-cec4d0fdb1c7" testId="90fb0fcf-f02b-7fbe-b921-acdf97463ef5" testName="UNOPS.PAO.IntegrationTests.UnitTests.SimplePartnerFilterTests.PartnerPagination_SecondPage_ReturnsCorrectItems" computerName="UNOPSGC520030" duration="00:00:00.0016298" startTime="2025-12-09T04:25:40.1500414+01:00" endTime="2025-12-09T04:25:40.1500417+01:00" testType="13cdc9d9-ddb5-4fa4-a97d-d965ccfc6d4b" outcome="Passed" testListId="8c84fa94-04c1-424b-9868-57a2d4851a1d" relativeResultsDirectory="4c3bf281-fd52-4747-aba7-cec4d0fdb1c7" />
    <UnitTestResult executionId="d4315255-c82c-43b4-8465-b48ef4c984c6" testId="8589026f-6b21-7f5f-760c-cd02c99a716a" testName="UNOPS.PAO.IntegrationTests.UnitTests.SimplePartnerFilterTests.PartnerFilterRequest_WithOrgUnitId_ShouldBeIgnoredInGenericFilter" computerName="UNOPSGC520030" duration="00:00:00.0020641" startTime="2025-12-09T04:25:41.8356403+01:00" endTime="2025-12-09T04:25:41.8356408+01:00" testType="13cdc9d9-ddb5-4fa4-a97d-d965ccfc6d4b" outcome="Passed" testListId="8c84fa94-04c1-424b-9868-57a2d4851a1d" relativeResultsDirectory="d4315255-c82c-43b4-8465-b48ef4c984c6" />
    <UnitTestResult executionId="cbc6b397-23e7-47d7-b1e9-7cfcc8ed542e" testId="0d66239d-c726-027a-5e93-2ed27619c03c" testName="UNOPS.PAO.IntegrationTests.IntegrationTests.Controllers.PartnerControllerOrgUnitFilterTests.GetAll_WithAdvancedSearchAndOrgUnitId_CombinesFilters" computerName="UNOPSGC520030" duration="00:00:00.0010000" startTime="2025-12-09T04:25:46.3177768+01:00" endTime="2025-12-09T04:25:46.3177768+01:00" testType="13cdc9d9-ddb5-4fa4-a97d-d965ccfc6d4b" outcome="NotExecuted" testListId="8c84fa94-04c1-424b-9868-57a2d4851a1d" relativeResultsDirectory="cbc6b397-23e7-47d7-b1e9-7cfcc8ed542e">
      <Output>
        <ErrorInfo>
          <Message>Skipping due to authorization issues in test environment</Message>
        </ErrorInfo>
      </Output>
    </UnitTestResult>
    <UnitTestResult executionId="7eceff67-fef7-4952-abf4-86fafbbd09c2" testId="61930f6c-3c45-524d-f4ae-08c52c25e4b4" testName="UNOPS.PAO.IntegrationTests.UnitTests.SimplePartnerFilterTests.PartnerFilter_ByOrgUnitIdWithNullValues_HandlesCorrectly" computerName="UNOPSGC520030" duration="00:00:00.0037251" startTime="2025-12-09T04:25:40.1547820+01:00" endTime="2025-12-09T04:25:40.1547825+01:00" testType="13cdc9d9-ddb5-4fa4-a97d-d965ccfc6d4b" outcome="Passed" testListId="8c84fa94-04c1-424b-9868-57a2d4851a1d" relativeResultsDirectory="7eceff67-fef7-4952-abf4-86fafbbd09c2" />
    <UnitTestResult executionId="5521d0c6-f26f-4a15-aa5c-8c6dd286682f" testId="73a365ee-d654-3bb1-6ec6-a50bde4fcbbb" testName="UNOPS.PAO.IntegrationTests.UnitTests.SimplePartnerFilterTests.PartnerFilter_ByName_ReturnsCorrectResults" computerName="UNOPSGC520030" duration="00:00:00.0023841" startTime="2025-12-09T04:25:41.8222225+01:00" endTime="2025-12-09T04:25:41.8222229+01:00" testType="13cdc9d9-ddb5-4fa4-a97d-d965ccfc6d4b" outcome="Passed" testListId="8c84fa94-04c1-424b-9868-57a2d4851a1d" relativeResultsDirectory="5521d0c6-f26f-4a15-aa5c-8c6dd286682f" />
    <UnitTestResult executionId="f64aaf1f-fed5-4703-b08f-0196651aff95" testId="4c1c394c-feb7-562e-b966-70166b49b497" testName="UNOPS.PAO.IntegrationTests.IntegrationTests.Controllers.PartnerControllerOrgUnitFilterTests.GetAll_WithIndirectRelations_IncludesPartnersViaContacts" computerName="UNOPSGC520030" duration="00:00:00.0010000" startTime="2025-12-09T04:25:46.3179376+01:00" endTime="2025-12-09T04:25:46.3179377+01:00" testType="13cdc9d9-ddb5-4fa4-a97d-d965ccfc6d4b" outcome="NotExecuted" testListId="8c84fa94-04c1-424b-9868-57a2d4851a1d" relativeResultsDirectory="f64aaf1f-fed5-4703-b08f-0196651aff95">
      <Output>
        <ErrorInfo>
          <Message>Skipping due to authorization issues in test environment</Message>
        </ErrorInfo>
      </Output>
    </UnitTestResult>
    <UnitTestResult executionId="4b9795e4-cc26-4548-9c0f-e6c1ea93e222" testId="5b19a7fa-d828-03ac-7bc7-cf2c68232569" testName="UNOPS.PAO.IntegrationTests.UnitTests.TextSearchSpaceHandlingTests.PartnerSearch_CaseInsensitive_ShouldFindMatches(searchTerm: &quot;acme&quot;, expectedPartnerName: &quot;ACME Corporation&quot;)" computerName="UNOPSGC520030" duration="00:00:00.0009879" startTime="2025-12-09T04:25:40.2188321+01:00" endTime="2025-12-09T04:25:40.2188326+01:00" testType="13cdc9d9-ddb5-4fa4-a97d-d965ccfc6d4b" outcome="Passed" testListId="8c84fa94-04c1-424b-9868-57a2d4851a1d" relativeResultsDirectory="4b9795e4-cc26-4548-9c0f-e6c1ea93e222" />
    <UnitTestResult executionId="49e2f193-0252-4d8e-97c4-873b3c297654" testId="36b2dca6-9126-2a4b-9e33-87e2484e7c8a" testName="UNOPS.PAO.IntegrationTests.UnitTests.AdvancedSearchLogicTests.AdvancedSearch_WithMixedLogic_ShouldHandleComplexCombination" computerName="UNOPSGC520030" duration="00:00:00.0394076" startTime="2025-12-09T04:25:46.3187439+01:00" endTime="2025-12-09T04:25:46.3187440+01:00" testType="13cdc9d9-ddb5-4fa4-a97d-d965ccfc6d4b" outcome="Passed" testListId="8c84fa94-04c1-424b-9868-57a2d4851a1d" relativeResultsDirectory="49e2f193-0252-4d8e-97c4-873b3c297654" />
    <UnitTestResult executionId="60b5ab68-2e16-487b-95c1-240e1be2ebf9" testId="59679149-3ea9-e484-bba8-f74eeb082234" testName="UNOPS.PAO.IntegrationTests.IntegrationTests.Controllers.PartnerControllerOrgUnitFilterTests.GetAll_WithOrgUnitId_FiltersPartnersByOrgUnit" computerName="UNOPSGC520030" duration="00:00:00.0010000" startTime="2025-12-09T04:25:46.3172918+01:00" endTime="2025-12-09T04:25:46.3172919+01:00" testType="13cdc9d9-ddb5-4fa4-a97d-d965ccfc6d4b" outcome="NotExecuted" testListId="8c84fa94-04c1-424b-9868-57a2d4851a1d" relativeResultsDirectory="60b5ab68-2e16-487b-95c1-240e1be2ebf9">
      <Output>
        <ErrorInfo>
          <Message>Skipping due to authorization issues in test environment</Message>
        </ErrorInfo>
      </Output>
    </UnitTestResult>
    <UnitTestResult executionId="8a2cadd5-9cd4-405f-aa61-f3e8c56fde9b" testId="d0b8f95a-877e-13ee-a42c-2f8e30b926e3" testName="UNOPS.PAO.IntegrationTests.UnitTests.InteractionFilterRequestTests.InteractionFilterRequest_ValidateValidRequest_ShouldReturnNoErrors" computerName="UNOPSGC520030" duration="00:00:00.0008289" startTime="2025-12-09T04:25:41.9831319+01:00" endTime="2025-12-09T04:25:41.9831321+01:00" testType="13cdc9d9-ddb5-4fa4-a97d-d965ccfc6d4b" outcome="Passed" testListId="8c84fa94-04c1-424b-9868-57a2d4851a1d" relativeResultsDirectory="8a2cadd5-9cd4-405f-aa61-f3e8c56fde9b" />
    <UnitTestResult executionId="c1bc96a6-bd2c-4a0f-acfc-b54ac1c40eb4" testId="3dbe2a58-3871-f8fd-2295-7d4ade7240ad" testName="UNOPS.PAO.IntegrationTests.Controllers.PartnerControllerTests.GetAll_FilterBySearchText_SearchesNameAndShortName" computerName="UNOPSGC520030" duration="00:00:00.0010000" startTime="2025-12-09T04:26:02.8991830+01:00" endTime="2025-12-09T04:26:02.8991832+01:00" testType="13cdc9d9-ddb5-4fa4-a97d-d965ccfc6d4b" outcome="NotExecuted" testListId="8c84fa94-04c1-424b-9868-57a2d4851a1d" relativeResultsDirectory="c1bc96a6-bd2c-4a0f-acfc-b54ac1c40eb4">
      <Output>
        <ErrorInfo>
          <Message>Skipping due to authorization issues in test environment</Message>
        </ErrorInfo>
      </Output>
    </UnitTestResult>
    <UnitTestResult executionId="dfbf7b95-69c4-4504-9cc1-cefbd492069a" testId="5f3caf56-2ed4-df34-9747-b08f4b5f4561" testName="UNOPS.PAO.IntegrationTests.UnitTests.SimplePartnerFilterTests.TestDataBuilder_GeneratesValidPartners" computerName="UNOPSGC520030" duration="00:00:00.4464111" startTime="2025-12-09T04:25:42.3098761+01:00" endTime="2025-12-09T04:25:42.3098767+01:00" testType="13cdc9d9-ddb5-4fa4-a97d-d965ccfc6d4b" outcome="Failed" testListId="8c84fa94-04c1-424b-9868-57a2d4851a1d" relativeResultsDirectory="dfbf7b95-69c4-4504-9cc1-cefbd492069a">
      <Output>
        <ErrorInfo>
          <Message>Expected partners to contain only items matching new [] {Active, Closed, Draft}.Contains(p.Status), but UNOPS.PAO.UNOPSDomain.Entities.UNOPSPartner&#xD;
    {&#xD;
        CanCreateNewOpportunities = True, &#xD;
        Contacts = {empty}, &#xD;
        CreatedBy = 0, &#xD;
        CreatedDate = &lt;2024-10-23 16:42:22.259157&gt;, &#xD;
        DeletedBy = 0, &#xD;
        DeletedDate = &lt;null&gt;, &#xD;
        Documents = &lt;null&gt;, &#xD;
        DueDiligenceApproval = DueDiligenceApproval.NotApproved {value: 0}, &#xD;
        DueDiligenceApprovalDate = &lt;null&gt;, &#xD;
        DueDiligenceExpiryDate = &lt;null&gt;, &#xD;
        DueDiligenceRequired = DueDiligenceRequired.NotRequired {value: 0}, &#xD;
        ErpDimValue = &lt;null&gt;, &#xD;
        First5ContactsByDate = {empty}, &#xD;
        Id = 0, &#xD;
        IsApproved = True, &#xD;
        IsDeleted = False, &#xD;
        IsDueDiligenceExpiring = False, &#xD;
        KeyGlobalPartner = False, &#xD;
        LastModifiedBy = 0, &#xD;
        LastModifiedDate = &lt;2025-12-08 10:22:06.0018218&gt;, &#xD;
        LevyTreatment = &lt;null&gt;, &#xD;
        LiaisonOffice = &lt;null&gt;, &#xD;
        LiaisonOfficeId = 2, &#xD;
        LogoUrl = &lt;null&gt;, &#xD;
        Name = "Howell - Ortiz", &#xD;
        OrganizationUnitRelationships = {empty}, &#xD;
        PartnerApprovalDate = &lt;null&gt;, &#xD;
        PartnerApprovalReference = &lt;null&gt;, &#xD;
        PartnerApprovalStatus = PartnerApprovalStatus.Approved {value: 1}, &#xD;
        PartnerApprovedBy = &lt;null&gt;, &#xD;
        PartnerCategoryId = 10, &#xD;
        PartnerCategoryInternalKey = {c74d3d25-2fab-4571-91d6-69aed4be3f72}, &#xD;
        PartnerCategoryKey = {877b71e2-2ccd-4a2e-8f5b-5bd89e762219}, &#xD;
        PartnerFocalPointUser = &lt;null&gt;, &#xD;
        PartnerFocalPointUserId = &lt;null&gt;, &#xD;
        PartnerGroup = &lt;null&gt;, &#xD;
        PartnerGroupId = 4, &#xD;
        PartnerKey = {01e8cda4-3aee-4853-ac53-fc0b55fc717b}, &#xD;
        PartnerLevyStatus = PartnerLevyStatus.PotentiallyNotApplied {value: 2}, &#xD;
        PartnerLongDescription = "Dolorum est reprehenderit cumque beatae quis. Accusamus quidem nam facilis autem id nemo sit ducimus sit. Consequatur dolor assumenda reiciendis quae sunt pariatur.", &#xD;
        PartnerOrgUnit = "", &#xD;
        PartnerShortDescription = "and Sons", &#xD;
        PartnerTypeKey = {a15c176d-43b1-44de-8236-4b32c5c81c85}, &#xD;
        PooledFund = False, &#xD;
        ReasonForLevy = "Veritatis nihil maiores.", &#xD;
        ReasonForNoNewOpportunity = &lt;null&gt;, &#xD;
        Status = EntityStatus.Inactive {value: 0}, &#xD;
        UNAndStateEntity = False, &#xD;
        UNSecretariatPartner = False, &#xD;
        UniqueKey = {663ad1aa-e9ae-4243-ba0c-930c21cb48df}&#xD;
    }UNOPS.PAO.UNOPSDomain.Entities.UNOPSPartner&#xD;
    {&#xD;
        CanCreateNewOpportunities = True, &#xD;
        Contacts = {empty}, &#xD;
        CreatedBy = 0, &#xD;
        CreatedDate = &lt;2024-05-11 02:33:33.9116871&gt;, &#xD;
        DeletedBy = 0, &#xD;
        DeletedDate = &lt;null&gt;, &#xD;
        Documents = &lt;null&gt;, &#xD;
        DueDiligenceApproval = DueDiligenceApproval.Approved {value: 1}, &#xD;
        DueDiligenceApprovalDate = &lt;2025-10-31 10:29:12.1887378&gt;, &#xD;
        DueDiligenceExpiryDate = &lt;2026-11-28 00:15:52.4690283&gt;, &#xD;
        DueDiligenceRequired = DueDiligenceRequired.Required {value: 1}, &#xD;
        ErpDimValue = &lt;null&gt;, &#xD;
        First5ContactsByDate = {empty}, &#xD;
        Id = 0, &#xD;
        IsApproved = True, &#xD;
        IsDeleted = False, &#xD;
        IsDueDiligenceExpiring = False, &#xD;
        KeyGlobalPartner = False, &#xD;
        LastModifiedBy = 0, &#xD;
        LastModifiedDate = &lt;2025-12-08 06:11:50.9898623&gt;, &#xD;
        LevyTreatment = &lt;null&gt;, &#xD;
        LiaisonOffice = &lt;null&gt;, &#xD;
        LiaisonOfficeId = 1, &#xD;
        LogoUrl = &lt;null&gt;, &#xD;
        Name = "Zboncak, Wilkinson and Dickinson", &#xD;
        OrganizationUnitRelationships = {empty}, &#xD;
        PartnerApprovalDate = &lt;null&gt;, &#xD;
        PartnerApprovalReference = &lt;null&gt;, &#xD;
        PartnerApprovalStatus = PartnerApprovalStatus.Approved {value: 1}, &#xD;
        PartnerApprovedBy = &lt;null&gt;, &#xD;
        PartnerCategoryId = 2, &#xD;
        PartnerCategoryInternalKey = {7b9ddfa7-90b3-41f0-9317-d66eea62e4e1}, &#xD;
        PartnerCategoryKey = {f01985ae-de47-4806-92aa-b13709e45482}, &#xD;
        PartnerFocalPointUser = &lt;null&gt;, &#xD;
        PartnerFocalPointUserId = &lt;null&gt;, &#xD;
        PartnerGroup = &lt;null&gt;, &#xD;
        PartnerGroupId = 3, &#xD;
        PartnerKey = {8d42b5bf-5bb2-4f6d-9c4f-57482ea75db0}, &#xD;
        PartnerLevyStatus = PartnerLevyStatus.DoesNotApply {value: 0}, &#xD;
        PartnerLongDescription = "Pariatur minus et. In vel quisquam blanditiis et sit enim aliquid est. Tempore voluptatem voluptas fugit id nam voluptatum rem molestiae aut. Sed expedita ut. Optio asperiores tempora vel.", &#xD;
        PartnerOrgUnit = "", &#xD;
        PartnerShortDescription = "Inc", &#xD;
        PartnerTypeKey = {1b5c0be9-37a0-4c29-9b06-982aac787aa2}, &#xD;
        PooledFund = False, &#xD;
        ReasonForLevy = &lt;null&gt;, &#xD;
        ReasonForNoNewOpportunity = &lt;null&gt;, &#xD;
&#xD;
(Output has exceeded the maximum of 100 lines. Increase FormattingOptions.MaxLines on AssertionScope or AssertionOptions to include more lines.)&#xD;
        Status = EntityStatus.Inactive {value: 0},  do(es) not match.</Message>
          <StackTrace>   at FluentAssertions.Execution.XUnit2TestFramework.Throw(String message)&#xD;
   at FluentAssertions.Execution.TestFrameworkProvider.Throw(String message)&#xD;
   at FluentAssertions.Execution.DefaultAssertionStrategy.HandleFailure(String message)&#xD;
   at FluentAssertions.Execution.AssertionScope.FailWith(Func`1 failReasonFunc)&#xD;
   at FluentAssertions.Execution.AssertionScope.FailWith(Func`1 failReasonFunc)&#xD;
   at FluentAssertions.Execution.AssertionScope.FailWith(String message, Object[] args)&#xD;
   at FluentAssertions.Execution.GivenSelector`1.FailWith(String message, Object[] args)&#xD;
   at FluentAssertions.Execution.GivenSelector`1.FailWith(String message, Func`2[] args)&#xD;
   at FluentAssertions.Collections.GenericCollectionAssertions`3.OnlyContain(Expression`1 predicate, String because, Object[] becauseArgs)&#xD;
   at UNOPS.PAO.IntegrationTests.UnitTests.SimplePartnerFilterTests.TestDataBuilder_GeneratesValidPartners() in C:\Users\Leonardc\git\opportunityplus\QA Tests\Integration Tests\UnitTests\SimplePartnerFilterTests.cs:line 27&#xD;
   at System.RuntimeMethodHandle.InvokeMethod(Object target, Void** arguments, Signature sig, Boolean isConstructor)&#xD;
   at System.Reflection.MethodBaseInvoker.InvokeWithNoArgs(Object obj, BindingFlags invokeAttr)</StackTrace>
        </ErrorInfo>
      </Output>
    </UnitTestResult>
    <UnitTestResult executionId="99b60044-c0da-4c54-826f-0ab1015a0f86" testId="839c70b8-e492-5278-897d-ce4588fb86dd" testName="UNOPS.PAO.IntegrationTests.Controllers.ContactControllerOrgUnitTests.GetAll_WithNonExistentOrgUnitId_ReturnsEmptyResult" computerName="UNOPSGC520030" duration="00:00:00.0010000" startTime="2025-12-09T04:25:39.5139595+01:00" endTime="2025-12-09T04:25:39.5139598+01:00" testType="13cdc9d9-ddb5-4fa4-a97d-d965ccfc6d4b" outcome="NotExecuted" testListId="8c84fa94-04c1-424b-9868-57a2d4851a1d" relativeResultsDirectory="99b60044-c0da-4c54-826f-0ab1015a0f86">
      <Output>
        <ErrorInfo>
          <Message>Skipping due to authorization issues in test environment</Message>
        </ErrorInfo>
      </Output>
    </UnitTestResult>
    <UnitTestResult executionId="8a907a40-79cd-4ef7-b6ef-cf61ef584fe3" testId="6c68b3e9-0afa-0b54-725d-378b33cda10e" testName="UNOPS.PAO.IntegrationTests.UnitTests.DateSearchTests.DateSearch_OnOperator_ShouldFindExactDates" computerName="UNOPSGC520030" duration="00:00:00.0018999" startTime="2025-12-09T04:25:42.3140427+01:00" endTime="2025-12-09T04:25:42.3140428+01:00" testType="13cdc9d9-ddb5-4fa4-a97d-d965ccfc6d4b" outcome="Passed" testListId="8c84fa94-04c1-424b-9868-57a2d4851a1d" relativeResultsDirectory="8a907a40-79cd-4ef7-b6ef-cf61ef584fe3" />
    <UnitTestResult executionId="8fb3b319-302f-4d25-b234-d6217f8741bd" testId="6bddb5d2-9c7a-a37c-5f25-4d06f934a6b5" testName="UNOPS.PAO.IntegrationTests.Controllers.PartnerControllerOrgUnitTests.GetAll_WithOrgUnitIdFilter_ReturnsPartnersFromOrgUnitAndDescendants" computerName="UNOPSGC520030" duration="00:00:00.0010000" startTime="2025-12-09T04:25:46.3142006+01:00" endTime="2025-12-09T04:25:46.3142007+01:00" testType="13cdc9d9-ddb5-4fa4-a97d-d965ccfc6d4b" outcome="NotExecuted" testListId="8c84fa94-04c1-424b-9868-57a2d4851a1d" relativeResultsDirectory="8fb3b319-302f-4d25-b234-d6217f8741bd">
      <Output>
        <ErrorInfo>
          <Message>Skipping due to authorization issues in test environment</Message>
        </ErrorInfo>
      </Output>
    </UnitTestResult>
    <UnitTestResult executionId="bbc2742d-fa54-49ac-ba86-44125c199492" testId="6167c7da-c53d-7114-8364-39643dd37963" testName="UNOPS.PAO.IntegrationTests.Controllers.PartnerControllerOrgUnitTests.GetAll_WithOrgUnitIdAndNameFilter_AppliesBothFilters" computerName="UNOPSGC520030" duration="00:00:00.0010000" startTime="2025-12-09T04:25:46.3144010+01:00" endTime="2025-12-09T04:25:46.3144010+01:00" testType="13cdc9d9-ddb5-4fa4-a97d-d965ccfc6d4b" outcome="NotExecuted" testListId="8c84fa94-04c1-424b-9868-57a2d4851a1d" relativeResultsDirectory="bbc2742d-fa54-49ac-ba86-44125c199492">
      <Output>
        <ErrorInfo>
          <Message>Skipping due to authorization issues in test environment</Message>
        </ErrorInfo>
      </Output>
    </UnitTestResult>
    <UnitTestResult executionId="7aec7cd4-e0ae-47b7-8748-18befdcd5ea1" testId="1cb763af-85c1-43e3-63c0-801d9a55cc4f" testName="UNOPS.PAO.IntegrationTests.IntegrationTests.Controllers.PartnerControllerOrgUnitFilterTests.GetAll_WithoutOrgUnitId_ReturnsAllAccessiblePartners" computerName="UNOPSGC520030" duration="00:00:00.0010000" startTime="2025-12-09T04:25:46.3174734+01:00" endTime="2025-12-09T04:25:46.3174735+01:00" testType="13cdc9d9-ddb5-4fa4-a97d-d965ccfc6d4b" outcome="NotExecuted" testListId="8c84fa94-04c1-424b-9868-57a2d4851a1d" relativeResultsDirectory="7aec7cd4-e0ae-47b7-8748-18befdcd5ea1">
      <Output>
        <ErrorInfo>
          <Message>Skipping due to authorization issues in test environment</Message>
        </ErrorInfo>
      </Output>
    </UnitTestResult>
    <UnitTestResult executionId="cd6b493f-19f2-41ee-a2b1-cf3f7c246f26" testId="30fe2084-ca7d-9066-e574-7b07f442718c" testName="UNOPS.PAO.IntegrationTests.UnitTests.InteractionFilterRequestTests.InteractionFilterRequest_InterfaceSetter_ShouldConvertFromDateTime" computerName="UNOPSGC520030" duration="00:00:00.0004708" startTime="2025-12-09T04:25:41.9754691+01:00" endTime="2025-12-09T04:25:41.9754692+01:00" testType="13cdc9d9-ddb5-4fa4-a97d-d965ccfc6d4b" outcome="Passed" testListId="8c84fa94-04c1-424b-9868-57a2d4851a1d" relativeResultsDirectory="cd6b493f-19f2-41ee-a2b1-cf3f7c246f26" />
    <UnitTestResult executionId="2356fe5a-0149-4562-8921-ef3f77b96162" testId="fd9e2b5f-3f9a-dbcd-e9ac-9714850c2fe2" testName="UNOPS.PAO.IntegrationTests.UnitTests.DateSearchTests.DateParsing_InvalidFormats_ShouldReturnNull(invalidInput: &quot;invalid-date&quot;)" computerName="UNOPSGC520030" duration="00:00:00.0000417" startTime="2025-12-09T04:25:42.3133262+01:00" endTime="2025-12-09T04:25:42.3133263+01:00" testType="13cdc9d9-ddb5-4fa4-a97d-d965ccfc6d4b" outcome="Passed" testListId="8c84fa94-04c1-424b-9868-57a2d4851a1d" relativeResultsDirectory="2356fe5a-0149-4562-8921-ef3f77b96162" />
    <UnitTestResult executionId="81f16fd3-118a-4dd0-9174-33c3e434d3b5" testId="124974c8-9661-a1d8-5b96-045f2dab4735" testName="UNOPS.PAO.IntegrationTests.UnitTests.Services.OrgUnitFilterServiceTests.CreateContactSpecificationAsync_WithoutOrgUnitId_ReturnsStandardSpecification" computerName="UNOPSGC520030" duration="00:00:00.0097702" startTime="2025-12-09T04:25:46.1891155+01:00" endTime="2025-12-09T04:25:46.1891156+01:00" testType="13cdc9d9-ddb5-4fa4-a97d-d965ccfc6d4b" outcome="Passed" testListId="8c84fa94-04c1-424b-9868-57a2d4851a1d" relativeResultsDirectory="81f16fd3-118a-4dd0-9174-33c3e434d3b5" />
    <UnitTestResult executionId="74a2e107-a692-4c53-aae1-227c9fbc09f1" testId="9347a3a7-b246-6054-2903-b510916a667b" testName="UNOPS.PAO.IntegrationTests.UnitTests.Managers.UNOPSPartnerManagerTests.GetPartnersWithSpecificationAsync_WithPagination_ReturnsCorrectPage" computerName="UNOPSGC520030" duration="00:00:00.0010000" startTime="2025-12-09T04:25:47.1889921+01:00" endTime="2025-12-09T04:25:47.1889926+01:00" testType="13cdc9d9-ddb5-4fa4-a97d-d965ccfc6d4b" outcome="Failed" testListId="8c84fa94-04c1-424b-9868-57a2d4851a1d" relativeResultsDirectory="74a2e107-a692-4c53-aae1-227c9fbc09f1">
      <Output>
        <ErrorInfo>
          <Message>System.Reflection.TargetParameterCountException : Parameter count mismatch.</Message>
          <StackTrace>   at System.Reflection.MethodBaseInvoker.ThrowTargetParameterCountException()&#xD;
   at System.Reflection.RuntimeConstructorInfo.Invoke(BindingFlags invokeAttr, Binder binder, Object[] parameters, CultureInfo culture)&#xD;
   at System.Reflection.ConstructorInfo.Invoke(Object[] parameters)&#xD;
   at UNOPS.PAO.IntegrationTests.UnitTests.Managers.UNOPSPartnerManagerTests..ctor() in C:\Users\Leonardc\git\opportunityplus\QA Tests\Integration Tests\UnitTests\Managers\UNOPSPartnerManagerTests.cs:line 122&#xD;
   at System.RuntimeType.CreateInstanceDefaultCtor(Boolean publicOnly, Boolean wrapExceptions)</StackTrace>
        </ErrorInfo>
      </Output>
    </UnitTestResult>
    <UnitTestResult executionId="c2245758-b787-4755-b6aa-d4631188ab93" testId="3e4ebe60-bf8a-d1a8-b5a0-95a6d02c3350" testName="UNOPS.PAO.IntegrationTests.UnitTests.DateSearchTests.DateSearch_EdgeCases_ShouldHandleCorrectly" computerName="UNOPSGC520030" duration="00:00:00.0021700" startTime="2025-12-09T04:25:42.3633960+01:00" endTime="2025-12-09T04:25:42.3633960+01:00" testType="13cdc9d9-ddb5-4fa4-a97d-d965ccfc6d4b" outcome="Passed" testListId="8c84fa94-04c1-424b-9868-57a2d4851a1d" relativeResultsDirectory="c2245758-b787-4755-b6aa-d4631188ab93" />
    <UnitTestResult executionId="129a6c12-19d9-463d-b532-cab9c8c9d15d" testId="2a2b16b1-db4e-2735-02c5-7d784ff60909" testName="UNOPS.PAO.IntegrationTests.Controllers.PartnerControllerTests.GetAll_FilterByStatus_Active_ReturnsOnlyActivePartners" computerName="UNOPSGC520030" duration="00:00:00.0010000" startTime="2025-12-09T04:26:02.7427670+01:00" endTime="2025-12-09T04:26:02.7427671+01:00" testType="13cdc9d9-ddb5-4fa4-a97d-d965ccfc6d4b" outcome="NotExecuted" testListId="8c84fa94-04c1-424b-9868-57a2d4851a1d" relativeResultsDirectory="129a6c12-19d9-463d-b532-cab9c8c9d15d">
      <Output>
        <ErrorInfo>
          <Message>Skipping due to authorization issues in test environment</Message>
        </ErrorInfo>
      </Output>
    </UnitTestResult>
    <UnitTestResult executionId="5d3c67de-b0b8-4040-be33-5487a081ce8a" testId="aa221330-1224-f969-7b77-1a3b422563d2" testName="UNOPS.PAO.IntegrationTests.UnitTests.InteractionFilterRequestTests.InteractionFilterRequest_DateOnlyProperties_ShouldWork" computerName="UNOPSGC520030" duration="00:00:00.0012533" startTime="2025-12-09T04:25:41.9674293+01:00" endTime="2025-12-09T04:25:41.9674297+01:00" testType="13cdc9d9-ddb5-4fa4-a97d-d965ccfc6d4b" outcome="Passed" testListId="8c84fa94-04c1-424b-9868-57a2d4851a1d" relativeResultsDirectory="5d3c67de-b0b8-4040-be33-5487a081ce8a" />
    <UnitTestResult executionId="c14f85b1-84ab-4b72-9eac-79f9aa563911" testId="bf8694ed-0985-4051-e9ab-e88efa7ef428" testName="UNOPS.PAO.IntegrationTests.Controllers.PartnerControllerTests.NewAdvancedSearch_SimilaritySearch_FindsTypos" computerName="UNOPSGC520030" duration="00:00:00.0010000" startTime="2025-12-09T04:26:02.5947340+01:00" endTime="2025-12-09T04:26:02.5947343+01:00" testType="13cdc9d9-ddb5-4fa4-a97d-d965ccfc6d4b" outcome="Failed" testListId="8c84fa94-04c1-424b-9868-57a2d4851a1d" relativeResultsDirectory="c14f85b1-84ab-4b72-9eac-79f9aa563911">
      <Output>
        <ErrorInfo>
          <Message>Grpc.Core.RpcException : Status(StatusCode="PermissionDenied", Detail="Request had insufficient authentication scopes.")</Message>
          <StackTrace>   at Grpc.Net.Client.Internal.HttpClientCallInvoker.BlockingUnaryCall[TRequest,TResponse](Method`2 method, String host, CallOptions options, TRequest request)&#xD;
   at Grpc.Core.Interceptors.InterceptingCallInvoker.&lt;BlockingUnaryCall&gt;b__3_0[TRequest,TResponse](TRequest req, ClientInterceptorContext`2 ctx)&#xD;
   at Grpc.Core.ClientBase.ClientBaseConfiguration.ClientBaseConfigurationInterceptor.BlockingUnaryCall[TRequest,TResponse](TRequest request, ClientInterceptorContext`2 context, BlockingUnaryCallContinuation`2 continuation)&#xD;
   at Grpc.Core.Interceptors.InterceptingCallInvoker.BlockingUnaryCall[TRequest,TResponse](Method`2 method, String host, CallOptions options, TRequest request)&#xD;
   at Google.Cloud.SecretManager.V1.SecretManagerService.SecretManagerServiceClient.AccessSecretVersion(AccessSecretVersionRequest request, CallOptions options)&#xD;
   at Google.Api.Gax.Grpc.ApiCall.GrpcCallAdapter`2.CallSync(TRequest request, CallSettings callSettings)&#xD;
   at Google.Api.Gax.Grpc.ApiCallRetryExtensions.&lt;&gt;c__DisplayClass1_0`2.&lt;WithRetry&gt;b__0(TRequest request, CallSettings callSettings)&#xD;
   at Google.Api.Gax.Grpc.ApiCall`2.&lt;&gt;c__DisplayClass13_0.&lt;WithCallSettingsOverlay&gt;b__1(TRequest req, CallSettings cs)&#xD;
   at Google.Api.Gax.Grpc.ApiCall`2.Sync(TRequest request, CallSettings perCallCallSettings)&#xD;
   at Google.Cloud.SecretManager.V1.SecretManagerServiceClientImpl.AccessSecretVersion(AccessSecretVersionRequest request, CallSettings callSettings)&#xD;
   at Google.Cloud.SecretManager.V1.SecretManagerServiceClient.AccessSecretVersion(String name, CallSettings callSettings)&#xD;
   at UNOPS.PAO.Server.Startup.ConfigureContainer(ServiceRegistry services) in C:\Users\Leonardc\git\opportunityplus\UNOPS.PAO.Server\Startup.cs:line 232&#xD;
   at InvokeStub_Startup.ConfigureContainer(Object, Span`1)&#xD;
   at System.Reflection.MethodBaseInvoker.InvokeWithOneArg(Object obj, BindingFlags invokeAttr, Binder binder, Object[] parameters, CultureInfo culture)&#xD;
   at System.Reflection.RuntimeMethodInfo.Invoke(Object obj, BindingFlags invokeAttr, Binder binder, Object[] parameters, CultureInfo culture)&#xD;
   at Microsoft.AspNetCore.Hosting.ConfigureContainerBuilder.InvokeCore(Object instance, Object container)&#xD;
   at Microsoft.AspNetCore.Hosting.GenericWebHostBuilder.ConfigureContainerImpl[TContainer](HostBuilderContext context, TContainer container)&#xD;
   at Microsoft.Extensions.Hosting.HostBuilder.InitializeServiceProvider()&#xD;
   at Microsoft.Extensions.Hosting.HostBuilder.Build()&#xD;
   at Microsoft.AspNetCore.Mvc.Testing.WebApplicationFactory`1.CreateHost(IHostBuilder builder)&#xD;
   at UNOPS.PAO.IntegrationTests.Infrastructure.PAOWebApplicationFactory`1.CreateHost(IHostBuilder builder) in C:\Users\Leonardc\git\opportunityplus\QA Tests\Integration Tests\Infrastructure\PAOWebApplicationFactory.cs:line 161&#xD;
   at Microsoft.AspNetCore.Mvc.Testing.WebApplicationFactory`1.ConfigureHostBuilder(IHostBuilder hostBuilder)&#xD;
   at Microsoft.AspNetCore.Mvc.Testing.WebApplicationFactory`1.EnsureServer()&#xD;
   at Microsoft.AspNetCore.Mvc.Testing.WebApplicationFactory`1.CreateDefaultClient(DelegatingHandler[] handlers)&#xD;
   at Microsoft.AspNetCore.Mvc.Testing.WebApplicationFactory`1.CreateDefaultClient(Uri baseAddress, DelegatingHandler[] handlers)&#xD;
   at Microsoft.AspNetCore.Mvc.Testing.WebApplicationFactory`1.CreateClient(WebApplicationFactoryClientOptions options)&#xD;
   at UNOPS.PAO.IntegrationTests.Infrastructure.IntegrationTestBase..ctor(PAOWebApplicationFactory`1 factory) in C:\Users\Leonardc\git\opportunityplus\QA Tests\Integration Tests\Infrastructure\IntegrationTestBase.cs:line 22&#xD;
   at UNOPS.PAO.IntegrationTests.Controllers.PartnerControllerTests..ctor(PAOWebApplicationFactory`1 factory) in C:\Users\Leonardc\git\opportunityplus\QA Tests\Integration Tests\Controllers\PartnerControllerTests.cs:line 26&#xD;
   at InvokeStub_PartnerControllerTests..ctor(Object, Span`1)&#xD;
   at System.Reflection.MethodBaseInvoker.InvokeWithOneArg(Object obj, BindingFlags invokeAttr, Binder binder, Object[] parameters, CultureInfo culture)</StackTrace>
        </ErrorInfo>
      </Output>
    </UnitTestResult>
    <UnitTestResult executionId="634cb514-3b1d-4724-96d7-11fbf162d527" testId="bd3ddd04-6aab-a409-0dbe-72b443767bc9" testName="UNOPS.PAO.IntegrationTests.UnitTests.TextSearchSpaceHandlingTests.PartnerSearch_CaseInsensitive_ShouldFindMatches(searchTerm: &quot;GlObAl&quot;, expectedPartnerName: &quot;Global Tech Solutions&quot;)" computerName="UNOPSGC520030" duration="00:00:00.0010864" startTime="2025-12-09T04:25:40.2173427+01:00" endTime="2025-12-09T04:25:40.2173450+01:00" testType="13cdc9d9-ddb5-4fa4-a97d-d965ccfc6d4b" outcome="Passed" testListId="8c84fa94-04c1-424b-9868-57a2d4851a1d" relativeResultsDirectory="634cb514-3b1d-4724-96d7-11fbf162d527" />
    <UnitTestResult executionId="4074554b-daed-43f8-8839-9f41915e6df2" testId="327990fa-7458-5c83-a55f-7b1cd0ce1305" testName="UNOPS.PAO.IntegrationTests.Controllers.PartnerControllerTests.NewAdvancedSearch_NestedPropertyExactMatch_WorksCorrectly" computerName="UNOPSGC520030" duration="00:00:00.0010000" startTime="2025-12-09T04:26:02.3633969+01:00" endTime="2025-12-09T04:26:02.3633972+01:00" testType="13cdc9d9-ddb5-4fa4-a97d-d965ccfc6d4b" outcome="Failed" testListId="8c84fa94-04c1-424b-9868-57a2d4851a1d" relativeResultsDirectory="4074554b-daed-43f8-8839-9f41915e6df2">
      <Output>
        <ErrorInfo>
          <Message>Grpc.Core.RpcException : Status(StatusCode="PermissionDenied", Detail="Request had insufficient authentication scopes.")</Message>
          <StackTrace>   at Grpc.Net.Client.Internal.HttpClientCallInvoker.BlockingUnaryCall[TRequest,TResponse](Method`2 method, String host, CallOptions options, TRequest request)&#xD;
   at Grpc.Core.Interceptors.InterceptingCallInvoker.&lt;BlockingUnaryCall&gt;b__3_0[TRequest,TResponse](TRequest req, ClientInterceptorContext`2 ctx)&#xD;
   at Grpc.Core.ClientBase.ClientBaseConfiguration.ClientBaseConfigurationInterceptor.BlockingUnaryCall[TRequest,TResponse](TRequest request, ClientInterceptorContext`2 context, BlockingUnaryCallContinuation`2 continuation)&#xD;
   at Grpc.Core.Interceptors.InterceptingCallInvoker.BlockingUnaryCall[TRequest,TResponse](Method`2 method, String host, CallOptions options, TRequest request)&#xD;
   at Google.Cloud.SecretManager.V1.SecretManagerService.SecretManagerServiceClient.AccessSecretVersion(AccessSecretVersionRequest request, CallOptions options)&#xD;
   at Google.Api.Gax.Grpc.ApiCall.GrpcCallAdapter`2.CallSync(TRequest request, CallSettings callSettings)&#xD;
   at Google.Api.Gax.Grpc.ApiCallRetryExtensions.&lt;&gt;c__DisplayClass1_0`2.&lt;WithRetry&gt;b__0(TRequest request, CallSettings callSettings)&#xD;
   at Google.Api.Gax.Grpc.ApiCall`2.&lt;&gt;c__DisplayClass13_0.&lt;WithCallSettingsOverlay&gt;b__1(TRequest req, CallSettings cs)&#xD;
   at Google.Api.Gax.Grpc.ApiCall`2.Sync(TRequest request, CallSettings perCallCallSettings)&#xD;
   at Google.Cloud.SecretManager.V1.SecretManagerServiceClientImpl.AccessSecretVersion(AccessSecretVersionRequest request, CallSettings callSettings)&#xD;
   at Google.Cloud.SecretManager.V1.SecretManagerServiceClient.AccessSecretVersion(String name, CallSettings callSettings)&#xD;
   at UNOPS.PAO.Server.Startup.ConfigureContainer(ServiceRegistry services) in C:\Users\Leonardc\git\opportunityplus\UNOPS.PAO.Server\Startup.cs:line 232&#xD;
   at InvokeStub_Startup.ConfigureContainer(Object, Span`1)&#xD;
   at System.Reflection.MethodBaseInvoker.InvokeWithOneArg(Object obj, BindingFlags invokeAttr, Binder binder, Object[] parameters, CultureInfo culture)&#xD;
   at System.Reflection.RuntimeMethodInfo.Invoke(Object obj, BindingFlags invokeAttr, Binder binder, Object[] parameters, CultureInfo culture)&#xD;
   at Microsoft.AspNetCore.Hosting.ConfigureContainerBuilder.InvokeCore(Object instance, Object container)&#xD;
   at Microsoft.AspNetCore.Hosting.GenericWebHostBuilder.ConfigureContainerImpl[TContainer](HostBuilderContext context, TContainer container)&#xD;
   at Microsoft.Extensions.Hosting.HostBuilder.InitializeServiceProvider()&#xD;
   at Microsoft.Extensions.Hosting.HostBuilder.Build()&#xD;
   at Microsoft.AspNetCore.Mvc.Testing.WebApplicationFactory`1.CreateHost(IHostBuilder builder)&#xD;
   at UNOPS.PAO.IntegrationTests.Infrastructure.PAOWebApplicationFactory`1.CreateHost(IHostBuilder builder) in C:\Users\Leonardc\git\opportunityplus\QA Tests\Integration Tests\Infrastructure\PAOWebApplicationFactory.cs:line 161&#xD;
   at Microsoft.AspNetCore.Mvc.Testing.WebApplicationFactory`1.ConfigureHostBuilder(IHostBuilder hostBuilder)&#xD;
   at Microsoft.AspNetCore.Mvc.Testing.WebApplicationFactory`1.EnsureServer()&#xD;
   at Microsoft.AspNetCore.Mvc.Testing.WebApplicationFactory`1.CreateDefaultClient(DelegatingHandler[] handlers)&#xD;
   at Microsoft.AspNetCore.Mvc.Testing.WebApplicationFactory`1.CreateDefaultClient(Uri baseAddress, DelegatingHandler[] handlers)&#xD;
   at Microsoft.AspNetCore.Mvc.Testing.WebApplicationFactory`1.CreateClient(WebApplicationFactoryClientOptions options)&#xD;
   at UNOPS.PAO.IntegrationTests.Infrastructure.IntegrationTestBase..ctor(PAOWebApplicationFactory`1 factory) in C:\Users\Leonardc\git\opportunityplus\QA Tests\Integration Tests\Infrastructure\IntegrationTestBase.cs:line 22&#xD;
   at UNOPS.PAO.IntegrationTests.Controllers.PartnerControllerTests..ctor(PAOWebApplicationFactory`1 factory) in C:\Users\Leonardc\git\opportunityplus\QA Tests\Integration Tests\Controllers\PartnerControllerTests.cs:line 26&#xD;
   at InvokeStub_PartnerControllerTests..ctor(Object, Span`1)&#xD;
   at System.Reflection.MethodBaseInvoker.InvokeWithOneArg(Object obj, BindingFlags invokeAttr, Binder binder, Object[] parameters, CultureInfo culture)</StackTrace>
        </ErrorInfo>
      </Output>
    </UnitTestResult>
    <UnitTestResult executionId="4f7be1c3-32af-4c84-90cf-cec1c1a9a1c0" testId="4ba4d1fd-3fc8-9c1a-227a-2702aca9e951" testName="UNOPS.PAO.IntegrationTests.Controllers.PartnerControllerTests.NewAdvancedSearch_CollectionPropertySimilarity_FindsTyposInContactNames" computerName="UNOPSGC520030" duration="00:00:00.0010000" startTime="2025-12-09T04:26:01.1794033+01:00" endTime="2025-12-09T04:26:01.1794035+01:00" testType="13cdc9d9-ddb5-4fa4-a97d-d965ccfc6d4b" outcome="Failed" testListId="8c84fa94-04c1-424b-9868-57a2d4851a1d" relativeResultsDirectory="4f7be1c3-32af-4c84-90cf-cec1c1a9a1c0">
      <Output>
        <ErrorInfo>
          <Message>Grpc.Core.RpcException : Status(StatusCode="PermissionDenied", Detail="Request had insufficient authentication scopes.")</Message>
          <StackTrace>   at Grpc.Net.Client.Internal.HttpClientCallInvoker.BlockingUnaryCall[TRequest,TResponse](Method`2 method, String host, CallOptions options, TRequest request)&#xD;
   at Grpc.Core.Interceptors.InterceptingCallInvoker.&lt;BlockingUnaryCall&gt;b__3_0[TRequest,TResponse](TRequest req, ClientInterceptorContext`2 ctx)&#xD;
   at Grpc.Core.ClientBase.ClientBaseConfiguration.ClientBaseConfigurationInterceptor.BlockingUnaryCall[TRequest,TResponse](TRequest request, ClientInterceptorContext`2 context, BlockingUnaryCallContinuation`2 continuation)&#xD;
   at Grpc.Core.Interceptors.InterceptingCallInvoker.BlockingUnaryCall[TRequest,TResponse](Method`2 method, String host, CallOptions options, TRequest request)&#xD;
   at Google.Cloud.SecretManager.V1.SecretManagerService.SecretManagerServiceClient.AccessSecretVersion(AccessSecretVersionRequest request, CallOptions options)&#xD;
   at Google.Api.Gax.Grpc.ApiCall.GrpcCallAdapter`2.CallSync(TRequest request, CallSettings callSettings)&#xD;
   at Google.Api.Gax.Grpc.ApiCallRetryExtensions.&lt;&gt;c__DisplayClass1_0`2.&lt;WithRetry&gt;b__0(TRequest request, CallSettings callSettings)&#xD;
   at Google.Api.Gax.Grpc.ApiCall`2.&lt;&gt;c__DisplayClass13_0.&lt;WithCallSettingsOverlay&gt;b__1(TRequest req, CallSettings cs)&#xD;
   at Google.Api.Gax.Grpc.ApiCall`2.Sync(TRequest request, CallSettings perCallCallSettings)&#xD;
   at Google.Cloud.SecretManager.V1.SecretManagerServiceClientImpl.AccessSecretVersion(AccessSecretVersionRequest request, CallSettings callSettings)&#xD;
   at Google.Cloud.SecretManager.V1.SecretManagerServiceClient.AccessSecretVersion(String name, CallSettings callSettings)&#xD;
   at UNOPS.PAO.Server.Startup.ConfigureContainer(ServiceRegistry services) in C:\Users\Leonardc\git\opportunityplus\UNOPS.PAO.Server\Startup.cs:line 232&#xD;
   at InvokeStub_Startup.ConfigureContainer(Object, Span`1)&#xD;
   at System.Reflection.MethodBaseInvoker.InvokeWithOneArg(Object obj, BindingFlags invokeAttr, Binder binder, Object[] parameters, CultureInfo culture)&#xD;
   at System.Reflection.RuntimeMethodInfo.Invoke(Object obj, BindingFlags invokeAttr, Binder binder, Object[] parameters, CultureInfo culture)&#xD;
   at Microsoft.AspNetCore.Hosting.ConfigureContainerBuilder.InvokeCore(Object instance, Object container)&#xD;
   at Microsoft.AspNetCore.Hosting.GenericWebHostBuilder.ConfigureContainerImpl[TContainer](HostBuilderContext context, TContainer container)&#xD;
   at Microsoft.Extensions.Hosting.HostBuilder.InitializeServiceProvider()&#xD;
   at Microsoft.Extensions.Hosting.HostBuilder.Build()&#xD;
   at Microsoft.AspNetCore.Mvc.Testing.WebApplicationFactory`1.CreateHost(IHostBuilder builder)&#xD;
   at UNOPS.PAO.IntegrationTests.Infrastructure.PAOWebApplicationFactory`1.CreateHost(IHostBuilder builder) in C:\Users\Leonardc\git\opportunityplus\QA Tests\Integration Tests\Infrastructure\PAOWebApplicationFactory.cs:line 161&#xD;
   at Microsoft.AspNetCore.Mvc.Testing.WebApplicationFactory`1.ConfigureHostBuilder(IHostBuilder hostBuilder)&#xD;
   at Microsoft.AspNetCore.Mvc.Testing.WebApplicationFactory`1.EnsureServer()&#xD;
   at Microsoft.AspNetCore.Mvc.Testing.WebApplicationFactory`1.CreateDefaultClient(DelegatingHandler[] handlers)&#xD;
   at Microsoft.AspNetCore.Mvc.Testing.WebApplicationFactory`1.CreateDefaultClient(Uri baseAddress, DelegatingHandler[] handlers)&#xD;
   at Microsoft.AspNetCore.Mvc.Testing.WebApplicationFactory`1.CreateClient(WebApplicationFactoryClientOptions options)&#xD;
   at UNOPS.PAO.IntegrationTests.Infrastructure.IntegrationTestBase..ctor(PAOWebApplicationFactory`1 factory) in C:\Users\Leonardc\git\opportunityplus\QA Tests\Integration Tests\Infrastructure\IntegrationTestBase.cs:line 22&#xD;
   at UNOPS.PAO.IntegrationTests.Controllers.PartnerControllerTests..ctor(PAOWebApplicationFactory`1 factory) in C:\Users\Leonardc\git\opportunityplus\QA Tests\Integration Tests\Controllers\PartnerControllerTests.cs:line 26&#xD;
   at InvokeStub_PartnerControllerTests..ctor(Object, Span`1)&#xD;
   at System.Reflection.MethodBaseInvoker.InvokeWithOneArg(Object obj, BindingFlags invokeAttr, Binder binder, Object[] parameters, CultureInfo culture)</StackTrace>
        </ErrorInfo>
      </Output>
    </UnitTestResult>
    <UnitTestResult executionId="38e0a595-4ad8-4a0e-983f-febd7dc8a4cd" testId="f6b73302-be0a-21d4-4eb2-c819406610eb" testName="UNOPS.PAO.IntegrationTests.UnitTests.Specifications.ContactByOrgUnitHierarchySpecificationTests.Criteria_FiltersContactsByPartnerOrgUnit" computerName="UNOPSGC520030" duration="00:00:03.9617349" startTime="2025-12-09T04:25:46.3456279+01:00" endTime="2025-12-09T04:25:46.3456283+01:00" testType="13cdc9d9-ddb5-4fa4-a97d-d965ccfc6d4b" outcome="Failed" testListId="8c84fa94-04c1-424b-9868-57a2d4851a1d" relativeResultsDirectory="38e0a595-4ad8-4a0e-983f-febd7dc8a4cd">
      <Output>
        <ErrorInfo>
          <Message>Expected results to contain 1 item(s), but found 3: UNOPS.PAO.Domain.Entities.Contact&#xD;
    {&#xD;
        Assistant = &lt;null&gt;, &#xD;
        AssistantEmail = &lt;null&gt;, &#xD;
        AssistantPhone = &lt;null&gt;, &#xD;
        CreatedBy = 1, &#xD;
        CreatedDate = &lt;2025-12-09 03:25:45.6854535&gt;, &#xD;
        DeletedBy = 0, &#xD;
        DeletedDate = &lt;null&gt;, &#xD;
        Department = &lt;null&gt;, &#xD;
        Description = &lt;null&gt;, &#xD;
        Documents = &lt;null&gt;, &#xD;
        Email = "contact.three@example.com", &#xD;
        FirstName = "Contact", &#xD;
        Id = 3, &#xD;
        Interactions = {empty}, &#xD;
        IsDeleted = False, &#xD;
        LastModifiedBy = 0, &#xD;
        LastModifiedDate = &lt;2025-12-09 03:25:45.6854868&gt;, &#xD;
        LastName = "Three", &#xD;
        MailingCity = &lt;null&gt;, &#xD;
        MailingCountry = &lt;null&gt;, &#xD;
        MailingPostalCode = &lt;null&gt;, &#xD;
        MailingStateProvince = &lt;null&gt;, &#xD;
        MailingStreet = &lt;null&gt;, &#xD;
        MailingStreet2 = &lt;null&gt;, &#xD;
        MiddleName = &lt;null&gt;, &#xD;
        Mobile = &lt;null&gt;, &#xD;
        Name = "Contact Three", &#xD;
        OrganizationUnitRelationships = {empty}, &#xD;
        Partner = UNOPS.PAO.Domain.Entities.Partner&#xD;
        {&#xD;
            CanCreateNewOpportunities = False, &#xD;
            Contacts = {{Cyclic reference to type UNOPS.PAO.Domain.Entities.Contact detected}}, &#xD;
            CreatedBy = 1, &#xD;
            CreatedDate = &lt;2025-12-09 03:25:45.4215708&gt;, &#xD;
            DeletedBy = 0, &#xD;
            DeletedDate = &lt;null&gt;, &#xD;
            Documents = &lt;null&gt;, &#xD;
            DueDiligenceApproval = DueDiligenceApproval.NotApproved {value: 0}, &#xD;
            DueDiligenceApprovalDate = &lt;null&gt;, &#xD;
            DueDiligenceExpiryDate = &lt;null&gt;, &#xD;
            DueDiligenceRequired = DueDiligenceRequired.NotRequired {value: 0}, &#xD;
            ErpDimValue = &lt;null&gt;, &#xD;
            First5ContactsByDate = {{Cyclic reference to type UNOPS.PAO.Domain.Entities.Contact detected}}, &#xD;
            Id = 3, &#xD;
            IsApproved = False, &#xD;
            IsDeleted = False, &#xD;
            IsDueDiligenceExpiring = False, &#xD;
            KeyGlobalPartner = False, &#xD;
            LastModifiedBy = 0, &#xD;
            LastModifiedDate = &lt;2025-12-09 03:25:45.4215709&gt;, &#xD;
            LevyTreatment = &lt;null&gt;, &#xD;
            LiaisonOffice = &lt;null&gt;, &#xD;
            LiaisonOfficeId = 1, &#xD;
            LogoUrl = &lt;null&gt;, &#xD;
            Name = "Partner 3", &#xD;
            OrganizationUnitRelationships = {empty}, &#xD;
            PartnerApprovalDate = &lt;null&gt;, &#xD;
            PartnerApprovalReference = &lt;null&gt;, &#xD;
            PartnerApprovalStatus = PartnerApprovalStatus.NotApproved {value: 0}, &#xD;
            PartnerApprovedBy = &lt;null&gt;, &#xD;
            PartnerCategoryId = 1, &#xD;
            PartnerCategoryInternalKey = {371a27b7-d0ea-43d6-aa53-9298c754032f}, &#xD;
            PartnerCategoryKey = {4bcd74bc-5853-4a16-89b6-feac49a7175e}, &#xD;
            PartnerFocalPointUser = &lt;null&gt;, &#xD;
            PartnerFocalPointUserId = &lt;null&gt;, &#xD;
            PartnerGroup = &lt;null&gt;, &#xD;
            PartnerGroupId = &lt;null&gt;, &#xD;
            PartnerKey = {104f7683-de12-4a71-8ec6-6bfedfcce420}, &#xD;
            PartnerLevyStatus = PartnerLevyStatus.DoesNotApply {value: 0}, &#xD;
            PartnerLongDescription = &lt;null&gt;, &#xD;
            PartnerOrgUnit = "", &#xD;
            PartnerShortDescription = "Partner 3", &#xD;
            PartnerTypeKey = {d611ae45-0d63-4fde-868d-7d797fcd3108}, &#xD;
            PooledFund = False, &#xD;
            ReasonForLevy = &lt;null&gt;, &#xD;
            ReasonForNoNewOpportunity = &lt;null&gt;, &#xD;
            Status = EntityStatus.Active {value: 1}, &#xD;
            UNAndStateEntity = False, &#xD;
            UNSecretariatPartner = False, &#xD;
            UniqueKey = {d38565f6-8317-4f38-839d-8b48d444e9b4}&#xD;
        }, &#xD;
        PartnerId = 3, &#xD;
        Phone = &lt;null&gt;, &#xD;
        ProfilePictureUrl = &lt;null&gt;, &#xD;
        Salutation = &lt;null&gt;, &#xD;
        Status = EntityStatus.Active {value: 1}, &#xD;
        Suffix = &lt;null&gt;, &#xD;
        Title = "Manager"&#xD;
    }UNOPS.PAO.Domain.Entities.Contact&#xD;
    {&#xD;
        Assistant = &lt;null&gt;, &#xD;
        AssistantEmail = &lt;null&gt;, &#xD;
        AssistantPhone = &lt;null&gt;, &#xD;
        CreatedBy = 1, &#xD;
        CreatedDate = &lt;2025-12-09 03:25:45.6854889&gt;, &#xD;
        DeletedBy = 0, &#xD;
        DeletedDate = &lt;null&gt;, &#xD;
        Department = &lt;null&gt;, &#xD;
&#xD;
(Output has exceeded the maximum of 100 lines. Increase FormattingOptions.MaxLines on AssertionScope or AssertionOptions to include more lines.)&#xD;
        Description = &lt;null&gt;, .</Message>
          <StackTrace>   at FluentAssertions.Execution.XUnit2TestFramework.Throw(String message)&#xD;
   at FluentAssertions.Execution.TestFrameworkProvider.Throw(String message)&#xD;
   at FluentAssertions.Execution.DefaultAssertionStrategy.HandleFailure(String message)&#xD;
   at FluentAssertions.Execution.AssertionScope.FailWith(Func`1 failReasonFunc)&#xD;
   at FluentAssertions.Execution.AssertionScope.FailWith(Func`1 failReasonFunc)&#xD;
   at FluentAssertions.Execution.AssertionScope.FailWith(String message, Object[] args)&#xD;
   at FluentAssertions.Collections.GenericCollectionAssertions`3.HaveCount(Int32 expected, String because, Object[] becauseArgs)&#xD;
   at UNOPS.PAO.IntegrationTests.UnitTests.Specifications.ContactByOrgUnitHierarchySpecificationTests.Criteria_FiltersContactsByPartnerOrgUnit() in C:\Users\Leonardc\git\opportunityplus\QA Tests\Integration Tests\UnitTests\Specifications\ContactByOrgUnitHierarchySpecificationTests.cs:line 102&#xD;
--- End of stack trace from previous location ---</StackTrace>
        </ErrorInfo>
      </Output>
    </UnitTestResult>
    <UnitTestResult executionId="7ff542bb-e38e-4e94-b558-6c37b68c5b92" testId="c9e16410-70f9-8d98-7482-73010f6147b7" testName="UNOPS.PAO.IntegrationTests.UnitTests.Services.OrgUnitFilterServiceTests.CreatePartnerSpecificationAsync_WithOrgUnitId_ReturnsOrgUnitSpecification" computerName="UNOPSGC520030" duration="00:00:00.0129463" startTime="2025-12-09T04:25:46.1613907+01:00" endTime="2025-12-09T04:25:46.1613912+01:00" testType="13cdc9d9-ddb5-4fa4-a97d-d965ccfc6d4b" outcome="Passed" testListId="8c84fa94-04c1-424b-9868-57a2d4851a1d" relativeResultsDirectory="7ff542bb-e38e-4e94-b558-6c37b68c5b92" />
    <UnitTestResult executionId="188c29a1-6e19-4f47-92cd-d87a5ff12810" testId="3d4f6799-de5b-ab0a-168b-cf0e65334187" testName="UNOPS.PAO.IntegrationTests.UnitTests.Specifications.ContactByOrgUnitHierarchySpecificationTests.Constructor_WithValidOrgUnitIds_CreatesSpecification" computerName="UNOPSGC520030" duration="00:00:00.0009776" startTime="2025-12-09T04:25:46.4212404+01:00" endTime="2025-12-09T04:25:46.4212405+01:00" testType="13cdc9d9-ddb5-4fa4-a97d-d965ccfc6d4b" outcome="Passed" testListId="8c84fa94-04c1-424b-9868-57a2d4851a1d" relativeResultsDirectory="188c29a1-6e19-4f47-92cd-d87a5ff12810" />
    <UnitTestResult executionId="c99bfe40-09e3-4325-9e2f-04b15ee0851f" testId="f1bb138c-63d9-ed50-72e7-61c52dfe1ef3" testName="UNOPS.PAO.IntegrationTests.Controllers.PartnerControllerTests.GetAll_EmptySearchText_ReturnsAllResults" computerName="UNOPSGC520030" duration="00:00:00.0010000" startTime="2025-12-09T04:26:03.6659414+01:00" endTime="2025-12-09T04:26:03.6659416+01:00" testType="13cdc9d9-ddb5-4fa4-a97d-d965ccfc6d4b" outcome="NotExecuted" testListId="8c84fa94-04c1-424b-9868-57a2d4851a1d" relativeResultsDirectory="c99bfe40-09e3-4325-9e2f-04b15ee0851f">
      <Output>
        <ErrorInfo>
          <Message>Skipping due to authorization issues in test environment</Message>
        </ErrorInfo>
      </Output>
    </UnitTestResult>
    <UnitTestResult executionId="78a2a4ab-8110-446c-a78f-aaac5848b6d3" testId="ee3a357a-5b81-b8a5-49f4-446462c7dacd" testName="UNOPS.PAO.IntegrationTests.UnitTests.TextSearchSpaceHandlingTests.PartnerSearch_WithMultipleWordsAND_ShouldFindExactMatches" computerName="UNOPSGC520030" duration="00:00:00.0027724" startTime="2025-12-09T04:25:41.8595361+01:00" endTime="2025-12-09T04:25:41.8595369+01:00" testType="13cdc9d9-ddb5-4fa4-a97d-d965ccfc6d4b" outcome="Passed" testListId="8c84fa94-04c1-424b-9868-57a2d4851a1d" relativeResultsDirectory="78a2a4ab-8110-446c-a78f-aaac5848b6d3" />
    <UnitTestResult executionId="00b76437-18cb-4f3d-828b-462646202126" testId="30731853-7b92-dc7e-92fa-c4aac6d2e194" testName="UNOPS.PAO.IntegrationTests.Controllers.PartnerControllerTests.GetAll_OrderByStatus_ReturnsSortedResults" computerName="UNOPSGC520030" duration="00:00:00.0010000" startTime="2025-12-09T04:26:03.3708613+01:00" endTime="2025-12-09T04:26:03.3708614+01:00" testType="13cdc9d9-ddb5-4fa4-a97d-d965ccfc6d4b" outcome="NotExecuted" testListId="8c84fa94-04c1-424b-9868-57a2d4851a1d" relativeResultsDirectory="00b76437-18cb-4f3d-828b-462646202126">
      <Output>
        <ErrorInfo>
          <Message>Skipping due to authorization issues in test environment</Message>
        </ErrorInfo>
      </Output>
    </UnitTestResult>
    <UnitTestResult executionId="0047ddee-d75c-4b4d-b2f6-e846885fecf5" testId="991bb2ec-c78c-d7a1-a259-f1a6f75b9247" testName="UNOPS.PAO.IntegrationTests.Controllers.PartnerControllerTests.NewAdvancedSearch_ContactsSearch_ReturnsPartnersWithMatchingContacts" computerName="UNOPSGC520030" duration="00:00:00.0010000" startTime="2025-12-09T04:26:03.0359585+01:00" endTime="2025-12-09T04:26:03.0359587+01:00" testType="13cdc9d9-ddb5-4fa4-a97d-d965ccfc6d4b" outcome="Failed" testListId="8c84fa94-04c1-424b-9868-57a2d4851a1d" relativeResultsDirectory="0047ddee-d75c-4b4d-b2f6-e846885fecf5">
      <Output>
        <ErrorInfo>
          <Message>Grpc.Core.RpcException : Status(StatusCode="PermissionDenied", Detail="Request had insufficient authentication scopes.")</Message>
          <StackTrace>   at Grpc.Net.Client.Internal.HttpClientCallInvoker.BlockingUnaryCall[TRequest,TResponse](Method`2 method, String host, CallOptions options, TRequest request)&#xD;
   at Grpc.Core.Interceptors.InterceptingCallInvoker.&lt;BlockingUnaryCall&gt;b__3_0[TRequest,TResponse](TRequest req, ClientInterceptorContext`2 ctx)&#xD;
   at Grpc.Core.ClientBase.ClientBaseConfiguration.ClientBaseConfigurationInterceptor.BlockingUnaryCall[TRequest,TResponse](TRequest request, ClientInterceptorContext`2 context, BlockingUnaryCallContinuation`2 continuation)&#xD;
   at Grpc.Core.Interceptors.InterceptingCallInvoker.BlockingUnaryCall[TRequest,TResponse](Method`2 method, String host, CallOptions options, TRequest request)&#xD;
   at Google.Cloud.SecretManager.V1.SecretManagerService.SecretManagerServiceClient.AccessSecretVersion(AccessSecretVersionRequest request, CallOptions options)&#xD;
   at Google.Api.Gax.Grpc.ApiCall.GrpcCallAdapter`2.CallSync(TRequest request, CallSettings callSettings)&#xD;
   at Google.Api.Gax.Grpc.ApiCallRetryExtensions.&lt;&gt;c__DisplayClass1_0`2.&lt;WithRetry&gt;b__0(TRequest request, CallSettings callSettings)&#xD;
   at Google.Api.Gax.Grpc.ApiCall`2.&lt;&gt;c__DisplayClass13_0.&lt;WithCallSettingsOverlay&gt;b__1(TRequest req, CallSettings cs)&#xD;
   at Google.Api.Gax.Grpc.ApiCall`2.Sync(TRequest request, CallSettings perCallCallSettings)&#xD;
   at Google.Cloud.SecretManager.V1.SecretManagerServiceClientImpl.AccessSecretVersion(AccessSecretVersionRequest request, CallSettings callSettings)&#xD;
   at Google.Cloud.SecretManager.V1.SecretManagerServiceClient.AccessSecretVersion(String name, CallSettings callSettings)&#xD;
   at UNOPS.PAO.Server.Startup.ConfigureContainer(ServiceRegistry services) in C:\Users\Leonardc\git\opportunityplus\UNOPS.PAO.Server\Startup.cs:line 232&#xD;
   at InvokeStub_Startup.ConfigureContainer(Object, Span`1)&#xD;
   at System.Reflection.MethodBaseInvoker.InvokeWithOneArg(Object obj, BindingFlags invokeAttr, Binder binder, Object[] parameters, CultureInfo culture)&#xD;
   at System.Reflection.RuntimeMethodInfo.Invoke(Object obj, BindingFlags invokeAttr, Binder binder, Object[] parameters, CultureInfo culture)&#xD;
   at Microsoft.AspNetCore.Hosting.ConfigureContainerBuilder.InvokeCore(Object instance, Object container)&#xD;
   at Microsoft.AspNetCore.Hosting.GenericWebHostBuilder.ConfigureContainerImpl[TContainer](HostBuilderContext context, TContainer container)&#xD;
   at Microsoft.Extensions.Hosting.HostBuilder.InitializeServiceProvider()&#xD;
   at Microsoft.Extensions.Hosting.HostBuilder.Build()&#xD;
   at Microsoft.AspNetCore.Mvc.Testing.WebApplicationFactory`1.CreateHost(IHostBuilder builder)&#xD;
   at UNOPS.PAO.IntegrationTests.Infrastructure.PAOWebApplicationFactory`1.CreateHost(IHostBuilder builder) in C:\Users\Leonardc\git\opportunityplus\QA Tests\Integration Tests\Infrastructure\PAOWebApplicationFactory.cs:line 161&#xD;
   at Microsoft.AspNetCore.Mvc.Testing.WebApplicationFactory`1.ConfigureHostBuilder(IHostBuilder hostBuilder)&#xD;
   at Microsoft.AspNetCore.Mvc.Testing.WebApplicationFactory`1.EnsureServer()&#xD;
   at Microsoft.AspNetCore.Mvc.Testing.WebApplicationFactory`1.CreateDefaultClient(DelegatingHandler[] handlers)&#xD;
   at Microsoft.AspNetCore.Mvc.Testing.WebApplicationFactory`1.CreateDefaultClient(Uri baseAddress, DelegatingHandler[] handlers)&#xD;
   at Microsoft.AspNetCore.Mvc.Testing.WebApplicationFactory`1.CreateClient(WebApplicationFactoryClientOptions options)&#xD;
   at UNOPS.PAO.IntegrationTests.Infrastructure.IntegrationTestBase..ctor(PAOWebApplicationFactory`1 factory) in C:\Users\Leonardc\git\opportunityplus\QA Tests\Integration Tests\Infrastructure\IntegrationTestBase.cs:line 22&#xD;
   at UNOPS.PAO.IntegrationTests.Controllers.PartnerControllerTests..ctor(PAOWebApplicationFactory`1 factory) in C:\Users\Leonardc\git\opportunityplus\QA Tests\Integration Tests\Controllers\PartnerControllerTests.cs:line 26&#xD;
   at InvokeStub_PartnerControllerTests..ctor(Object, Span`1)&#xD;
   at System.Reflection.MethodBaseInvoker.InvokeWithOneArg(Object obj, BindingFlags invokeAttr, Binder binder, Object[] parameters, CultureInfo culture)</StackTrace>
        </ErrorInfo>
      </Output>
    </UnitTestResult>
    <UnitTestResult executionId="6090633a-ae3b-4f68-b3a9-07e5e920b887" testId="5b2e1354-232e-2f5b-7e0d-951dce042ffa" testName="UNOPS.PAO.IntegrationTests.UnitTests.AdvancedSearchLogicTests.SearchCriteria_PropertyMapping_ShouldHandleNestedProperties" computerName="UNOPSGC520030" duration="00:00:00.0004939" startTime="2025-12-09T04:25:46.4353716+01:00" endTime="2025-12-09T04:25:46.4353719+01:00" testType="13cdc9d9-ddb5-4fa4-a97d-d965ccfc6d4b" outcome="Passed" testListId="8c84fa94-04c1-424b-9868-57a2d4851a1d" relativeResultsDirectory="6090633a-ae3b-4f68-b3a9-07e5e920b887" />
    <UnitTestResult executionId="488080b7-761c-4419-94dd-226ae0e3768b" testId="1ce837be-66c4-d512-46eb-cdb2a91c03d8" testName="UNOPS.PAO.IntegrationTests.UnitTests.InteractionFilterRequestTests.InteractionFilterRequest_ValidateInvalidDateRange_ShouldReturnError" computerName="UNOPSGC520030" duration="00:00:00.0055376" startTime="2025-12-09T04:25:41.9660135+01:00" endTime="2025-12-09T04:25:41.9660140+01:00" testType="13cdc9d9-ddb5-4fa4-a97d-d965ccfc6d4b" outcome="Passed" testListId="8c84fa94-04c1-424b-9868-57a2d4851a1d" relativeResultsDirectory="488080b7-761c-4419-94dd-226ae0e3768b" />
    <UnitTestResult executionId="fdc9630e-9dce-46dc-8241-febb4d4cd9fb" testId="1c4ab4d0-996a-67dd-4a5a-4c9042594afb" testName="UNOPS.PAO.IntegrationTests.UnitTests.Services.OrgUnitFilterServiceTests.GetUserDefaultOrgUnitIdAsync_WithInvalidUser_ReturnsNull" computerName="UNOPSGC520030" duration="00:00:00.0029005" startTime="2025-12-09T04:25:46.2482109+01:00" endTime="2025-12-09T04:25:46.2482110+01:00" testType="13cdc9d9-ddb5-4fa4-a97d-d965ccfc6d4b" outcome="Passed" testListId="8c84fa94-04c1-424b-9868-57a2d4851a1d" relativeResultsDirectory="fdc9630e-9dce-46dc-8241-febb4d4cd9fb" />
    <UnitTestResult executionId="a143b92b-1734-4976-bac7-97751a36a05c" testId="07bca809-1c83-e05f-92cf-d38bbec95bd8" testName="UNOPS.PAO.IntegrationTests.UnitTests.InteractionFilterRequestTests.InteractionFilterRequest_InterfaceImplementation_ShouldConvertDates" computerName="UNOPSGC520030" duration="00:00:00.0020499" startTime="2025-12-09T04:25:41.9617156+01:00" endTime="2025-12-09T04:25:41.9617166+01:00" testType="13cdc9d9-ddb5-4fa4-a97d-d965ccfc6d4b" outcome="Passed" testListId="8c84fa94-04c1-424b-9868-57a2d4851a1d" relativeResultsDirectory="a143b92b-1734-4976-bac7-97751a36a05c" />
    <UnitTestResult executionId="3966b5e0-103c-47ca-af1e-ca199f0a242d" testId="6efac19e-dc1d-7290-0ae7-3d9ac930a4d4" testName="UNOPS.PAO.IntegrationTests.Controllers.PartnerControllerTests.GetAll_StatusAndName_ReturnsIntersection" computerName="UNOPSGC520030" duration="00:00:00.0010000" startTime="2025-12-09T04:26:01.0436099+01:00" endTime="2025-12-09T04:26:01.0436101+01:00" testType="13cdc9d9-ddb5-4fa4-a97d-d965ccfc6d4b" outcome="NotExecuted" testListId="8c84fa94-04c1-424b-9868-57a2d4851a1d" relativeResultsDirectory="3966b5e0-103c-47ca-af1e-ca199f0a242d">
      <Output>
        <ErrorInfo>
          <Message>Skipping due to authorization issues in test environment</Message>
        </ErrorInfo>
      </Output>
    </UnitTestResult>
    <UnitTestResult executionId="8091fcd2-5816-410c-bd27-6c02b63c329b" testId="a441b501-b805-886b-ac66-b9379a97ec64" testName="UNOPS.PAO.IntegrationTests.UnitTests.Specifications.PartnerByOrgUnitWithRelationsSpecificationTests.Criteria_FiltersPartnersByDirectOrgUnitLink" computerName="UNOPSGC520030" duration="00:00:00.0868742" startTime="2025-12-09T04:25:46.2477433+01:00" endTime="2025-12-09T04:25:46.2477437+01:00" testType="13cdc9d9-ddb5-4fa4-a97d-d965ccfc6d4b" outcome="Failed" testListId="8c84fa94-04c1-424b-9868-57a2d4851a1d" relativeResultsDirectory="8091fcd2-5816-410c-bd27-6c02b63c329b">
      <Output>
        <ErrorInfo>
          <Message>Expected results to contain 1 item(s), but found 3: &#xD;
UNOPS.PAO.Domain.Entities.Partner&#xD;
    {&#xD;
        CanCreateNewOpportunities = True, &#xD;
        Contacts = {empty}, &#xD;
        CreatedBy = 0, &#xD;
        CreatedDate = &lt;2025-12-09 03:25:46.1597727&gt;, &#xD;
        DeletedBy = 0, &#xD;
        DeletedDate = &lt;null&gt;, &#xD;
        Documents = &lt;null&gt;, &#xD;
        DueDiligenceApproval = DueDiligenceApproval.NotApproved {value: 0}, &#xD;
        DueDiligenceApprovalDate = &lt;null&gt;, &#xD;
        DueDiligenceExpiryDate = &lt;null&gt;, &#xD;
        DueDiligenceRequired = DueDiligenceRequired.NotRequired {value: 0}, &#xD;
        ErpDimValue = &lt;null&gt;, &#xD;
        First5ContactsByDate = {empty}, &#xD;
        Id = 1, &#xD;
        IsApproved = False, &#xD;
        IsDeleted = False, &#xD;
        IsDueDiligenceExpiring = False, &#xD;
        KeyGlobalPartner = False, &#xD;
        LastModifiedBy = 0, &#xD;
        LastModifiedDate = &lt;2025-12-09 03:25:46.1597747&gt;, &#xD;
        LevyTreatment = &lt;null&gt;, &#xD;
        LiaisonOffice = &lt;null&gt;, &#xD;
        LiaisonOfficeId = 1, &#xD;
        LogoUrl = &lt;null&gt;, &#xD;
        Name = "Partner 1", &#xD;
        {&#xD;
        OrganizationUnitRelationships = UNOPS.PAO.Domain.Entities.OrganizationUnitRelationship&#xD;
            {&#xD;
                CreatedBy = 0, &#xD;
                CreatedDate = &lt;0001-01-01 00:00:00.000&gt;, &#xD;
                DeletedBy = 0, &#xD;
                DeletedDate = &lt;null&gt;, &#xD;
                EntityId = 1, &#xD;
                EntityType = "Partner", &#xD;
                Id = 0, &#xD;
                IsDeleted = False, &#xD;
                LastModifiedBy = 0, &#xD;
                LastModifiedDate = &lt;null&gt;, &#xD;
                Name = &lt;null&gt;, &#xD;
                OrganizationHierarchy = &lt;null&gt;, &#xD;
                OrganizationHierarchyId = 5, &#xD;
                Status = EntityStatus.Active {value: 1}&#xD;
                    }&#xD;
        }, &#xD;
        PartnerApprovalDate = &lt;null&gt;, &#xD;
        PartnerApprovalReference = &lt;null&gt;, &#xD;
        PartnerApprovalStatus = PartnerApprovalStatus.NotApproved {value: 0}, &#xD;
        PartnerApprovedBy = &lt;null&gt;, &#xD;
        PartnerCategoryId = 1, &#xD;
        PartnerCategoryInternalKey = {3cf59bcf-9398-400f-9ab0-85eac01f6353}, &#xD;
        PartnerCategoryKey = {10fa4f93-6839-460c-a9de-6aa7d32a7667}, &#xD;
        PartnerFocalPointUser = &lt;null&gt;, &#xD;
        PartnerFocalPointUserId = &lt;null&gt;, &#xD;
        PartnerGroup = &lt;null&gt;, &#xD;
        PartnerGroupId = &lt;null&gt;, &#xD;
        PartnerKey = {e514bbd7-c1d1-4cc2-888b-2acaeac320e5}, &#xD;
        PartnerLevyStatus = PartnerLevyStatus.DoesNotApply {value: 0}, &#xD;
        PartnerLongDescription = &lt;null&gt;, &#xD;
        PartnerOrgUnit = "", &#xD;
        PartnerShortDescription = "P1", &#xD;
        PartnerTypeKey = {aeff46b4-93b0-45d7-b289-62e112025258}, &#xD;
        PooledFund = False, &#xD;
        ReasonForLevy = &lt;null&gt;, &#xD;
        ReasonForNoNewOpportunity = &lt;null&gt;, &#xD;
        Status = EntityStatus.Active {value: 1}, &#xD;
        UNAndStateEntity = False, &#xD;
        UNSecretariatPartner = False, &#xD;
        UniqueKey = {805761f6-58a8-44ff-a2dc-a0b5ee0af9e2}&#xD;
    }UNOPS.PAO.Domain.Entities.Partner&#xD;
    {&#xD;
[...]
      </RunInfo>
      <RunInfo computerName="UNOPSGC520030" outcome="Warning" timestamp="2025-12-09T04:25:48.8831942+01:00">
        <Text>[xUnit.net 00:00:12.53]     UNOPS.PAO.IntegrationTests.IntegrationTests.Controllers.PartnerControllerOrgUnitFilterTests.GetAll_WithAdvancedSearchAndOrgUnitId_CombinesFilters [SKIP]</Text>
      </RunInfo>
      <RunInfo computerName="UNOPSGC520030" outcome="Warning" timestamp="2025-12-09T04:25:48.8859678+01:00">
        <Text>[xUnit.net 00:00:12.53]     UNOPS.PAO.IntegrationTests.IntegrationTests.Controllers.PartnerControllerOrgUnitFilterTests.GetAll_WithIndirectRelations_IncludesPartnersViaContacts [SKIP]</Text>
      </RunInfo>
      <RunInfo computerName="UNOPSGC520030" outcome="Error" timestamp="2025-12-09T04:25:49.5614851+01:00">
        <Text>[xUnit.net 00:00:12.56]     UNOPS.PAO.IntegrationTests.UnitTests.Specifications.ContactByOrgUnitHierarchySpecificationTests.Criteria_FiltersContactsByPartnerOrgUnit [FAIL]</Text>
      </RunInfo>
      <RunInfo computerName="UNOPSGC520030" outcome="Error" timestamp="2025-12-09T04:25:49.7164088+01:00">
        <Text>[xUnit.net 00:00:12.58]     UNOPS.PAO.IntegrationTests.UnitTests.Specifications.ContactByOrgUnitHierarchySpecificationTests.Criteria_ExcludesContactsWherePartnerHasNullOfficeId [FAIL]</Text>
      </RunInfo>
      <RunInfo computerName="UNOPSGC520030" outcome="Error" timestamp="2025-12-09T04:25:49.8417514+01:00">
        <Text>[xUnit.net 00:00:12.63]     UNOPS.PAO.IntegrationTests.UnitTests.Specifications.ContactByOrgUnitHierarchySpecificationTests.Criteria_WithMultipleOrgUnitIds_FiltersCorrectly [FAIL]</Text>
      </RunInfo>
      <RunInfo computerName="UNOPSGC520030" outcome="Error" timestamp="2025-12-09T04:25:51.8188814+01:00">
        <Text>[xUnit.net 00:00:13.40]     UNOPS.PAO.IntegrationTests.UnitTests.Managers.UNOPSPartnerManagerTests.GetPartnersWithSpecificationAsync_WithoutOrgUnitId_ReturnsAllPermittedPartners [FAIL]</Text>
      </RunInfo>
      <RunInfo computerName="UNOPSGC520030" outcome="Error" timestamp="2025-12-09T04:25:51.8193063+01:00">
        <Text>[xUnit.net 00:00:13.40]     UNOPS.PAO.IntegrationTests.UnitTests.Managers.UNOPSPartnerManagerTests.TestDataPersistence_VerifyPartnersAreSavedCorrectly [FAIL]</Text>
      </RunInfo>
      <RunInfo computerName="UNOPSGC520030" outcome="Error" timestamp="2025-12-09T04:25:51.8201709+01:00">
        <Text>[xUnit.net 00:00:13.40]     UNOPS.PAO.IntegrationTests.UnitTests.Managers.UNOPSPartnerManagerTests.GetPartnersWithSpecificationAsync_WithOrgUnitIdButNoHierarchy_IncludesIndirectRelations [FAIL]</Text>
      </RunInfo>
      <RunInfo computerName="UNOPSGC520030" outcome="Error" timestamp="2025-12-09T04:25:51.8204371+01:00">
        <Text>[xUnit.net 00:00:13.40]     UNOPS.PAO.IntegrationTests.UnitTests.Managers.UNOPSPartnerManagerTests.GetPartnersWithSpecificationAsync_WhenHierarchyServiceNotAvailable_LogsWarningAndSkipsOrgUnitFilter [FAIL]</Text>
      </RunInfo>
      <RunInfo computerName="UNOPSGC520030" outcome="Error" timestamp="2025-12-09T04:25:51.8206695+01:00">
        <Text>[xUnit.net 00:00:13.40]     UNOPS.PAO.IntegrationTests.UnitTests.Managers.UNOPSPartnerManagerTests.GetPartnersWithSpecificationAsync_WithPagination_ReturnsCorrectPage [FAIL]</Text>
      </RunInfo>
      <RunInfo computerName="UNOPSGC520030" outcome="Error" timestamp="2025-12-09T04:25:51.8209526+01:00">
        <Text>[xUnit.net 00:00:13.41]     UNOPS.PAO.IntegrationTests.UnitTests.Managers.UNOPSPartnerManagerTests.GetPartnersWithSpecificationAsync_WithOrgUnitId_FiltersPartnersByOrgUnitHierarchy [FAIL]</Text>
      </RunInfo>
      <RunInfo computerName="UNOPSGC520030" outcome="Error" timestamp="2025-12-09T04:25:51.8214201+01:00">
        <Text>[xUnit.net 00:00:13.41]     UNOPS.PAO.IntegrationTests.UnitTests.Managers.UNOPSPartnerManagerTests.TestSimpleGetPartnersWithSpecification_ReturnsData [FAIL]</Text>
      </RunInfo>
      <RunInfo computerName="UNOPSGC520030" outcome="Error" timestamp="2025-12-09T04:25:51.8217525+01:00">
        <Text>[xUnit.net 00:00:13.41]     UNOPS.PAO.IntegrationTests.UnitTests.Managers.UNOPSPartnerManagerTests.GetPartnersWithSpecificationAsync_WithOrgUnitIdAndOtherFilters_AppliesSpecificationOnly [FAIL]</Text>
      </RunInfo>
      <RunInfo computerName="UNOPSGC520030" outcome="Error" timestamp="2025-12-09T04:25:59.5593333+01:00">
        <Text>[xUnit.net 00:00:25.77]     UNOPS.PAO.IntegrationTests.Controllers.PartnerControllerTests.NewAdvancedSearch_BooleanSearch_ReturnsCorrectResults [FAIL]</Text>
      </RunInfo>
      <RunInfo computerName="UNOPSGC520030" outcome="Error" timestamp="2025-12-09T04:26:01.3658628+01:00">
        <Text>[xUnit.net 00:00:27.26]     UNOPS.PAO.IntegrationTests.Controllers.PartnerControllerTests.NewAdvancedSearch_CombinedNestedAndDirectSimilarity_ComplexSearch [FAIL]</Text>
      </RunInfo>
      <RunInfo computerName="UNOPSGC520030" outcome="Warning" timestamp="2025-12-09T04:26:01.6186461+01:00">
        <Text>[xUnit.net 00:00:27.26]     UNOPS.PAO.IntegrationTests.Controllers.PartnerControllerTests.GetAll_StatusAndName_ReturnsIntersection [SKIP]</Text>
      </RunInfo>
      <RunInfo computerName="UNOPSGC520030" outcome="Error" timestamp="2025-12-09T04:26:03.4546651+01:00">
        <Text>[xUnit.net 00:00:27.39]     UNOPS.PAO.IntegrationTests.Controllers.PartnerControllerTests.NewAdvancedSearch_CollectionPropertySimilarity_FindsTyposInContactNames [FAIL]</Text>
      </RunInfo>
      <RunInfo computerName="UNOPSGC520030" outcome="Error" timestamp="2025-12-09T04:26:03.7962214+01:00">
        <Text>[xUnit.net 00:00:27.51]     UNOPS.PAO.IntegrationTests.Controllers.PartnerControllerTests.NewAdvancedSearch_PaginationWorks_ReturnsCorrectPage [FAIL]</Text>
      </RunInfo>
      <RunInfo computerName="UNOPSGC520030" outcome="Error" timestamp="2025-12-09T04:26:04.1303464+01:00">
        <Text>[xUnit.net 00:00:27.65]     UNOPS.PAO.IntegrationTests.Controllers.PartnerControllerTests.NewAdvancedSearch_MultipleAndConditions_ReturnsCorrectResults [FAIL]</Text>
      </RunInfo>
      <RunInfo computerName="UNOPSGC520030" outcome="Warning" timestamp="2025-12-09T04:26:04.3473960+01:00">
        <Text>[xUnit.net 00:00:27.65]     UNOPS.PAO.IntegrationTests.Controllers.PartnerControllerTests.GetAll_InvalidPageIndex_ReturnsError [SKIP]</Text>
      </RunInfo>
      <RunInfo computerName="UNOPSGC520030" outcome="Error" timestamp="2025-12-09T04:26:04.5482807+01:00">
        <Text>[xUnit.net 00:00:27.79]     UNOPS.PAO.IntegrationTests.Controllers.PartnerControllerTests.NewAdvancedSearch_MultipleCollectionPropertiesSimilarity_TestsAllContactFields [FAIL]</Text>
      </RunInfo>
      <RunInfo computerName="UNOPSGC520030" outcome="Error" timestamp="2025-12-09T04:26:04.7821844+01:00">
        <Text>[xUnit.net 00:00:27.85]     UNOPS.PAO.IntegrationTests.Controllers.PartnerControllerTests.NewAdvancedSearch_DeepNestedPropertySimilarity_HandlesComplexPaths [FAIL]</Text>
      </RunInfo>
      <RunInfo computerName="UNOPSGC520030" outcome="Error" timestamp="2025-12-09T04:26:04.9763524+01:00">
        <Text>[xUnit.net 00:00:28.04]     UNOPS.PAO.IntegrationTests.Controllers.PartnerControllerTests.NewAdvancedSearch_CollectionPropertyEmail_SimilaritySearch [FAIL]</Text>
      </RunInfo>
      <RunInfo computerName="UNOPSGC520030" outcome="Error" timestamp="2025-12-09T04:26:05.1286254+01:00">
        <Text>[xUnit.net 00:00:28.15]     UNOPS.PAO.IntegrationTests.Controllers.PartnerControllerTests.NewAdvancedSearch_InvalidFieldName_ReturnsError [FAIL]</Text>
      </RunInfo>
      <RunInfo computerName="UNOPSGC520030" outcome="Warning" timestamp="2025-12-09T04:26:05.2546028+01:00">
        <Text>[xUnit.net 00:00:28.16]     UNOPS.PAO.IntegrationTests.Controllers.PartnerControllerTests.GetAll_NoFilters_ReturnsAllPartners [SKIP]</Text>
      </RunInfo>
      <RunInfo computerName="UNOPSGC520030" outcome="Warning" timestamp="2025-12-09T04:26:11.0278355+01:00">
        <Text>[xUnit.net 00:00:28.17]     UNOPS.PAO.IntegrationTests.Controllers.PartnerControllerTests.GetAll_InvalidPageSize_ReturnsError [SKIP]</Text>
      </RunInfo>
      <RunInfo computerName="UNOPSGC520030" outcome="Error" timestamp="2025-12-09T04:26:11.0549045+01:00">
        <Text>[xUnit.net 00:00:28.28]     UNOPS.PAO.IntegrationTests.Controllers.PartnerControllerTests.NewAdvancedSearch_InvalidSearchCriteria_ReturnsBadRequest [FAIL]</Text>
      </RunInfo>
      <RunInfo computerName="UNOPSGC520030" outcome="Error" timestamp="2025-12-09T04:26:11.0825408+01:00">
        <Text>[xUnit.net 00:00:28.38]     UNOPS.PAO.IntegrationTests.Controllers.PartnerControllerTests.NewAdvancedSearch_NestedPropertySimilarity_FindsTyposInPartnerGroupName [FAIL]</Text>
      </RunInfo>
      <RunInfo computerName="UNOPSGC520030" outcome="Error" timestamp="2025-12-09T04:26:11.1265635+01:00">
        <Text>[xUnit.net 00:00:28.58]     UNOPS.PAO.IntegrationTests.Controllers.PartnerControllerTests.NewAdvancedSearch_NestedPropertyExactMatch_WorksCorrectly [FAIL]</Text>
      </RunInfo>
      <RunInfo computerName="UNOPSGC520030" outcome="Error" timestamp="2025-12-09T04:26:11.1563546+01:00">
        <Text>[xUnit.net 00:00:28.71]     UNOPS.PAO.IntegrationTests.Controllers.PartnerControllerTests.NewAdvancedSearch_NestedPropertiesWithSpecialCharacters_SimilarityHandling [FAIL]</Text>
      </RunInfo>
      <RunInfo computerName="UNOPSGC520030" outcome="Error" timestamp="2025-12-09T04:26:11.3900938+01:00">
        <Text>[xUnit.net 00:00:28.80]     UNOPS.PAO.IntegrationTests.Controllers.PartnerControllerTests.NewAdvancedSearch_SimilaritySearch_FindsTypos [FAIL]</Text>
      </RunInfo>
      <RunInfo computerName="UNOPSGC520030" outcome="Warning" timestamp="2025-12-09T04:26:11.4066937+01:00">
        <Text>[xUnit.net 00:00:28.81]     UNOPS.PAO.IntegrationTests.Controllers.PartnerControllerTests.GetAll_Pagination_SecondPage_ReturnsCorrectResults [SKIP]</Text>
      </RunInfo>
      <RunInfo computerName="UNOPSGC520030" outcome="Error" timestamp="2025-12-09T04:26:11.4164857+01:00">
        <Text>[xUnit.net 00:00:28.90]     UNOPS.PAO.IntegrationTests.Controllers.PartnerControllerTests.NewAdvancedSearch_BasicTextSearch_ReturnsMatchingPartners [FAIL]</Text>
      </RunInfo>
      <RunInfo computerName="UNOPSGC520030" outcome="Warning" timestamp="2025-12-09T04:26:11.4391272+01:00">
        <Text>[xUnit.net 00:00:28.96]     UNOPS.PAO.IntegrationTests.Controllers.PartnerControllerTests.GetAll_FilterByStatus_Active_ReturnsOnlyActivePartners [SKIP]</Text>
      </RunInfo>
      <RunInfo computerName="UNOPSGC520030" outcome="Error" timestamp="2025-12-09T04:26:12.1152160+01:00">
        <Text>[xUnit.net 00:00:29.11]     UNOPS.PAO.IntegrationTests.Controllers.PartnerControllerTests.NewAdvancedSearch_DateRangeSearch_ReturnsCorrectResults [FAIL]</Text>
      </RunInfo>
      <RunInfo computerName="UNOPSGC520030" outcome="Warning" timestamp="2025-12-09T04:26:12.1362968+01:00">
        <Text>[xUnit.net 00:00:29.11]     UNOPS.PAO.IntegrationTests.Controllers.PartnerControllerTests.Create_ValidPartner_ReturnsCreated [SKIP]</Text>
      </RunInfo>
      <RunInfo computerName="UNOPSGC520030" outcome="Warning" timestamp="2025-12-09T04:26:12.1614083+01:00">
        <Text>[xUnit.net 00:00:29.11]     UNOPS.PAO.IntegrationTests.Controllers.PartnerControllerTests.GetAll_FilterBySearchText_SearchesNameAndShortName [SKIP]</Text>
      </RunInfo>
      <RunInfo computerName="UNOPSGC520030" outcome="Warning" timestamp="2025-12-09T04:26:12.1856188+01:00">
        <Text>[xUnit.net 00:00:29.12]     UNOPS.PAO.IntegrationTests.Controllers.PartnerControllerTests.GetAll_FilterByStatus_Inactive_ReturnsOnlyInactivePartners [SKIP]</Text>
      </RunInfo>
      <RunInfo computerName="UNOPSGC520030" outcome="Error" timestamp="2025-12-09T04:26:12.2093433+01:00">
        <Text>[xUnit.net 00:00:29.25]     UNOPS.PAO.IntegrationTests.Controllers.PartnerControllerTests.NewAdvancedSearch_ContactsSearch_ReturnsPartnersWithMatchingContacts [FAIL]</Text>
      </RunInfo>
      <RunInfo computerName="UNOPSGC520030" outcome="Error" timestamp="2025-12-09T04:26:12.2305589+01:00">
        <Text>[xUnit.net 00:00:29.39]     UNOPS.PAO.IntegrationTests.Controllers.PartnerControllerTests.NewAdvancedSearch_CaseInsensitiveSearch_ReturnsResults [FAIL]</Text>
      </RunInfo>
      <RunInfo computerName="UNOPSGC520030" outcome="Error" timestamp="2025-12-09T04:26:12.3070491+01:00">
        <Text>[xUnit.net 00:00:29.49]     UNOPS.PAO.IntegrationTests.Controllers.PartnerControllerTests.NewAdvancedSearch_PartnerDescriptionSearch_ReturnsResults [FAIL]</Text>
      </RunInfo>
      <RunInfo computerName="UNOPSGC520030" outcome="Warning" timestamp="2025-12-09T04:26:12.3406809+01:00">
        <Text>[xUnit.net 00:00:29.50]     UNOPS.PAO.IntegrationTests.Controllers.PartnerControllerTests.Get_ExistingPartner_ReturnsPartner [SKIP]</Text>
      </RunInfo>
      <RunInfo computerName="UNOPSGC520030" outcome="Warning" timestamp="2025-12-09T04:26:12.3731370+01:00">
        <Text>[xUnit.net 00:00:29.50]     UNOPS.PAO.IntegrationTests.Controllers.PartnerControllerTests.GetAll_FilterByName_ReturnsMatchingPartners [SKIP]</Text>
      </RunInfo>
      <RunInfo computerName="UNOPSGC520030" outcome="Warning" timestamp="2025-12-09T04:26:12.7674172+01:00">
        <Text>[xUnit.net 00:00:29.50]     UNOPS.PAO.IntegrationTests.Controllers.PartnerControllerTests.Delete_ExistingPartner_ReturnsNoContent [SKIP]</Text>
      </RunInfo>
      <RunInfo computerName="UNOPSGC520030" outcome="Warning" timestamp="2025-12-09T04:26:12.7702986+01:00">
        <Text>[xUnit.net 00:00:29.50]     UNOPS.PAO.IntegrationTests.Controllers.PartnerControllerTests.GetAll_MultipleFilters_AppliesAllFilters [SKIP]</Text>
      </RunInfo>
      <RunInfo computerName="UNOPSGC520030" outcome="Error" timestamp="2025-12-09T04:26:12.7728853+01:00">
        <Text>[xUnit.net 00:00:29.58]     UNOPS.PAO.IntegrationTests.Controllers.PartnerControllerTests.NewAdvancedSearch_OrConditions_ReturnsUnionOfResults [FAIL]</Text>
      </RunInfo>
      <RunInfo computerName="UNOPSGC520030" outcome="Warning" timestamp="2025-12-09T04:26:12.7889175+01:00">
        <Text>[xUnit.net 00:00:29.59]     UNOPS.PAO.IntegrationTests.Controllers.PartnerControllerTests.GetAll_NoMatchingResults_ReturnsEmptyList [SKIP]</Text>
      </RunInfo>
      <RunInfo computerName="UNOPSGC520030" outcome="Warning" timestamp="2025-12-09T04:26:12.8267342+01:00">
        <Text>[xUnit.net 00:00:29.59]     UNOPS.PAO.IntegrationTests.Controllers.PartnerControllerTests.GetAll_OrderByName_Ascending_ReturnsSortedResults [SKIP]</Text>
      </RunInfo>
      <RunInfo computerName="UNOPSGC520030" outcome="Warning" timestamp="2025-12-09T04:26:12.8521866+01:00">
        <Text>[xUnit.net 00:00:29.59]     UNOPS.PAO.IntegrationTests.Controllers.PartnerControllerTests.GetAll_OrderByStatus_ReturnsSortedResults [SKIP]</Text>
      </RunInfo>
      <RunInfo computerName="UNOPSGC520030" outcome="Error" timestamp="2025-12-09T04:26:12.8774130+01:00">
        <Text>[xUnit.net 00:00:29.66]     UNOPS.PAO.IntegrationTests.Controllers.PartnerControllerTests.NewAdvancedSearch_EmptySearchCriteria_ReturnsAllPartners [FAIL]</Text>
      </RunInfo>
      <RunInfo computerName="UNOPSGC520030" outcome="Warning" timestamp="2025-12-09T04:26:12.9183876+01:00">
        <Text>[xUnit.net 00:00:29.67]     UNOPS.PAO.IntegrationTests.Controllers.PartnerControllerTests.GetAll_AdvancedSearch_WithSearchCriteria_ReturnsFilteredResults [SKIP]</Text>
      </RunInfo>
      <RunInfo computerName="UNOPSGC520030" outcome="Warning" timestamp="2025-12-09T04:26:13.0083364+01:00">
        <Text>[xUnit.net 00:00:29.67]     UNOPS.PAO.IntegrationTests.Controllers.PartnerControllerTests.GetAll_FilterBySearchText_ShortName_ReturnsMatchingPartner [SKIP]</Text>
      </RunInfo>
      <RunInfo computerName="UNOPSGC520030" outcome="Warning" timestamp="2025-12-09T04:26:13.1973233+01:00">
        <Text>[xUnit.net 00:00:29.67]     UNOPS.PAO.IntegrationTests.Controllers.PartnerControllerTests.Update_ExistingPartner_ReturnsOk [SKIP]</Text>
      </RunInfo>
      <RunInfo computerName="UNOPSGC520030" outcome="Warning" timestamp="2025-12-09T04:26:13.1998041+01:00">
        <Text>[xUnit.net 00:00:29.67]     UNOPS.PAO.IntegrationTests.Controllers.PartnerControllerTests.GetAll_Pagination_PageSizeLargerThanTotal_ReturnsAllResults [SKIP]</Text>
      </RunInfo>
      <RunInfo computerName="UNOPSGC520030" outcome="Warning" timestamp="2025-12-09T04:26:13.2014039+01:00">
        <Text>[xUnit.net 00:00:29.67]     UNOPS.PAO.IntegrationTests.Controllers.PartnerControllerTests.GetAll_OrderByName_Descending_ReturnsSortedResults [SKIP]</Text>
      </RunInfo>
      <RunInfo computerName="UNOPSGC520030" outcome="Error" timestamp="2025-12-09T04:26:13.2047910+01:00">
        <Text>[xUnit.net 00:00:29.88]     UNOPS.PAO.IntegrationTests.Controllers.PartnerControllerTests.NewAdvancedSearch_NestedPropertyCaseInsensitive_WithSimilarity [FAIL]</Text>
      </RunInfo>
      <RunInfo computerName="UNOPSGC520030" outcome="Warning" timestamp="2025-12-09T04:26:13.2120467+01:00">
        <Text>[xUnit.net 00:00:29.88]     UNOPS.PAO.IntegrationTests.Controllers.PartnerControllerTests.GetAll_FilterByOrgUnitId_ReturnsPartnersInOrgUnit [SKIP]</Text>
      </RunInfo>
      <RunInfo computerName="UNOPSGC520030" outcome="Warning" timestamp="2025-12-09T04:26:13.2460096+01:00">
        <Text>[xUnit.net 00:00:29.88]     UNOPS.PAO.IntegrationTests.Controllers.PartnerControllerTests.GetAll_EmptySearchText_ReturnsAllResults [SKIP]</Text>
      </RunInfo>
      <RunInfo computerName="UNOPSGC520030" outcome="Error" timestamp="2025-12-09T04:26:13.2640353+01:00">
        <Text>[xUnit.net 00:00:30.02]     UNOPS.PAO.IntegrationTests.Controllers.PartnerControllerTests.NewAdvancedSearch_NavigationPropertySearch_ReturnsCorrectResults [FAIL]</Text>
      </RunInfo>
      <RunInfo computerName="UNOPSGC520030" outcome="Warning" timestamp="2025-12-09T04:26:13.2748511+01:00">
        <Text>[xUnit.net 00:00:30.02]     UNOPS.PAO.IntegrationTests.Controllers.PartnerControllerTests.GetAll_Pagination_FirstPage_ReturnsCorrectResults [SKIP]</Text>
      </RunInfo>
      <RunInfo computerName="UNOPSGC520030" outcome="Error" timestamp="2025-12-09T04:26:13.2816438+01:00">
        <Text>[xUnit.net 00:00:30.13]     UNOPS.PAO.IntegrationTests.Controllers.PartnerControllerTests.NewAdvancedSearch_NumericComparisons_ReturnsCorrectResults [FAIL]</Text>
      </RunInfo>
      <RunInfo computerName="UNOPSGC520030" outcome="Warning" timestamp="2025-12-09T04:26:13.3392069+01:00">
        <Text>[xUnit.net 00:00:30.13]     UNOPS.PAO.IntegrationTests.Controllers.PartnerControllerTests.GetAll_SimpleTextSearch_WithSearchTextParameter_ReturnsFilteredResults [SKIP]</Text>
      </RunInfo>
      <RunInfo computerName="UNOPSGC520030" outcome="Warning" timestamp="2025-12-09T04:26:13.3503903+01:00">
        <Text>[xUnit.net 00:00:30.13]     UNOPS.PAO.IntegrationTests.Controllers.PartnerControllerTests.Get_NonExistentPartner_ReturnsNotFound [SKIP]</Text>
      </RunInfo>
      <RunInfo computerName="UNOPSGC520030" outcome="Warning" timestamp="2025-12-09T04:26:13.3663372+01:00">
        <Text>[xUnit.net 00:00:30.13]     UNOPS.PAO.IntegrationTests.Controllers.PartnerControllerTests.GetAll_NonExistentStatus_ReturnsEmptyResults [SKIP]</Text>
      </RunInfo>
      <RunInfo computerName="UNOPSGC520030" outcome="Error" timestamp="2025-12-09T04:26:13.3927512+01:00">
        <Text>[xUnit.net 00:00:30.26]     UNOPS.PAO.IntegrationTests.Controllers.PartnerControllerTests.NewAdvancedSearch_ComplexMixedCriteria_ReturnsCorrectResults [FAIL]</Text>
      </RunInfo>
    </RunInfos>
  </ResultSummary>
</TestRun>